>> Local Products Rules ..... started
>> Local Products Rules ..... done
>> Building CMSSW version CMSSW_7_5_0_pre1 ----
------- copying files from src/L1Trigger/L1TNtuples/scripts -------
>> Subsystem L2uGT_28052015 built
>> copied BitSynchro.sh
------- copying files from src/CondTools/L1Trigger/scripts -------
>> Subsystem TTEmulator built
>> copied GenerateMacro.sh
------- copying files from src/HLTrigger/Configuration/scripts -------
>> copied getConditions-l1Key.sh
>> copied getConditions-runnum.sh
>> copied edmPluginCoverage
>> copied GetLumi.py
>> copied getConditions.sh
>> copied extend_argparse.py
>> copied harvest.py
>> copied getKeys.sh
>> copied hltCheckPrescaleModules
>> copied getNextO2OWBM.sh
>> copied l1analysis.sh
>> copied hltCompareResults
>> copied getNextTscKeyByID.sh
>> copied setup.csh
>> copied hltConfigFromDB
>> copied getNextTscKeyByRun.sh
>> copied setup.sh
>> copied hltDumpStream
>> copied hltFindDuplicates
>> copied getNextTscKeyByTimestamp.sh
>> copied submit.py
>> copied getValidTscKeys.sh
>> copied hltGetConfiguration
>> copied submitTask.py
>> copied hltGetRawConfiguration
>> copied o2o-setIOV-l1Key.sh
>> copied theScript.sh
>> copied hltIntegrationTests
>> copied o2o-setIOV.sh
>> copied hltListPaths
>> copied o2o-tscKey.sh
------- copying files from src/DataFormats/FWLite/scripts -------
>> copied runL1-O2O-init.sh
>> copied edmLumisInFiles.py
>> copied runL1-O2O-iov.sh
>> copied runL1-O2O-key.sh
>> copied runL1-O2O-rs-keysFromFile.sh
>> copied runL1-O2O-rs-keysFromL1Key.sh
>> copied runL1-O2O-rs.sh
>> copied validate-l1Key.sh
>> copied validate-o2o-wbm.py
>> copied validate-o2o-wbm.sh
>> copied wbm.sh
>> Subsystem BigProducts built
>> Entering Package CondFormats/L1TObjects
>> Creating project symlinks
  src/EventFilter/L1TRawToDigi/python -> python/EventFilter/L1TRawToDigi
  src/L1Trigger/Configuration/python -> python/L1Trigger/Configuration
  src/L1Trigger/L1GctAnalyzer/python -> python/L1Trigger/L1GctAnalyzer
>> Entering Package DataFormats/L1GlobalCaloTrigger
  src/L1Trigger/L1TCalorimeter/python -> python/L1Trigger/L1TCalorimeter
>> Entering Package DataFormats/Common
  src/L1Trigger/L1TCommon/python -> python/L1Trigger/L1TCommon
>> Entering Package DataFormats/Provenance
>> Entering Package DataFormats/StdDictionaries
  src/L1Trigger/L1TGlobal/python -> python/L1Trigger/L1TGlobal
  src/L1Trigger/RegionalCaloTrigger/python -> python/L1Trigger/RegionalCaloTrigger
>> Entering Package DataFormats/L1CaloTrigger
>> Entering Package DataFormats/DetId
  src/L1Trigger/L1TNtuples/python -> python/L1Trigger/L1TNtuples
>> Entering Package DataFormats/L1GlobalMuonTrigger
  src/L1TriggerConfig/GctConfigProducers/python -> python/L1TriggerConfig/GctConfigProducers
>> Entering Package DataFormats/L1GlobalTrigger
  src/L1TriggerConfig/L1GtConfigProducers/python -> python/L1TriggerConfig/L1GtConfigProducers
>> Entering Package DataFormats/MuonDetId
  src/CondTools/L1Trigger/python -> python/CondTools/L1Trigger
>> Entering Package EventFilter/L1TRawToDigi
  src/Configuration/StandardSequences/python -> python/Configuration/StandardSequences
  src/HLTrigger/Configuration/python -> python/HLTrigger/Configuration
  src/SLHCUpgradeSimulations/Configuration/python -> python/SLHCUpgradeSimulations/Configuration
  src/DataFormats/FWLite/python -> python/DataFormats/FWLite
>> Entering Package DataFormats/FEDRawData
>> Entering Package DataFormats/L1TCalorimeter
>> Entering Package DataFormats/Candidate
>> Entering Package DataFormats/Math
>> Entering Package DataFormats/L1Trigger
>> Entering Package L1Trigger/L1TCalorimeter
>> Entering Package L1Trigger/L1TGlobal
>> Entering Package DataFormats/L1TGlobal
>> Entering Package L1Trigger/Configuration
>> Entering Package L1Trigger/L1GctAnalyzer
>> Entering Package CondTools/L1Trigger
>> Entering Package DataFormats/CLHEP
>> Entering Package DataFormats/CaloTowers
>> Entering Package DataFormats/EcalDetId
>> Entering Package DataFormats/EcalDigi
>> Entering Package DataFormats/EcalRecHit
>> Entering Package DataFormats/CaloRecHit
>> Entering Package DataFormats/GeometryVector
>> Entering Package DataFormats/HcalDetId
>> Entering Package DataFormats/HcalDigi
>> Entering Package DataFormats/JetReco
>> Entering Package DataFormats/HepMCCandidate
>> Entering Package DataFormats/ParticleFlowCandidate
>> Entering Package DataFormats/CSCRecHit
>> Entering Package DataFormats/TrackingRecHit
>> Entering Package DataFormats/GeometrySurface
>> Entering Package DataFormats/DTRecHit
>> Entering Package DataFormats/DTDigi
>> Entering Package DataFormats/EgammaCandidates
>> Entering Package DataFormats/EgammaReco
>> Entering Package DataFormats/TrackReco
>> Entering Package DataFormats/BeamSpot
>> Entering Package DataFormats/SiPixelDetId
>> Entering Package DataFormats/SiStripDetId
>> Entering Package DataFormats/TrackCandidate
>> Entering Package DataFormats/TrajectorySeed
>> Entering Package DataFormats/GeometryCommonDetAlgo
>> Entering Package DataFormats/RecoCandidate
>> Entering Package DataFormats/TrackerRecHit2D
>> Entering Package DataFormats/VertexReco
>> Entering Package DataFormats/GsfTrackReco
>> Entering Package DataFormats/ParticleFlowReco
>> Entering Package DataFormats/METReco
>> Entering Package L1Trigger/L1TCommon
>> Entering Package L1TriggerConfig/L1GtConfigProducers
>> Entering Package DataFormats/Streamer
>> Entering Package L1Trigger/RegionalCaloTrigger
>> Entering Package L1Trigger/L1TNtuples
>> Entering Package DataFormats/CSCDigi
>> Entering Package DataFormats/L1CSCTrackFinder
>> Entering Package DataFormats/L1DTTrackFinder
>> Entering Package DataFormats/MuonReco
>> Entering Package DataFormats/RPCRecHit
>> Entering Package DataFormats/SiPixelCluster
>> Entering Package DataFormats/SiPixelDigi
>> Entering Package DataFormats/SiStripCluster
>> Entering Package DataFormats/SiStripCommon
>> Entering Package DataFormats/TrackerCommon
>> Entering Package DataFormats/TrajectoryState
>> Entering Package L1TriggerConfig/GctConfigProducers
>> Entering Package CondCore/L1TPlugins
>> Entering Package Configuration/StandardSequences
>> Entering Package HLTrigger/Configuration
>> Entering Package SLHCUpgradeSimulations/Configuration
>> Entering Package DataFormats/Alignment
>> Entering Package DataFormats/BTauReco
>> Entering Package DataFormats/CastorReco
>> Entering Package DataFormats/WrappedStdDictionaries
>> Entering Package DataFormats/EcalRawData
>> Entering Package DataFormats/EgammaTrackReco
>> Entering Package DataFormats/FP420Cluster
>> Entering Package DataFormats/FP420Digi
>> Entering Package DataFormats/FWLite
>> Entering Package DataFormats/TestObjects
>> Entering Package DataFormats/GEMDigi
>> Entering Package DataFormats/GEMRecHit
>> Entering Package DataFormats/HLTReco
>> Entering Package DataFormats/HcalCalibObjects
>> Entering Package DataFormats/HcalIsolatedTrack
>> Entering Package DataFormats/HcalRecHit
>> Entering Package DataFormats/HeavyIonEvent
>> Entering Package DataFormats/Histograms
>> Entering Package DataFormats/L1TrackTrigger
>> Entering Package DataFormats/LTCDigi
>> Entering Package DataFormats/Luminosity
>> Entering Package DataFormats/PatCandidates
>> Entering Package DataFormats/TauReco
>> Entering Package DataFormats/MuonData
>> Entering Package DataFormats/MuonSeed
>> Entering Package DataFormats/Phase2TrackerDigi
>> Entering Package DataFormats/RPCDigi
>> Entering Package DataFormats/Scalers
>> Entering Package DataFormats/SiPixelRawData
>> Entering Package DataFormats/SiStripDigi
>> Entering Package DataFormats/TrackingSeed
>> Entering Package DataFormats/V0Candidate
>> Entering Package DataFormats/VZero
>> Generating CondFormat Serialization code from header file src/CondFormats/L1TObjects/src/headers.h 
>> Building shared library tmp/slc6_amd64_gcc491/src/DataFormats/L1GlobalCaloTrigger/src/DataFormatsL1GlobalCaloTrigger/libDataFormatsL1GlobalCaloTrigger.so
>> Compiling  /afs/cern.ch/user/t/tjames/cmssw/CMSSW_7_5_0_pre1/src/CondFormats/L1TObjects/test/testSerializationL1TObjects.cpp 
>> Compiling edm plugin /afs/cern.ch/user/t/tjames/cmssw/CMSSW_7_5_0_pre1/src/EventFilter/L1TRawToDigi/plugins/L1TDigiToRaw.cc 
Copying tmp/slc6_amd64_gcc491/src/DataFormats/L1GlobalCaloTrigger/src/DataFormatsL1GlobalCaloTrigger/libDataFormatsL1GlobalCaloTrigger.so to productstore area:
Leaving library rule at DataFormats/L1GlobalCaloTrigger
>> Compiling edm plugin /afs/cern.ch/user/t/tjames/cmssw/CMSSW_7_5_0_pre1/src/EventFilter/L1TRawToDigi/plugins/L1TRawToDigi.cc 
Traceback (most recent call last):
  File "/cvmfs/cms.cern.ch/slc6_amd64_gcc491/cms/cmssw/CMSSW_7_5_0_pre1/src/CondFormats/Serialization/python/condformats_serialization_generate.py", line 567, in <module>
    main()
  File "/cvmfs/cms.cern.ch/slc6_amd64_gcc491/cms/cmssw/CMSSW_7_5_0_pre1/src/CondFormats/Serialization/python/condformats_serialization_generate.py", line 564, in main
    SerializationCodeGenerator( scramFlags=args[1:] ).generate( opts.output )
  File "/cvmfs/cms.cern.ch/slc6_amd64_gcc491/cms/cmssw/CMSSW_7_5_0_pre1/src/CondFormats/Serialization/python/condformats_serialization_generate.py", line 523, in generate
    raise Exception('No serializable classes found, while this package has a headers.h file.')
Exception: No serializable classes found, while this package has a headers.h file.
gmake: *** [tmp/slc6_amd64_gcc491/src/CondFormats/L1TObjects/src/CondFormatsL1TObjects/a/Serialization.cc] Error 1
gmake: *** Waiting for unfinished jobs....
/afs/cern.ch/user/t/tjames/cmssw/CMSSW_7_5_0_pre1/src/CondFormats/L1TObjects/test/testSerializationL1TObjects.cpp: In function 'int main()':
/afs/cern.ch/user/t/tjames/cmssw/CMSSW_7_5_0_pre1/src/CondFormats/L1TObjects/test/testSerializationL1TObjects.cpp:7:21: error: 'CaloParams' is not a member of 'l1t'
   testSerialization<l1t::CaloParams>();
                     ^
/afs/cern.ch/user/t/tjames/cmssw/CMSSW_7_5_0_pre1/src/CondFormats/L1TObjects/test/testSerializationL1TObjects.cpp:7:21: error: 'CaloParams' is not a member of 'l1t'
/afs/cern.ch/user/t/tjames/cmssw/CMSSW_7_5_0_pre1/src/CondFormats/L1TObjects/test/testSerializationL1TObjects.cpp:7:38: error: no matching function for call to 'testSerialization()'
   testSerialization<l1t::CaloParams>();
                                      ^
/afs/cern.ch/user/t/tjames/cmssw/CMSSW_7_5_0_pre1/src/CondFormats/L1TObjects/test/testSerializationL1TObjects.cpp:7:38: note: candidate is:
In file included from /afs/cern.ch/user/t/tjames/cmssw/CMSSW_7_5_0_pre1/src/CondFormats/L1TObjects/test/testSerializationL1TObjects.cpp:1:0:
/cvmfs/cms.cern.ch/slc6_amd64_gcc491/cms/cmssw/CMSSW_7_5_0_pre1/src/CondFormats/Serialization/interface/Test.h:47:6: note: template<class T> void testSerialization()
 void testSerialization()
      ^
/cvmfs/cms.cern.ch/slc6_amd64_gcc491/cms/cmssw/CMSSW_7_5_0_pre1/src/CondFormats/Serialization/interface/Test.h:47:6: note:   template argument deduction/substitution failed:
/afs/cern.ch/user/t/tjames/cmssw/CMSSW_7_5_0_pre1/src/CondFormats/L1TObjects/test/testSerializationL1TObjects.cpp:7:38: error: template argument 1 is invalid
   testSerialization<l1t::CaloParams>();
                                      ^
/afs/cern.ch/user/t/tjames/cmssw/CMSSW_7_5_0_pre1/src/CondFormats/L1TObjects/test/testSerializationL1TObjects.cpp:8:21: error: 'CaloConfig' is not a member of 'l1t'
   testSerialization<l1t::CaloConfig>();
                     ^
/afs/cern.ch/user/t/tjames/cmssw/CMSSW_7_5_0_pre1/src/CondFormats/L1TObjects/test/testSerializationL1TObjects.cpp:8:21: error: 'CaloConfig' is not a member of 'l1t'
/afs/cern.ch/user/t/tjames/cmssw/CMSSW_7_5_0_pre1/src/CondFormats/L1TObjects/test/testSerializationL1TObjects.cpp:8:38: error: no matching function for call to 'testSerialization()'
   testSerialization<l1t::CaloConfig>();
                                      ^
/afs/cern.ch/user/t/tjames/cmssw/CMSSW_7_5_0_pre1/src/CondFormats/L1TObjects/test/testSerializationL1TObjects.cpp:8:38: note: candidate is:
In file included from /afs/cern.ch/user/t/tjames/cmssw/CMSSW_7_5_0_pre1/src/CondFormats/L1TObjects/test/testSerializationL1TObjects.cpp:1:0:
/cvmfs/cms.cern.ch/slc6_amd64_gcc491/cms/cmssw/CMSSW_7_5_0_pre1/src/CondFormats/Serialization/interface/Test.h:47:6: note: template<class T> void testSerialization()
 void testSerialization()
      ^
/cvmfs/cms.cern.ch/slc6_amd64_gcc491/cms/cmssw/CMSSW_7_5_0_pre1/src/CondFormats/Serialization/interface/Test.h:47:6: note:   template argument deduction/substitution failed:
/afs/cern.ch/user/t/tjames/cmssw/CMSSW_7_5_0_pre1/src/CondFormats/L1TObjects/test/testSerializationL1TObjects.cpp:8:38: error: template argument 1 is invalid
   testSerialization<l1t::CaloConfig>();
                                      ^
/afs/cern.ch/user/t/tjames/cmssw/CMSSW_7_5_0_pre1/src/CondFormats/L1TObjects/test/testSerializationL1TObjects.cpp:9:23: error: 'L1CaloEcalScale' was not declared in this scope
     testSerialization<L1CaloEcalScale>();
                       ^
/afs/cern.ch/user/t/tjames/cmssw/CMSSW_7_5_0_pre1/src/CondFormats/L1TObjects/test/testSerializationL1TObjects.cpp:9:40: error: no matching function for call to 'testSerialization()'
     testSerialization<L1CaloEcalScale>();
                                        ^
/afs/cern.ch/user/t/tjames/cmssw/CMSSW_7_5_0_pre1/src/CondFormats/L1TObjects/test/testSerializationL1TObjects.cpp:9:40: note: candidate is:
In file included from /afs/cern.ch/user/t/tjames/cmssw/CMSSW_7_5_0_pre1/src/CondFormats/L1TObjects/test/testSerializationL1TObjects.cpp:1:0:
/cvmfs/cms.cern.ch/slc6_amd64_gcc491/cms/cmssw/CMSSW_7_5_0_pre1/src/CondFormats/Serialization/interface/Test.h:47:6: note: template<class T> void testSerialization()
 void testSerialization()
      ^
/cvmfs/cms.cern.ch/slc6_amd64_gcc491/cms/cmssw/CMSSW_7_5_0_pre1/src/CondFormats/Serialization/interface/Test.h:47:6: note:   template argument deduction/substitution failed:
/afs/cern.ch/user/t/tjames/cmssw/CMSSW_7_5_0_pre1/src/CondFormats/L1TObjects/test/testSerializationL1TObjects.cpp:9:40: error: template argument 1 is invalid
     testSerialization<L1CaloEcalScale>();
                                        ^
/afs/cern.ch/user/t/tjames/cmssw/CMSSW_7_5_0_pre1/src/CondFormats/L1TObjects/test/testSerializationL1TObjects.cpp:10:23: error: 'L1CaloEtScale' was not declared in this scope
     testSerialization<L1CaloEtScale>();
                       ^
/afs/cern.ch/user/t/tjames/cmssw/CMSSW_7_5_0_pre1/src/CondFormats/L1TObjects/test/testSerializationL1TObjects.cpp:10:38: error: no matching function for call to 'testSerialization()'
     testSerialization<L1CaloEtScale>();
                                      ^
/afs/cern.ch/user/t/tjames/cmssw/CMSSW_7_5_0_pre1/src/CondFormats/L1TObjects/test/testSerializationL1TObjects.cpp:10:38: note: candidate is:
In file included from /afs/cern.ch/user/t/tjames/cmssw/CMSSW_7_5_0_pre1/src/CondFormats/L1TObjects/test/testSerializationL1TObjects.cpp:1:0:
/cvmfs/cms.cern.ch/slc6_amd64_gcc491/cms/cmssw/CMSSW_7_5_0_pre1/src/CondFormats/Serialization/interface/Test.h:47:6: note: template<class T> void testSerialization()
 void testSerialization()
      ^
/cvmfs/cms.cern.ch/slc6_amd64_gcc491/cms/cmssw/CMSSW_7_5_0_pre1/src/CondFormats/Serialization/interface/Test.h:47:6: note:   template argument deduction/substitution failed:
/afs/cern.ch/user/t/tjames/cmssw/CMSSW_7_5_0_pre1/src/CondFormats/L1TObjects/test/testSerializationL1TObjects.cpp:10:38: error: template argument 1 is invalid
     testSerialization<L1CaloEtScale>();
                                      ^
/afs/cern.ch/user/t/tjames/cmssw/CMSSW_7_5_0_pre1/src/CondFormats/L1TObjects/test/testSerializationL1TObjects.cpp:11:23: error: 'L1CaloGeometry' was not declared in this scope
     testSerialization<L1CaloGeometry>();
                       ^
/afs/cern.ch/user/t/tjames/cmssw/CMSSW_7_5_0_pre1/src/CondFormats/L1TObjects/test/testSerializationL1TObjects.cpp:11:39: error: no matching function for call to 'testSerialization()'
     testSerialization<L1CaloGeometry>();
                                       ^
/afs/cern.ch/user/t/tjames/cmssw/CMSSW_7_5_0_pre1/src/CondFormats/L1TObjects/test/testSerializationL1TObjects.cpp:11:39: note: candidate is:
In file included from /afs/cern.ch/user/t/tjames/cmssw/CMSSW_7_5_0_pre1/src/CondFormats/L1TObjects/test/testSerializationL1TObjects.cpp:1:0:
/cvmfs/cms.cern.ch/slc6_amd64_gcc491/cms/cmssw/CMSSW_7_5_0_pre1/src/CondFormats/Serialization/interface/Test.h:47:6: note: template<class T> void testSerialization()
 void testSerialization()
      ^
/cvmfs/cms.cern.ch/slc6_amd64_gcc491/cms/cmssw/CMSSW_7_5_0_pre1/src/CondFormats/Serialization/interface/Test.h:47:6: note:   template argument deduction/substitution failed:
/afs/cern.ch/user/t/tjames/cmssw/CMSSW_7_5_0_pre1/src/CondFormats/L1TObjects/test/testSerializationL1TObjects.cpp:11:39: error: template argument 1 is invalid
     testSerialization<L1CaloGeometry>();
                                       ^
/afs/cern.ch/user/t/tjames/cmssw/CMSSW_7_5_0_pre1/src/CondFormats/L1TObjects/test/testSerializationL1TObjects.cpp:12:23: error: 'L1CaloHcalScale' was not declared in this scope
     testSerialization<L1CaloHcalScale>();
                       ^
/afs/cern.ch/user/t/tjames/cmssw/CMSSW_7_5_0_pre1/src/CondFormats/L1TObjects/test/testSerializationL1TObjects.cpp:12:40: error: no matching function for call to 'testSerialization()'
     testSerialization<L1CaloHcalScale>();
                                        ^
/afs/cern.ch/user/t/tjames/cmssw/CMSSW_7_5_0_pre1/src/CondFormats/L1TObjects/test/testSerializationL1TObjects.cpp:12:40: note: candidate is:
In file included from /afs/cern.ch/user/t/tjames/cmssw/CMSSW_7_5_0_pre1/src/CondFormats/L1TObjects/test/testSerializationL1TObjects.cpp:1:0:
/cvmfs/cms.cern.ch/slc6_amd64_gcc491/cms/cmssw/CMSSW_7_5_0_pre1/src/CondFormats/Serialization/interface/Test.h:47:6: note: template<class T> void testSerialization()
 void testSerialization()
      ^
/cvmfs/cms.cern.ch/slc6_amd64_gcc491/cms/cmssw/CMSSW_7_5_0_pre1/src/CondFormats/Serialization/interface/Test.h:47:6: note:   template argument deduction/substitution failed:
/afs/cern.ch/user/t/tjames/cmssw/CMSSW_7_5_0_pre1/src/CondFormats/L1TObjects/test/testSerializationL1TObjects.cpp:12:40: error: template argument 1 is invalid
     testSerialization<L1CaloHcalScale>();
                                        ^
/afs/cern.ch/user/t/tjames/cmssw/CMSSW_7_5_0_pre1/src/CondFormats/L1TObjects/test/testSerializationL1TObjects.cpp:13:23: error: 'L1GctChannelMask' was not declared in this scope
     testSerialization<L1GctChannelMask>();
                       ^
/afs/cern.ch/user/t/tjames/cmssw/CMSSW_7_5_0_pre1/src/CondFormats/L1TObjects/test/testSerializationL1TObjects.cpp:13:41: error: no matching function for call to 'testSerialization()'
     testSerialization<L1GctChannelMask>();
                                         ^
/afs/cern.ch/user/t/tjames/cmssw/CMSSW_7_5_0_pre1/src/CondFormats/L1TObjects/test/testSerializationL1TObjects.cpp:13:41: note: candidate is:
In file included from /afs/cern.ch/user/t/tjames/cmssw/CMSSW_7_5_0_pre1/src/CondFormats/L1TObjects/test/testSerializationL1TObjects.cpp:1:0:
/cvmfs/cms.cern.ch/slc6_amd64_gcc491/cms/cmssw/CMSSW_7_5_0_pre1/src/CondFormats/Serialization/interface/Test.h:47:6: note: template<class T> void testSerialization()
 void testSerialization()
      ^
/cvmfs/cms.cern.ch/slc6_amd64_gcc491/cms/cmssw/CMSSW_7_5_0_pre1/src/CondFormats/Serialization/interface/Test.h:47:6: note:   template argument deduction/substitution failed:
/afs/cern.ch/user/t/tjames/cmssw/CMSSW_7_5_0_pre1/src/CondFormats/L1TObjects/test/testSerializationL1TObjects.cpp:13:41: error: template argument 1 is invalid
     testSerialization<L1GctChannelMask>();
                                         ^
/afs/cern.ch/user/t/tjames/cmssw/CMSSW_7_5_0_pre1/src/CondFormats/L1TObjects/test/testSerializationL1TObjects.cpp:14:23: error: 'L1GctJetFinderParams' was not declared in this scope
     testSerialization<L1GctJetFinderParams>();
                       ^
/afs/cern.ch/user/t/tjames/cmssw/CMSSW_7_5_0_pre1/src/CondFormats/L1TObjects/test/testSerializationL1TObjects.cpp:14:45: error: no matching function for call to 'testSerialization()'
     testSerialization<L1GctJetFinderParams>();
                                             ^
/afs/cern.ch/user/t/tjames/cmssw/CMSSW_7_5_0_pre1/src/CondFormats/L1TObjects/test/testSerializationL1TObjects.cpp:14:45: note: candidate is:
In file included from /afs/cern.ch/user/t/tjames/cmssw/CMSSW_7_5_0_pre1/src/CondFormats/L1TObjects/test/testSerializationL1TObjects.cpp:1:0:
/cvmfs/cms.cern.ch/slc6_amd64_gcc491/cms/cmssw/CMSSW_7_5_0_pre1/src/CondFormats/Serialization/interface/Test.h:47:6: note: template<class T> void testSerialization()
 void testSerialization()
      ^
/cvmfs/cms.cern.ch/slc6_amd64_gcc491/cms/cmssw/CMSSW_7_5_0_pre1/src/CondFormats/Serialization/interface/Test.h:47:6: note:   template argument deduction/substitution failed:
/afs/cern.ch/user/t/tjames/cmssw/CMSSW_7_5_0_pre1/src/CondFormats/L1TObjects/test/testSerializationL1TObjects.cpp:14:45: error: template argument 1 is invalid
     testSerialization<L1GctJetFinderParams>();
                                             ^
/afs/cern.ch/user/t/tjames/cmssw/CMSSW_7_5_0_pre1/src/CondFormats/L1TObjects/test/testSerializationL1TObjects.cpp:15:23: error: 'L1GtAlgorithm' was not declared in this scope
     testSerialization<L1GtAlgorithm>();
                       ^
/afs/cern.ch/user/t/tjames/cmssw/CMSSW_7_5_0_pre1/src/CondFormats/L1TObjects/test/testSerializationL1TObjects.cpp:15:38: error: no matching function for call to 'testSerialization()'
     testSerialization<L1GtAlgorithm>();
                                      ^
/afs/cern.ch/user/t/tjames/cmssw/CMSSW_7_5_0_pre1/src/CondFormats/L1TObjects/test/testSerializationL1TObjects.cpp:15:38: note: candidate is:
In file included from /afs/cern.ch/user/t/tjames/cmssw/CMSSW_7_5_0_pre1/src/CondFormats/L1TObjects/test/testSerializationL1TObjects.cpp:1:0:
/cvmfs/cms.cern.ch/slc6_amd64_gcc491/cms/cmssw/CMSSW_7_5_0_pre1/src/CondFormats/Serialization/interface/Test.h:47:6: note: template<class T> void testSerialization()
 void testSerialization()
      ^
/cvmfs/cms.cern.ch/slc6_amd64_gcc491/cms/cmssw/CMSSW_7_5_0_pre1/src/CondFormats/Serialization/interface/Test.h:47:6: note:   template argument deduction/substitution failed:
/afs/cern.ch/user/t/tjames/cmssw/CMSSW_7_5_0_pre1/src/CondFormats/L1TObjects/test/testSerializationL1TObjects.cpp:15:38: error: template argument 1 is invalid
     testSerialization<L1GtAlgorithm>();
                                      ^
/afs/cern.ch/user/t/tjames/cmssw/CMSSW_7_5_0_pre1/src/CondFormats/L1TObjects/test/testSerializationL1TObjects.cpp:16:23: error: 'L1GtBoard' was not declared in this scope
     testSerialization<L1GtBoard>();
                       ^
/afs/cern.ch/user/t/tjames/cmssw/CMSSW_7_5_0_pre1/src/CondFormats/L1TObjects/test/testSerializationL1TObjects.cpp:16:34: error: no matching function for call to 'testSerialization()'
     testSerialization<L1GtBoard>();
                                  ^
/afs/cern.ch/user/t/tjames/cmssw/CMSSW_7_5_0_pre1/src/CondFormats/L1TObjects/test/testSerializationL1TObjects.cpp:16:34: note: candidate is:
In file included from /afs/cern.ch/user/t/tjames/cmssw/CMSSW_7_5_0_pre1/src/CondFormats/L1TObjects/test/testSerializationL1TObjects.cpp:1:0:
/cvmfs/cms.cern.ch/slc6_amd64_gcc491/cms/cmssw/CMSSW_7_5_0_pre1/src/CondFormats/Serialization/interface/Test.h:47:6: note: template<class T> void testSerialization()
 void testSerialization()
      ^
/cvmfs/cms.cern.ch/slc6_amd64_gcc491/cms/cmssw/CMSSW_7_5_0_pre1/src/CondFormats/Serialization/interface/Test.h:47:6: note:   template argument deduction/substitution failed:
/afs/cern.ch/user/t/tjames/cmssw/CMSSW_7_5_0_pre1/src/CondFormats/L1TObjects/test/testSerializationL1TObjects.cpp:16:34: error: template argument 1 is invalid
     testSerialization<L1GtBoard>();
                                  ^
/afs/cern.ch/user/t/tjames/cmssw/CMSSW_7_5_0_pre1/src/CondFormats/L1TObjects/test/testSerializationL1TObjects.cpp:17:23: error: 'L1GtBoardMaps' was not declared in this scope
     testSerialization<L1GtBoardMaps>();
                       ^
/afs/cern.ch/user/t/tjames/cmssw/CMSSW_7_5_0_pre1/src/CondFormats/L1TObjects/test/testSerializationL1TObjects.cpp:17:38: error: no matching function for call to 'testSerialization()'
     testSerialization<L1GtBoardMaps>();
                                      ^
/afs/cern.ch/user/t/tjames/cmssw/CMSSW_7_5_0_pre1/src/CondFormats/L1TObjects/test/testSerializationL1TObjects.cpp:17:38: note: candidate is:
In file included from /afs/cern.ch/user/t/tjames/cmssw/CMSSW_7_5_0_pre1/src/CondFormats/L1TObjects/test/testSerializationL1TObjects.cpp:1:0:
/cvmfs/cms.cern.ch/slc6_amd64_gcc491/cms/cmssw/CMSSW_7_5_0_pre1/src/CondFormats/Serialization/interface/Test.h:47:6: note: template<class T> void testSerialization()
 void testSerialization()
      ^
/cvmfs/cms.cern.ch/slc6_amd64_gcc491/cms/cmssw/CMSSW_7_5_0_pre1/src/CondFormats/Serialization/interface/Test.h:47:6: note:   template argument deduction/substitution failed:
/afs/cern.ch/user/t/tjames/cmssw/CMSSW_7_5_0_pre1/src/CondFormats/L1TObjects/test/testSerializationL1TObjects.cpp:17:38: error: template argument 1 is invalid
     testSerialization<L1GtBoardMaps>();
                                      ^
/afs/cern.ch/user/t/tjames/cmssw/CMSSW_7_5_0_pre1/src/CondFormats/L1TObjects/test/testSerializationL1TObjects.cpp:18:23: error: 'L1GtBptxTemplate' was not declared in this scope
     testSerialization<L1GtBptxTemplate>();
                       ^
/afs/cern.ch/user/t/tjames/cmssw/CMSSW_7_5_0_pre1/src/CondFormats/L1TObjects/test/testSerializationL1TObjects.cpp:18:41: error: no matching function for call to 'testSerialization()'
     testSerialization<L1GtBptxTemplate>();
                                         ^
/afs/cern.ch/user/t/tjames/cmssw/CMSSW_7_5_0_pre1/src/CondFormats/L1TObjects/test/testSerializationL1TObjects.cpp:18:41: note: candidate is:
In file included from /afs/cern.ch/user/t/tjames/cmssw/CMSSW_7_5_0_pre1/src/CondFormats/L1TObjects/test/testSerializationL1TObjects.cpp:1:0:
/cvmfs/cms.cern.ch/slc6_amd64_gcc491/cms/cmssw/CMSSW_7_5_0_pre1/src/CondFormats/Serialization/interface/Test.h:47:6: note: template<class T> void testSerialization()
 void testSerialization()
      ^
/cvmfs/cms.cern.ch/slc6_amd64_gcc491/cms/cmssw/CMSSW_7_5_0_pre1/src/CondFormats/Serialization/interface/Test.h:47:6: note:   template argument deduction/substitution failed:
/afs/cern.ch/user/t/tjames/cmssw/CMSSW_7_5_0_pre1/src/CondFormats/L1TObjects/test/testSerializationL1TObjects.cpp:18:41: error: template argument 1 is invalid
     testSerialization<L1GtBptxTemplate>();
                                         ^
/afs/cern.ch/user/t/tjames/cmssw/CMSSW_7_5_0_pre1/src/CondFormats/L1TObjects/test/testSerializationL1TObjects.cpp:19:23: error: 'L1GtCaloTemplate' was not declared in this scope
     testSerialization<L1GtCaloTemplate>();
                       ^
/afs/cern.ch/user/t/tjames/cmssw/CMSSW_7_5_0_pre1/src/CondFormats/L1TObjects/test/testSerializationL1TObjects.cpp:19:41: error: no matching function for call to 'testSerialization()'
     testSerialization<L1GtCaloTemplate>();
                                         ^
/afs/cern.ch/user/t/tjames/cmssw/CMSSW_7_5_0_pre1/src/CondFormats/L1TObjects/test/testSerializationL1TObjects.cpp:19:41: note: candidate is:
In file included from /afs/cern.ch/user/t/tjames/cmssw/CMSSW_7_5_0_pre1/src/CondFormats/L1TObjects/test/testSerializationL1TObjects.cpp:1:0:
/cvmfs/cms.cern.ch/slc6_amd64_gcc491/cms/cmssw/CMSSW_7_5_0_pre1/src/CondFormats/Serialization/interface/Test.h:47:6: note: template<class T> void testSerialization()
 void testSerialization()
      ^
/cvmfs/cms.cern.ch/slc6_amd64_gcc491/cms/cmssw/CMSSW_7_5_0_pre1/src/CondFormats/Serialization/interface/Test.h:47:6: note:   template argument deduction/substitution failed:
/afs/cern.ch/user/t/tjames/cmssw/CMSSW_7_5_0_pre1/src/CondFormats/L1TObjects/test/testSerializationL1TObjects.cpp:19:41: error: template argument 1 is invalid
     testSerialization<L1GtCaloTemplate>();
                                         ^
/afs/cern.ch/user/t/tjames/cmssw/CMSSW_7_5_0_pre1/src/CondFormats/L1TObjects/test/testSerializationL1TObjects.cpp:20:23: error: the value of 'L1GtCaloTemplate' is not usable in a constant expression
     testSerialization<L1GtCaloTemplate::CorrelationParameter>();
                       ^
/afs/cern.ch/user/t/tjames/cmssw/CMSSW_7_5_0_pre1/src/CondFormats/L1TObjects/test/testSerializationL1TObjects.cpp:19:23: note: 'L1GtCaloTemplate' was not declared 'constexpr'
     testSerialization<L1GtCaloTemplate>();
                       ^
/afs/cern.ch/user/t/tjames/cmssw/CMSSW_7_5_0_pre1/src/CondFormats/L1TObjects/test/testSerializationL1TObjects.cpp:20:5: error: parse error in template argument list
     testSerialization<L1GtCaloTemplate::CorrelationParameter>();
     ^
/afs/cern.ch/user/t/tjames/cmssw/CMSSW_7_5_0_pre1/src/CondFormats/L1TObjects/test/testSerializationL1TObjects.cpp:20:63: error: no matching function for call to 'testSerialization()'
     testSerialization<L1GtCaloTemplate::CorrelationParameter>();
                                                               ^
/afs/cern.ch/user/t/tjames/cmssw/CMSSW_7_5_0_pre1/src/CondFormats/L1TObjects/test/testSerializationL1TObjects.cpp:20:63: note: candidate is:
In file included from /afs/cern.ch/user/t/tjames/cmssw/CMSSW_7_5_0_pre1/src/CondFormats/L1TObjects/test/testSerializationL1TObjects.cpp:1:0:
/cvmfs/cms.cern.ch/slc6_amd64_gcc491/cms/cmssw/CMSSW_7_5_0_pre1/src/CondFormats/Serialization/interface/Test.h:47:6: note: template<class T> void testSerialization()
 void testSerialization()
      ^
/cvmfs/cms.cern.ch/slc6_amd64_gcc491/cms/cmssw/CMSSW_7_5_0_pre1/src/CondFormats/Serialization/interface/Test.h:47:6: note:   template argument deduction/substitution failed:
/afs/cern.ch/user/t/tjames/cmssw/CMSSW_7_5_0_pre1/src/CondFormats/L1TObjects/test/testSerializationL1TObjects.cpp:21:23: error: the value of 'L1GtCaloTemplate' is not usable in a constant expression
     testSerialization<L1GtCaloTemplate::ObjectParameter>();
                       ^
/afs/cern.ch/user/t/tjames/cmssw/CMSSW_7_5_0_pre1/src/CondFormats/L1TObjects/test/testSerializationL1TObjects.cpp:19:23: note: 'L1GtCaloTemplate' was not declared 'constexpr'
     testSerialization<L1GtCaloTemplate>();
                       ^
/afs/cern.ch/user/t/tjames/cmssw/CMSSW_7_5_0_pre1/src/CondFormats/L1TObjects/test/testSerializationL1TObjects.cpp:21:5: error: parse error in template argument list
     testSerialization<L1GtCaloTemplate::ObjectParameter>();
     ^
/afs/cern.ch/user/t/tjames/cmssw/CMSSW_7_5_0_pre1/src/CondFormats/L1TObjects/test/testSerializationL1TObjects.cpp:21:58: error: no matching function for call to 'testSerialization()'
     testSerialization<L1GtCaloTemplate::ObjectParameter>();
                                                          ^
/afs/cern.ch/user/t/tjames/cmssw/CMSSW_7_5_0_pre1/src/CondFormats/L1TObjects/test/testSerializationL1TObjects.cpp:21:58: note: candidate is:
In file included from /afs/cern.ch/user/t/tjames/cmssw/CMSSW_7_5_0_pre1/src/CondFormats/L1TObjects/test/testSerializationL1TObjects.cpp:1:0:
/cvmfs/cms.cern.ch/slc6_amd64_gcc491/cms/cmssw/CMSSW_7_5_0_pre1/src/CondFormats/Serialization/interface/Test.h:47:6: note: template<class T> void testSerialization()
 void testSerialization()
      ^
/cvmfs/cms.cern.ch/slc6_amd64_gcc491/cms/cmssw/CMSSW_7_5_0_pre1/src/CondFormats/Serialization/interface/Test.h:47:6: note:   template argument deduction/substitution failed:
/afs/cern.ch/user/t/tjames/cmssw/CMSSW_7_5_0_pre1/src/CondFormats/L1TObjects/test/testSerializationL1TObjects.cpp:22:23: error: 'L1GtCastorTemplate' was not declared in this scope
     testSerialization<L1GtCastorTemplate>();
                       ^
/afs/cern.ch/user/t/tjames/cmssw/CMSSW_7_5_0_pre1/src/CondFormats/L1TObjects/test/testSerializationL1TObjects.cpp:22:43: error: no matching function for call to 'testSerialization()'
     testSerialization<L1GtCastorTemplate>();
                                           ^
/afs/cern.ch/user/t/tjames/cmssw/CMSSW_7_5_0_pre1/src/CondFormats/L1TObjects/test/testSerializationL1TObjects.cpp:22:43: note: candidate is:
In file included from /afs/cern.ch/user/t/tjames/cmssw/CMSSW_7_5_0_pre1/src/CondFormats/L1TObjects/test/testSerializationL1TObjects.cpp:1:0:
/cvmfs/cms.cern.ch/slc6_amd64_gcc491/cms/cmssw/CMSSW_7_5_0_pre1/src/CondFormats/Serialization/interface/Test.h:47:6: note: template<class T> void testSerialization()
 void testSerialization()
      ^
/cvmfs/cms.cern.ch/slc6_amd64_gcc491/cms/cmssw/CMSSW_7_5_0_pre1/src/CondFormats/Serialization/interface/Test.h:47:6: note:   template argument deduction/substitution failed:
/afs/cern.ch/user/t/tjames/cmssw/CMSSW_7_5_0_pre1/src/CondFormats/L1TObjects/test/testSerializationL1TObjects.cpp:22:43: error: template argument 1 is invalid
     testSerialization<L1GtCastorTemplate>();
                                           ^
/afs/cern.ch/user/t/tjames/cmssw/CMSSW_7_5_0_pre1/src/CondFormats/L1TObjects/test/testSerializationL1TObjects.cpp:23:23: error: 'L1GtCondition' was not declared in this scope
     testSerialization<L1GtCondition>();
                       ^
/afs/cern.ch/user/t/tjames/cmssw/CMSSW_7_5_0_pre1/src/CondFormats/L1TObjects/test/testSerializationL1TObjects.cpp:23:38: error: no matching function for call to 'testSerialization()'
     testSerialization<L1GtCondition>();
                                      ^
/afs/cern.ch/user/t/tjames/cmssw/CMSSW_7_5_0_pre1/src/CondFormats/L1TObjects/test/testSerializationL1TObjects.cpp:23:38: note: candidate is:
In file included from /afs/cern.ch/user/t/tjames/cmssw/CMSSW_7_5_0_pre1/src/CondFormats/L1TObjects/test/testSerializationL1TObjects.cpp:1:0:
/cvmfs/cms.cern.ch/slc6_amd64_gcc491/cms/cmssw/CMSSW_7_5_0_pre1/src/CondFormats/Serialization/interface/Test.h:47:6: note: template<class T> void testSerialization()
 void testSerialization()
      ^
/cvmfs/cms.cern.ch/slc6_amd64_gcc491/cms/cmssw/CMSSW_7_5_0_pre1/src/CondFormats/Serialization/interface/Test.h:47:6: note:   template argument deduction/substitution failed:
/afs/cern.ch/user/t/tjames/cmssw/CMSSW_7_5_0_pre1/src/CondFormats/L1TObjects/test/testSerializationL1TObjects.cpp:23:38: error: template argument 1 is invalid
     testSerialization<L1GtCondition>();
                                      ^
/afs/cern.ch/user/t/tjames/cmssw/CMSSW_7_5_0_pre1/src/CondFormats/L1TObjects/test/testSerializationL1TObjects.cpp:24:23: error: 'L1GtCorrelationTemplate' was not declared in this scope
     testSerialization<L1GtCorrelationTemplate>();
                       ^
/afs/cern.ch/user/t/tjames/cmssw/CMSSW_7_5_0_pre1/src/CondFormats/L1TObjects/test/testSerializationL1TObjects.cpp:24:48: error: no matching function for call to 'testSerialization()'
     testSerialization<L1GtCorrelationTemplate>();
                                                ^
/afs/cern.ch/user/t/tjames/cmssw/CMSSW_7_5_0_pre1/src/CondFormats/L1TObjects/test/testSerializationL1TObjects.cpp:24:48: note: candidate is:
In file included from /afs/cern.ch/user/t/tjames/cmssw/CMSSW_7_5_0_pre1/src/CondFormats/L1TObjects/test/testSerializationL1TObjects.cpp:1:0:
/cvmfs/cms.cern.ch/slc6_amd64_gcc491/cms/cmssw/CMSSW_7_5_0_pre1/src/CondFormats/Serialization/interface/Test.h:47:6: note: template<class T> void testSerialization()
 void testSerialization()
      ^
/cvmfs/cms.cern.ch/slc6_amd64_gcc491/cms/cmssw/CMSSW_7_5_0_pre1/src/CondFormats/Serialization/interface/Test.h:47:6: note:   template argument deduction/substitution failed:
/afs/cern.ch/user/t/tjames/cmssw/CMSSW_7_5_0_pre1/src/CondFormats/L1TObjects/test/testSerializationL1TObjects.cpp:24:48: error: template argument 1 is invalid
     testSerialization<L1GtCorrelationTemplate>();
                                                ^
/afs/cern.ch/user/t/tjames/cmssw/CMSSW_7_5_0_pre1/src/CondFormats/L1TObjects/test/testSerializationL1TObjects.cpp:25:23: error: the value of 'L1GtCorrelationTemplate' is not usable in a constant expression
     testSerialization<L1GtCorrelationTemplate::CorrelationParameter>();
                       ^
/afs/cern.ch/user/t/tjames/cmssw/CMSSW_7_5_0_pre1/src/CondFormats/L1TObjects/test/testSerializationL1TObjects.cpp:24:23: note: 'L1GtCorrelationTemplate' was not declared 'constexpr'
     testSerialization<L1GtCorrelationTemplate>();
                       ^
/afs/cern.ch/user/t/tjames/cmssw/CMSSW_7_5_0_pre1/src/CondFormats/L1TObjects/test/testSerializationL1TObjects.cpp:25:5: error: parse error in template argument list
     testSerialization<L1GtCorrelationTemplate::CorrelationParameter>();
     ^
/afs/cern.ch/user/t/tjames/cmssw/CMSSW_7_5_0_pre1/src/CondFormats/L1TObjects/test/testSerializationL1TObjects.cpp:25:70: error: no matching function for call to 'testSerialization()'
     testSerialization<L1GtCorrelationTemplate::CorrelationParameter>();
                                                                      ^
/afs/cern.ch/user/t/tjames/cmssw/CMSSW_7_5_0_pre1/src/CondFormats/L1TObjects/test/testSerializationL1TObjects.cpp:25:70: note: candidate is:
In file included from /afs/cern.ch/user/t/tjames/cmssw/CMSSW_7_5_0_pre1/src/CondFormats/L1TObjects/test/testSerializationL1TObjects.cpp:1:0:
/cvmfs/cms.cern.ch/slc6_amd64_gcc491/cms/cmssw/CMSSW_7_5_0_pre1/src/CondFormats/Serialization/interface/Test.h:47:6: note: template<class T> void testSerialization()
 void testSerialization()
      ^
/cvmfs/cms.cern.ch/slc6_amd64_gcc491/cms/cmssw/CMSSW_7_5_0_pre1/src/CondFormats/Serialization/interface/Test.h:47:6: note:   template argument deduction/substitution failed:
/afs/cern.ch/user/t/tjames/cmssw/CMSSW_7_5_0_pre1/src/CondFormats/L1TObjects/test/testSerializationL1TObjects.cpp:26:23: error: 'L1GtEnergySumTemplate' was not declared in this scope
     testSerialization<L1GtEnergySumTemplate>();
                       ^
/afs/cern.ch/user/t/tjames/cmssw/CMSSW_7_5_0_pre1/src/CondFormats/L1TObjects/test/testSerializationL1TObjects.cpp:26:46: error: no matching function for call to 'testSerialization()'
     testSerialization<L1GtEnergySumTemplate>();
                                              ^
/afs/cern.ch/user/t/tjames/cmssw/CMSSW_7_5_0_pre1/src/CondFormats/L1TObjects/test/testSerializationL1TObjects.cpp:26:46: note: candidate is:
In file included from /afs/cern.ch/user/t/tjames/cmssw/CMSSW_7_5_0_pre1/src/CondFormats/L1TObjects/test/testSerializationL1TObjects.cpp:1:0:
/cvmfs/cms.cern.ch/slc6_amd64_gcc491/cms/cmssw/CMSSW_7_5_0_pre1/src/CondFormats/Serialization/interface/Test.h:47:6: note: template<class T> void testSerialization()
 void testSerialization()
      ^
/cvmfs/cms.cern.ch/slc6_amd64_gcc491/cms/cmssw/CMSSW_7_5_0_pre1/src/CondFormats/Serialization/interface/Test.h:47:6: note:   template argument deduction/substitution failed:
/afs/cern.ch/user/t/tjames/cmssw/CMSSW_7_5_0_pre1/src/CondFormats/L1TObjects/test/testSerializationL1TObjects.cpp:26:46: error: template argument 1 is invalid
     testSerialization<L1GtEnergySumTemplate>();
                                              ^
/afs/cern.ch/user/t/tjames/cmssw/CMSSW_7_5_0_pre1/src/CondFormats/L1TObjects/test/testSerializationL1TObjects.cpp:27:23: error: the value of 'L1GtEnergySumTemplate' is not usable in a constant expression
     testSerialization<L1GtEnergySumTemplate::ObjectParameter>();
                       ^
/afs/cern.ch/user/t/tjames/cmssw/CMSSW_7_5_0_pre1/src/CondFormats/L1TObjects/test/testSerializationL1TObjects.cpp:26:23: note: 'L1GtEnergySumTemplate' was not declared 'constexpr'
     testSerialization<L1GtEnergySumTemplate>();
                       ^
/afs/cern.ch/user/t/tjames/cmssw/CMSSW_7_5_0_pre1/src/CondFormats/L1TObjects/test/testSerializationL1TObjects.cpp:27:5: error: parse error in template argument list
     testSerialization<L1GtEnergySumTemplate::ObjectParameter>();
     ^
/afs/cern.ch/user/t/tjames/cmssw/CMSSW_7_5_0_pre1/src/CondFormats/L1TObjects/test/testSerializationL1TObjects.cpp:27:63: error: no matching function for call to 'testSerialization()'
     testSerialization<L1GtEnergySumTemplate::ObjectParameter>();
                                                               ^
/afs/cern.ch/user/t/tjames/cmssw/CMSSW_7_5_0_pre1/src/CondFormats/L1TObjects/test/testSerializationL1TObjects.cpp:27:63: note: candidate is:
In file included from /afs/cern.ch/user/t/tjames/cmssw/CMSSW_7_5_0_pre1/src/CondFormats/L1TObjects/test/testSerializationL1TObjects.cpp:1:0:
/cvmfs/cms.cern.ch/slc6_amd64_gcc491/cms/cmssw/CMSSW_7_5_0_pre1/src/CondFormats/Serialization/interface/Test.h:47:6: note: template<class T> void testSerialization()
 void testSerialization()
      ^
/cvmfs/cms.cern.ch/slc6_amd64_gcc491/cms/cmssw/CMSSW_7_5_0_pre1/src/CondFormats/Serialization/interface/Test.h:47:6: note:   template argument deduction/substitution failed:
/afs/cern.ch/user/t/tjames/cmssw/CMSSW_7_5_0_pre1/src/CondFormats/L1TObjects/test/testSerializationL1TObjects.cpp:28:23: error: 'L1GtExternalTemplate' was not declared in this scope
     testSerialization<L1GtExternalTemplate>();
                       ^
/afs/cern.ch/user/t/tjames/cmssw/CMSSW_7_5_0_pre1/src/CondFormats/L1TObjects/test/testSerializationL1TObjects.cpp:28:45: error: no matching function for call to 'testSerialization()'
     testSerialization<L1GtExternalTemplate>();
                                             ^
/afs/cern.ch/user/t/tjames/cmssw/CMSSW_7_5_0_pre1/src/CondFormats/L1TObjects/test/testSerializationL1TObjects.cpp:28:45: note: candidate is:
In file included from /afs/cern.ch/user/t/tjames/cmssw/CMSSW_7_5_0_pre1/src/CondFormats/L1TObjects/test/testSerializationL1TObjects.cpp:1:0:
/cvmfs/cms.cern.ch/slc6_amd64_gcc491/cms/cmssw/CMSSW_7_5_0_pre1/src/CondFormats/Serialization/interface/Test.h:47:6: note: template<class T> void testSerialization()
 void testSerialization()
      ^
/cvmfs/cms.cern.ch/slc6_amd64_gcc491/cms/cmssw/CMSSW_7_5_0_pre1/src/CondFormats/Serialization/interface/Test.h:47:6: note:   template argument deduction/substitution failed:
/afs/cern.ch/user/t/tjames/cmssw/CMSSW_7_5_0_pre1/src/CondFormats/L1TObjects/test/testSerializationL1TObjects.cpp:28:45: error: template argument 1 is invalid
     testSerialization<L1GtExternalTemplate>();
                                             ^
/afs/cern.ch/user/t/tjames/cmssw/CMSSW_7_5_0_pre1/src/CondFormats/L1TObjects/test/testSerializationL1TObjects.cpp:29:23: error: 'L1GtHfBitCountsTemplate' was not declared in this scope
     testSerialization<L1GtHfBitCountsTemplate>();
                       ^
/afs/cern.ch/user/t/tjames/cmssw/CMSSW_7_5_0_pre1/src/CondFormats/L1TObjects/test/testSerializationL1TObjects.cpp:29:48: error: no matching function for call to 'testSerialization()'
     testSerialization<L1GtHfBitCountsTemplate>();
                                                ^
/afs/cern.ch/user/t/tjames/cmssw/CMSSW_7_5_0_pre1/src/CondFormats/L1TObjects/test/testSerializationL1TObjects.cpp:29:48: note: candidate is:
In file included from /afs/cern.ch/user/t/tjames/cmssw/CMSSW_7_5_0_pre1/src/CondFormats/L1TObjects/test/testSerializationL1TObjects.cpp:1:0:
/cvmfs/cms.cern.ch/slc6_amd64_gcc491/cms/cmssw/CMSSW_7_5_0_pre1/src/CondFormats/Serialization/interface/Test.h:47:6: note: template<class T> void testSerialization()
 void testSerialization()
      ^
/cvmfs/cms.cern.ch/slc6_amd64_gcc491/cms/cmssw/CMSSW_7_5_0_pre1/src/CondFormats/Serialization/interface/Test.h:47:6: note:   template argument deduction/substitution failed:
/afs/cern.ch/user/t/tjames/cmssw/CMSSW_7_5_0_pre1/src/CondFormats/L1TObjects/test/testSerializationL1TObjects.cpp:29:48: error: template argument 1 is invalid
     testSerialization<L1GtHfBitCountsTemplate>();
                                                ^
/afs/cern.ch/user/t/tjames/cmssw/CMSSW_7_5_0_pre1/src/CondFormats/L1TObjects/test/testSerializationL1TObjects.cpp:30:23: error: the value of 'L1GtHfBitCountsTemplate' is not usable in a constant expression
     testSerialization<L1GtHfBitCountsTemplate::ObjectParameter>();
                       ^
/afs/cern.ch/user/t/tjames/cmssw/CMSSW_7_5_0_pre1/src/CondFormats/L1TObjects/test/testSerializationL1TObjects.cpp:29:23: note: 'L1GtHfBitCountsTemplate' was not declared 'constexpr'
     testSerialization<L1GtHfBitCountsTemplate>();
                       ^
/afs/cern.ch/user/t/tjames/cmssw/CMSSW_7_5_0_pre1/src/CondFormats/L1TObjects/test/testSerializationL1TObjects.cpp:30:5: error: parse error in template argument list
     testSerialization<L1GtHfBitCountsTemplate::ObjectParameter>();
     ^
/afs/cern.ch/user/t/tjames/cmssw/CMSSW_7_5_0_pre1/src/CondFormats/L1TObjects/test/testSerializationL1TObjects.cpp:30:65: error: no matching function for call to 'testSerialization()'
     testSerialization<L1GtHfBitCountsTemplate::ObjectParameter>();
                                                                 ^
/afs/cern.ch/user/t/tjames/cmssw/CMSSW_7_5_0_pre1/src/CondFormats/L1TObjects/test/testSerializationL1TObjects.cpp:30:65: note: candidate is:
In file included from /afs/cern.ch/user/t/tjames/cmssw/CMSSW_7_5_0_pre1/src/CondFormats/L1TObjects/test/testSerializationL1TObjects.cpp:1:0:
/cvmfs/cms.cern.ch/slc6_amd64_gcc491/cms/cmssw/CMSSW_7_5_0_pre1/src/CondFormats/Serialization/interface/Test.h:47:6: note: template<class T> void testSerialization()
 void testSerialization()
      ^
/cvmfs/cms.cern.ch/slc6_amd64_gcc491/cms/cmssw/CMSSW_7_5_0_pre1/src/CondFormats/Serialization/interface/Test.h:47:6: note:   template argument deduction/substitution failed:
/afs/cern.ch/user/t/tjames/cmssw/CMSSW_7_5_0_pre1/src/CondFormats/L1TObjects/test/testSerializationL1TObjects.cpp:31:23: error: 'L1GtHfRingEtSumsTemplate' was not declared in this scope
     testSerialization<L1GtHfRingEtSumsTemplate>();
                       ^
/afs/cern.ch/user/t/tjames/cmssw/CMSSW_7_5_0_pre1/src/CondFormats/L1TObjects/test/testSerializationL1TObjects.cpp:31:49: error: no matching function for call to 'testSerialization()'
     testSerialization<L1GtHfRingEtSumsTemplate>();
                                                 ^
/afs/cern.ch/user/t/tjames/cmssw/CMSSW_7_5_0_pre1/src/CondFormats/L1TObjects/test/testSerializationL1TObjects.cpp:31:49: note: candidate is:
In file included from /afs/cern.ch/user/t/tjames/cmssw/CMSSW_7_5_0_pre1/src/CondFormats/L1TObjects/test/testSerializationL1TObjects.cpp:1:0:
/cvmfs/cms.cern.ch/slc6_amd64_gcc491/cms/cmssw/CMSSW_7_5_0_pre1/src/CondFormats/Serialization/interface/Test.h:47:6: note: template<class T> void testSerialization()
 void testSerialization()
      ^
/cvmfs/cms.cern.ch/slc6_amd64_gcc491/cms/cmssw/CMSSW_7_5_0_pre1/src/CondFormats/Serialization/interface/Test.h:47:6: note:   template argument deduction/substitution failed:
/afs/cern.ch/user/t/tjames/cmssw/CMSSW_7_5_0_pre1/src/CondFormats/L1TObjects/test/testSerializationL1TObjects.cpp:31:49: error: template argument 1 is invalid
     testSerialization<L1GtHfRingEtSumsTemplate>();
                                                 ^
/afs/cern.ch/user/t/tjames/cmssw/CMSSW_7_5_0_pre1/src/CondFormats/L1TObjects/test/testSerializationL1TObjects.cpp:32:23: error: the value of 'L1GtHfRingEtSumsTemplate' is not usable in a constant expression
     testSerialization<L1GtHfRingEtSumsTemplate::ObjectParameter>();
                       ^
/afs/cern.ch/user/t/tjames/cmssw/CMSSW_7_5_0_pre1/src/CondFormats/L1TObjects/test/testSerializationL1TObjects.cpp:31:23: note: 'L1GtHfRingEtSumsTemplate' was not declared 'constexpr'
     testSerialization<L1GtHfRingEtSumsTemplate>();
                       ^
/afs/cern.ch/user/t/tjames/cmssw/CMSSW_7_5_0_pre1/src/CondFormats/L1TObjects/test/testSerializationL1TObjects.cpp:32:5: error: parse error in template argument list
     testSerialization<L1GtHfRingEtSumsTemplate::ObjectParameter>();
     ^
/afs/cern.ch/user/t/tjames/cmssw/CMSSW_7_5_0_pre1/src/CondFormats/L1TObjects/test/testSerializationL1TObjects.cpp:32:66: error: no matching function for call to 'testSerialization()'
     testSerialization<L1GtHfRingEtSumsTemplate::ObjectParameter>();
                                                                  ^
/afs/cern.ch/user/t/tjames/cmssw/CMSSW_7_5_0_pre1/src/CondFormats/L1TObjects/test/testSerializationL1TObjects.cpp:32:66: note: candidate is:
In file included from /afs/cern.ch/user/t/tjames/cmssw/CMSSW_7_5_0_pre1/src/CondFormats/L1TObjects/test/testSerializationL1TObjects.cpp:1:0:
/cvmfs/cms.cern.ch/slc6_amd64_gcc491/cms/cmssw/CMSSW_7_5_0_pre1/src/CondFormats/Serialization/interface/Test.h:47:6: note: template<class T> void testSerialization()
 void testSerialization()
      ^
/cvmfs/cms.cern.ch/slc6_amd64_gcc491/cms/cmssw/CMSSW_7_5_0_pre1/src/CondFormats/Serialization/interface/Test.h:47:6: note:   template argument deduction/substitution failed:
/afs/cern.ch/user/t/tjames/cmssw/CMSSW_7_5_0_pre1/src/CondFormats/L1TObjects/test/testSerializationL1TObjects.cpp:33:23: error: 'L1GtJetCountsTemplate' was not declared in this scope
     testSerialization<L1GtJetCountsTemplate>();
                       ^
/afs/cern.ch/user/t/tjames/cmssw/CMSSW_7_5_0_pre1/src/CondFormats/L1TObjects/test/testSerializationL1TObjects.cpp:33:46: error: no matching function for call to 'testSerialization()'
     testSerialization<L1GtJetCountsTemplate>();
                                              ^
/afs/cern.ch/user/t/tjames/cmssw/CMSSW_7_5_0_pre1/src/CondFormats/L1TObjects/test/testSerializationL1TObjects.cpp:33:46: note: candidate is:
In file included from /afs/cern.ch/user/t/tjames/cmssw/CMSSW_7_5_0_pre1/src/CondFormats/L1TObjects/test/testSerializationL1TObjects.cpp:1:0:
/cvmfs/cms.cern.ch/slc6_amd64_gcc491/cms/cmssw/CMSSW_7_5_0_pre1/src/CondFormats/Serialization/interface/Test.h:47:6: note: template<class T> void testSerialization()
 void testSerialization()
      ^
/cvmfs/cms.cern.ch/slc6_amd64_gcc491/cms/cmssw/CMSSW_7_5_0_pre1/src/CondFormats/Serialization/interface/Test.h:47:6: note:   template argument deduction/substitution failed:
/afs/cern.ch/user/t/tjames/cmssw/CMSSW_7_5_0_pre1/src/CondFormats/L1TObjects/test/testSerializationL1TObjects.cpp:33:46: error: template argument 1 is invalid
     testSerialization<L1GtJetCountsTemplate>();
                                              ^
/afs/cern.ch/user/t/tjames/cmssw/CMSSW_7_5_0_pre1/src/CondFormats/L1TObjects/test/testSerializationL1TObjects.cpp:34:23: error: the value of 'L1GtJetCountsTemplate' is not usable in a constant expression
     testSerialization<L1GtJetCountsTemplate::ObjectParameter>();
                       ^
/afs/cern.ch/user/t/tjames/cmssw/CMSSW_7_5_0_pre1/src/CondFormats/L1TObjects/test/testSerializationL1TObjects.cpp:33:23: note: 'L1GtJetCountsTemplate' was not declared 'constexpr'
     testSerialization<L1GtJetCountsTemplate>();
                       ^
/afs/cern.ch/user/t/tjames/cmssw/CMSSW_7_5_0_pre1/src/CondFormats/L1TObjects/test/testSerializationL1TObjects.cpp:34:5: error: parse error in template argument list
     testSerialization<L1GtJetCountsTemplate::ObjectParameter>();
     ^
/afs/cern.ch/user/t/tjames/cmssw/CMSSW_7_5_0_pre1/src/CondFormats/L1TObjects/test/testSerializationL1TObjects.cpp:34:63: error: no matching function for call to 'testSerialization()'
     testSerialization<L1GtJetCountsTemplate::ObjectParameter>();
                                                               ^
/afs/cern.ch/user/t/tjames/cmssw/CMSSW_7_5_0_pre1/src/CondFormats/L1TObjects/test/testSerializationL1TObjects.cpp:34:63: note: candidate is:
In file included from /afs/cern.ch/user/t/tjames/cmssw/CMSSW_7_5_0_pre1/src/CondFormats/L1TObjects/test/testSerializationL1TObjects.cpp:1:0:
/cvmfs/cms.cern.ch/slc6_amd64_gcc491/cms/cmssw/CMSSW_7_5_0_pre1/src/CondFormats/Serialization/interface/Test.h:47:6: note: template<class T> void testSerialization()
 void testSerialization()
      ^
/cvmfs/cms.cern.ch/slc6_amd64_gcc491/cms/cmssw/CMSSW_7_5_0_pre1/src/CondFormats/Serialization/interface/Test.h:47:6: note:   template argument deduction/substitution failed:
/afs/cern.ch/user/t/tjames/cmssw/CMSSW_7_5_0_pre1/src/CondFormats/L1TObjects/test/testSerializationL1TObjects.cpp:35:23: error: 'L1GtMuonTemplate' was not declared in this scope
     testSerialization<L1GtMuonTemplate>();
                       ^
/afs/cern.ch/user/t/tjames/cmssw/CMSSW_7_5_0_pre1/src/CondFormats/L1TObjects/test/testSerializationL1TObjects.cpp:35:41: error: no matching function for call to 'testSerialization()'
     testSerialization<L1GtMuonTemplate>();
                                         ^
/afs/cern.ch/user/t/tjames/cmssw/CMSSW_7_5_0_pre1/src/CondFormats/L1TObjects/test/testSerializationL1TObjects.cpp:35:41: note: candidate is:
In file included from /afs/cern.ch/user/t/tjames/cmssw/CMSSW_7_5_0_pre1/src/CondFormats/L1TObjects/test/testSerializationL1TObjects.cpp:1:0:
/cvmfs/cms.cern.ch/slc6_amd64_gcc491/cms/cmssw/CMSSW_7_5_0_pre1/src/CondFormats/Serialization/interface/Test.h:47:6: note: template<class T> void testSerialization()
 void testSerialization()
      ^
/cvmfs/cms.cern.ch/slc6_amd64_gcc491/cms/cmssw/CMSSW_7_5_0_pre1/src/CondFormats/Serialization/interface/Test.h:47:6: note:   template argument deduction/substitution failed:
/afs/cern.ch/user/t/tjames/cmssw/CMSSW_7_5_0_pre1/src/CondFormats/L1TObjects/test/testSerializationL1TObjects.cpp:35:41: error: template argument 1 is invalid
     testSerialization<L1GtMuonTemplate>();
                                         ^
/afs/cern.ch/user/t/tjames/cmssw/CMSSW_7_5_0_pre1/src/CondFormats/L1TObjects/test/testSerializationL1TObjects.cpp:36:23: error: the value of 'L1GtMuonTemplate' is not usable in a constant expression
     testSerialization<L1GtMuonTemplate::CorrelationParameter>();
                       ^
/afs/cern.ch/user/t/tjames/cmssw/CMSSW_7_5_0_pre1/src/CondFormats/L1TObjects/test/testSerializationL1TObjects.cpp:35:23: note: 'L1GtMuonTemplate' was not declared 'constexpr'
     testSerialization<L1GtMuonTemplate>();
                       ^
/afs/cern.ch/user/t/tjames/cmssw/CMSSW_7_5_0_pre1/src/CondFormats/L1TObjects/test/testSerializationL1TObjects.cpp:36:5: error: parse error in template argument list
     testSerialization<L1GtMuonTemplate::CorrelationParameter>();
     ^
/afs/cern.ch/user/t/tjames/cmssw/CMSSW_7_5_0_pre1/src/CondFormats/L1TObjects/test/testSerializationL1TObjects.cpp:36:63: error: no matching function for call to 'testSerialization()'
     testSerialization<L1GtMuonTemplate::CorrelationParameter>();
                                                               ^
/afs/cern.ch/user/t/tjames/cmssw/CMSSW_7_5_0_pre1/src/CondFormats/L1TObjects/test/testSerializationL1TObjects.cpp:36:63: note: candidate is:
In file included from /afs/cern.ch/user/t/tjames/cmssw/CMSSW_7_5_0_pre1/src/CondFormats/L1TObjects/test/testSerializationL1TObjects.cpp:1:0:
/cvmfs/cms.cern.ch/slc6_amd64_gcc491/cms/cmssw/CMSSW_7_5_0_pre1/src/CondFormats/Serialization/interface/Test.h:47:6: note: template<class T> void testSerialization()
 void testSerialization()
      ^
/cvmfs/cms.cern.ch/slc6_amd64_gcc491/cms/cmssw/CMSSW_7_5_0_pre1/src/CondFormats/Serialization/interface/Test.h:47:6: note:   template argument deduction/substitution failed:
/afs/cern.ch/user/t/tjames/cmssw/CMSSW_7_5_0_pre1/src/CondFormats/L1TObjects/test/testSerializationL1TObjects.cpp:38:23: error: 'L1GtParameters' was not declared in this scope
     testSerialization<L1GtParameters>();
                       ^
/afs/cern.ch/user/t/tjames/cmssw/CMSSW_7_5_0_pre1/src/CondFormats/L1TObjects/test/testSerializationL1TObjects.cpp:38:39: error: no matching function for call to 'testSerialization()'
     testSerialization<L1GtParameters>();
                                       ^
/afs/cern.ch/user/t/tjames/cmssw/CMSSW_7_5_0_pre1/src/CondFormats/L1TObjects/test/testSerializationL1TObjects.cpp:38:39: note: candidate is:
In file included from /afs/cern.ch/user/t/tjames/cmssw/CMSSW_7_5_0_pre1/src/CondFormats/L1TObjects/test/testSerializationL1TObjects.cpp:1:0:
/cvmfs/cms.cern.ch/slc6_amd64_gcc491/cms/cmssw/CMSSW_7_5_0_pre1/src/CondFormats/Serialization/interface/Test.h:47:6: note: template<class T> void testSerialization()
 void testSerialization()
      ^
/cvmfs/cms.cern.ch/slc6_amd64_gcc491/cms/cmssw/CMSSW_7_5_0_pre1/src/CondFormats/Serialization/interface/Test.h:47:6: note:   template argument deduction/substitution failed:
/afs/cern.ch/user/t/tjames/cmssw/CMSSW_7_5_0_pre1/src/CondFormats/L1TObjects/test/testSerializationL1TObjects.cpp:38:39: error: template argument 1 is invalid
     testSerialization<L1GtParameters>();
                                       ^
/afs/cern.ch/user/t/tjames/cmssw/CMSSW_7_5_0_pre1/src/CondFormats/L1TObjects/test/testSerializationL1TObjects.cpp:39:23: error: 'L1GtPrescaleFactors' was not declared in this scope
     testSerialization<L1GtPrescaleFactors>();
                       ^
/afs/cern.ch/user/t/tjames/cmssw/CMSSW_7_5_0_pre1/src/CondFormats/L1TObjects/test/testSerializationL1TObjects.cpp:39:44: error: no matching function for call to 'testSerialization()'
     testSerialization<L1GtPrescaleFactors>();
                                            ^
/afs/cern.ch/user/t/tjames/cmssw/CMSSW_7_5_0_pre1/src/CondFormats/L1TObjects/test/testSerializationL1TObjects.cpp:39:44: note: candidate is:
In file included from /afs/cern.ch/user/t/tjames/cmssw/CMSSW_7_5_0_pre1/src/CondFormats/L1TObjects/test/testSerializationL1TObjects.cpp:1:0:
/cvmfs/cms.cern.ch/slc6_amd64_gcc491/cms/cmssw/CMSSW_7_5_0_pre1/src/CondFormats/Serialization/interface/Test.h:47:6: note: template<class T> void testSerialization()
 void testSerialization()
      ^
/cvmfs/cms.cern.ch/slc6_amd64_gcc491/cms/cmssw/CMSSW_7_5_0_pre1/src/CondFormats/Serialization/interface/Test.h:47:6: note:   template argument deduction/substitution failed:
/afs/cern.ch/user/t/tjames/cmssw/CMSSW_7_5_0_pre1/src/CondFormats/L1TObjects/test/testSerializationL1TObjects.cpp:39:44: error: template argument 1 is invalid
     testSerialization<L1GtPrescaleFactors>();
                                            ^
/afs/cern.ch/user/t/tjames/cmssw/CMSSW_7_5_0_pre1/src/CondFormats/L1TObjects/test/testSerializationL1TObjects.cpp:40:23: error: 'L1GtPsbConfig' was not declared in this scope
     testSerialization<L1GtPsbConfig>();
                       ^
/afs/cern.ch/user/t/tjames/cmssw/CMSSW_7_5_0_pre1/src/CondFormats/L1TObjects/test/testSerializationL1TObjects.cpp:40:38: error: no matching function for call to 'testSerialization()'
     testSerialization<L1GtPsbConfig>();
                                      ^
/afs/cern.ch/user/t/tjames/cmssw/CMSSW_7_5_0_pre1/src/CondFormats/L1TObjects/test/testSerializationL1TObjects.cpp:40:38: note: candidate is:
In file included from /afs/cern.ch/user/t/tjames/cmssw/CMSSW_7_5_0_pre1/src/CondFormats/L1TObjects/test/testSerializationL1TObjects.cpp:1:0:
/cvmfs/cms.cern.ch/slc6_amd64_gcc491/cms/cmssw/CMSSW_7_5_0_pre1/src/CondFormats/Serialization/interface/Test.h:47:6: note: template<class T> void testSerialization()
 void testSerialization()
      ^
/cvmfs/cms.cern.ch/slc6_amd64_gcc491/cms/cmssw/CMSSW_7_5_0_pre1/src/CondFormats/Serialization/interface/Test.h:47:6: note:   template argument deduction/substitution failed:
/afs/cern.ch/user/t/tjames/cmssw/CMSSW_7_5_0_pre1/src/CondFormats/L1TObjects/test/testSerializationL1TObjects.cpp:40:38: error: template argument 1 is invalid
     testSerialization<L1GtPsbConfig>();
                                      ^
/afs/cern.ch/user/t/tjames/cmssw/CMSSW_7_5_0_pre1/src/CondFormats/L1TObjects/test/testSerializationL1TObjects.cpp:41:23: error: 'L1GtPsbSetup' was not declared in this scope
     testSerialization<L1GtPsbSetup>();
                       ^
/afs/cern.ch/user/t/tjames/cmssw/CMSSW_7_5_0_pre1/src/CondFormats/L1TObjects/test/testSerializationL1TObjects.cpp:41:37: error: no matching function for call to 'testSerialization()'
     testSerialization<L1GtPsbSetup>();
                                     ^
/afs/cern.ch/user/t/tjames/cmssw/CMSSW_7_5_0_pre1/src/CondFormats/L1TObjects/test/testSerializationL1TObjects.cpp:41:37: note: candidate is:
In file included from /afs/cern.ch/user/t/tjames/cmssw/CMSSW_7_5_0_pre1/src/CondFormats/L1TObjects/test/testSerializationL1TObjects.cpp:1:0:
/cvmfs/cms.cern.ch/slc6_amd64_gcc491/cms/cmssw/CMSSW_7_5_0_pre1/src/CondFormats/Serialization/interface/Test.h:47:6: note: template<class T> void testSerialization()
 void testSerialization()
      ^
/cvmfs/cms.cern.ch/slc6_amd64_gcc491/cms/cmssw/CMSSW_7_5_0_pre1/src/CondFormats/Serialization/interface/Test.h:47:6: note:   template argument deduction/substitution failed:
/afs/cern.ch/user/t/tjames/cmssw/CMSSW_7_5_0_pre1/src/CondFormats/L1TObjects/test/testSerializationL1TObjects.cpp:41:37: error: template argument 1 is invalid
     testSerialization<L1GtPsbSetup>();
                                     ^
/afs/cern.ch/user/t/tjames/cmssw/CMSSW_7_5_0_pre1/src/CondFormats/L1TObjects/test/testSerializationL1TObjects.cpp:42:23: error: 'L1GtStableParameters' was not declared in this scope
     testSerialization<L1GtStableParameters>();
                       ^
/afs/cern.ch/user/t/tjames/cmssw/CMSSW_7_5_0_pre1/src/CondFormats/L1TObjects/test/testSerializationL1TObjects.cpp:42:45: error: no matching function for call to 'testSerialization()'
     testSerialization<L1GtStableParameters>();
                                             ^
/afs/cern.ch/user/t/tjames/cmssw/CMSSW_7_5_0_pre1/src/CondFormats/L1TObjects/test/testSerializationL1TObjects.cpp:42:45: note: candidate is:
In file included from /afs/cern.ch/user/t/tjames/cmssw/CMSSW_7_5_0_pre1/src/CondFormats/L1TObjects/test/testSerializationL1TObjects.cpp:1:0:
/cvmfs/cms.cern.ch/slc6_amd64_gcc491/cms/cmssw/CMSSW_7_5_0_pre1/src/CondFormats/Serialization/interface/Test.h:47:6: note: template<class T> void testSerialization()
 void testSerialization()
      ^
/cvmfs/cms.cern.ch/slc6_amd64_gcc491/cms/cmssw/CMSSW_7_5_0_pre1/src/CondFormats/Serialization/interface/Test.h:47:6: note:   template argument deduction/substitution failed:
/afs/cern.ch/user/t/tjames/cmssw/CMSSW_7_5_0_pre1/src/CondFormats/L1TObjects/test/testSerializationL1TObjects.cpp:42:45: error: template argument 1 is invalid
     testSerialization<L1GtStableParameters>();
                                             ^
/afs/cern.ch/user/t/tjames/cmssw/CMSSW_7_5_0_pre1/src/CondFormats/L1TObjects/test/testSerializationL1TObjects.cpp:43:23: error: 'L1GtTriggerMask' was not declared in this scope
     testSerialization<L1GtTriggerMask>();
                       ^
/afs/cern.ch/user/t/tjames/cmssw/CMSSW_7_5_0_pre1/src/CondFormats/L1TObjects/test/testSerializationL1TObjects.cpp:43:40: error: no matching function for call to 'testSerialization()'
     testSerialization<L1GtTriggerMask>();
                                        ^
/afs/cern.ch/user/t/tjames/cmssw/CMSSW_7_5_0_pre1/src/CondFormats/L1TObjects/test/testSerializationL1TObjects.cpp:43:40: note: candidate is:
In file included from /afs/cern.ch/user/t/tjames/cmssw/CMSSW_7_5_0_pre1/src/CondFormats/L1TObjects/test/testSerializationL1TObjects.cpp:1:0:
/cvmfs/cms.cern.ch/slc6_amd64_gcc491/cms/cmssw/CMSSW_7_5_0_pre1/src/CondFormats/Serialization/interface/Test.h:47:6: note: template<class T> void testSerialization()
 void testSerialization()
      ^
/cvmfs/cms.cern.ch/slc6_amd64_gcc491/cms/cmssw/CMSSW_7_5_0_pre1/src/CondFormats/Serialization/interface/Test.h:47:6: note:   template argument deduction/substitution failed:
/afs/cern.ch/user/t/tjames/cmssw/CMSSW_7_5_0_pre1/src/CondFormats/L1TObjects/test/testSerializationL1TObjects.cpp:43:40: error: template argument 1 is invalid
     testSerialization<L1GtTriggerMask>();
                                        ^
/afs/cern.ch/user/t/tjames/cmssw/CMSSW_7_5_0_pre1/src/CondFormats/L1TObjects/test/testSerializationL1TObjects.cpp:44:23: error: 'L1GtTriggerMenu' was not declared in this scope
     testSerialization<L1GtTriggerMenu>();
                       ^
/afs/cern.ch/user/t/tjames/cmssw/CMSSW_7_5_0_pre1/src/CondFormats/L1TObjects/test/testSerializationL1TObjects.cpp:44:40: error: no matching function for call to 'testSerialization()'
     testSerialization<L1GtTriggerMenu>();
                                        ^
/afs/cern.ch/user/t/tjames/cmssw/CMSSW_7_5_0_pre1/src/CondFormats/L1TObjects/test/testSerializationL1TObjects.cpp:44:40: note: candidate is:
In file included from /afs/cern.ch/user/t/tjames/cmssw/CMSSW_7_5_0_pre1/src/CondFormats/L1TObjects/test/testSerializationL1TObjects.cpp:1:0:
/cvmfs/cms.cern.ch/slc6_amd64_gcc491/cms/cmssw/CMSSW_7_5_0_pre1/src/CondFormats/Serialization/interface/Test.h:47:6: note: template<class T> void testSerialization()
 void testSerialization()
      ^
/cvmfs/cms.cern.ch/slc6_amd64_gcc491/cms/cmssw/CMSSW_7_5_0_pre1/src/CondFormats/Serialization/interface/Test.h:47:6: note:   template argument deduction/substitution failed:
/afs/cern.ch/user/t/tjames/cmssw/CMSSW_7_5_0_pre1/src/CondFormats/L1TObjects/test/testSerializationL1TObjects.cpp:44:40: error: template argument 1 is invalid
     testSerialization<L1GtTriggerMenu>();
                                        ^
/afs/cern.ch/user/t/tjames/cmssw/CMSSW_7_5_0_pre1/src/CondFormats/L1TObjects/test/testSerializationL1TObjects.cpp:45:23: error: 'L1MuBinnedScale' was not declared in this scope
     testSerialization<L1MuBinnedScale>();
                       ^
/afs/cern.ch/user/t/tjames/cmssw/CMSSW_7_5_0_pre1/src/CondFormats/L1TObjects/test/testSerializationL1TObjects.cpp:45:40: error: no matching function for call to 'testSerialization()'
     testSerialization<L1MuBinnedScale>();
                                        ^
/afs/cern.ch/user/t/tjames/cmssw/CMSSW_7_5_0_pre1/src/CondFormats/L1TObjects/test/testSerializationL1TObjects.cpp:45:40: note: candidate is:
In file included from /afs/cern.ch/user/t/tjames/cmssw/CMSSW_7_5_0_pre1/src/CondFormats/L1TObjects/test/testSerializationL1TObjects.cpp:1:0:
/cvmfs/cms.cern.ch/slc6_amd64_gcc491/cms/cmssw/CMSSW_7_5_0_pre1/src/CondFormats/Serialization/interface/Test.h:47:6: note: template<class T> void testSerialization()
 void testSerialization()
      ^
/cvmfs/cms.cern.ch/slc6_amd64_gcc491/cms/cmssw/CMSSW_7_5_0_pre1/src/CondFormats/Serialization/interface/Test.h:47:6: note:   template argument deduction/substitution failed:
/afs/cern.ch/user/t/tjames/cmssw/CMSSW_7_5_0_pre1/src/CondFormats/L1TObjects/test/testSerializationL1TObjects.cpp:45:40: error: template argument 1 is invalid
     testSerialization<L1MuBinnedScale>();
                                        ^
/afs/cern.ch/user/t/tjames/cmssw/CMSSW_7_5_0_pre1/src/CondFormats/L1TObjects/test/testSerializationL1TObjects.cpp:46:23: error: 'L1MuCSCPtLut' was not declared in this scope
     testSerialization<L1MuCSCPtLut>();
                       ^
/afs/cern.ch/user/t/tjames/cmssw/CMSSW_7_5_0_pre1/src/CondFormats/L1TObjects/test/testSerializationL1TObjects.cpp:46:37: error: no matching function for call to 'testSerialization()'
     testSerialization<L1MuCSCPtLut>();
                                     ^
/afs/cern.ch/user/t/tjames/cmssw/CMSSW_7_5_0_pre1/src/CondFormats/L1TObjects/test/testSerializationL1TObjects.cpp:46:37: note: candidate is:
In file included from /afs/cern.ch/user/t/tjames/cmssw/CMSSW_7_5_0_pre1/src/CondFormats/L1TObjects/test/testSerializationL1TObjects.cpp:1:0:
/cvmfs/cms.cern.ch/slc6_amd64_gcc491/cms/cmssw/CMSSW_7_5_0_pre1/src/CondFormats/Serialization/interface/Test.h:47:6: note: template<class T> void testSerialization()
 void testSerialization()
      ^
/cvmfs/cms.cern.ch/slc6_amd64_gcc491/cms/cmssw/CMSSW_7_5_0_pre1/src/CondFormats/Serialization/interface/Test.h:47:6: note:   template argument deduction/substitution failed:
/afs/cern.ch/user/t/tjames/cmssw/CMSSW_7_5_0_pre1/src/CondFormats/L1TObjects/test/testSerializationL1TObjects.cpp:46:37: error: template argument 1 is invalid
     testSerialization<L1MuCSCPtLut>();
                                     ^
/afs/cern.ch/user/t/tjames/cmssw/CMSSW_7_5_0_pre1/src/CondFormats/L1TObjects/test/testSerializationL1TObjects.cpp:47:23: error: 'L1MuCSCTFAlignment' was not declared in this scope
     testSerialization<L1MuCSCTFAlignment>();
                       ^
/afs/cern.ch/user/t/tjames/cmssw/CMSSW_7_5_0_pre1/src/CondFormats/L1TObjects/test/testSerializationL1TObjects.cpp:47:43: error: no matching function for call to 'testSerialization()'
     testSerialization<L1MuCSCTFAlignment>();
                                           ^
/afs/cern.ch/user/t/tjames/cmssw/CMSSW_7_5_0_pre1/src/CondFormats/L1TObjects/test/testSerializationL1TObjects.cpp:47:43: note: candidate is:
In file included from /afs/cern.ch/user/t/tjames/cmssw/CMSSW_7_5_0_pre1/src/CondFormats/L1TObjects/test/testSerializationL1TObjects.cpp:1:0:
/cvmfs/cms.cern.ch/slc6_amd64_gcc491/cms/cmssw/CMSSW_7_5_0_pre1/src/CondFormats/Serialization/interface/Test.h:47:6: note: template<class T> void testSerialization()
 void testSerialization()
      ^
/cvmfs/cms.cern.ch/slc6_amd64_gcc491/cms/cmssw/CMSSW_7_5_0_pre1/src/CondFormats/Serialization/interface/Test.h:47:6: note:   template argument deduction/substitution failed:
/afs/cern.ch/user/t/tjames/cmssw/CMSSW_7_5_0_pre1/src/CondFormats/L1TObjects/test/testSerializationL1TObjects.cpp:47:43: error: template argument 1 is invalid
     testSerialization<L1MuCSCTFAlignment>();
                                           ^
/afs/cern.ch/user/t/tjames/cmssw/CMSSW_7_5_0_pre1/src/CondFormats/L1TObjects/test/testSerializationL1TObjects.cpp:48:23: error: 'L1MuCSCTFConfiguration' was not declared in this scope
     testSerialization<L1MuCSCTFConfiguration>();
                       ^
/afs/cern.ch/user/t/tjames/cmssw/CMSSW_7_5_0_pre1/src/CondFormats/L1TObjects/test/testSerializationL1TObjects.cpp:48:47: error: no matching function for call to 'testSerialization()'
     testSerialization<L1MuCSCTFConfiguration>();
                                               ^
/afs/cern.ch/user/t/tjames/cmssw/CMSSW_7_5_0_pre1/src/CondFormats/L1TObjects/test/testSerializationL1TObjects.cpp:48:47: note: candidate is:
In file included from /afs/cern.ch/user/t/tjames/cmssw/CMSSW_7_5_0_pre1/src/CondFormats/L1TObjects/test/testSerializationL1TObjects.cpp:1:0:
/cvmfs/cms.cern.ch/slc6_amd64_gcc491/cms/cmssw/CMSSW_7_5_0_pre1/src/CondFormats/Serialization/interface/Test.h:47:6: note: template<class T> void testSerialization()
 void testSerialization()
      ^
/cvmfs/cms.cern.ch/slc6_amd64_gcc491/cms/cmssw/CMSSW_7_5_0_pre1/src/CondFormats/Serialization/interface/Test.h:47:6: note:   template argument deduction/substitution failed:
/afs/cern.ch/user/t/tjames/cmssw/CMSSW_7_5_0_pre1/src/CondFormats/L1TObjects/test/testSerializationL1TObjects.cpp:48:47: error: template argument 1 is invalid
     testSerialization<L1MuCSCTFConfiguration>();
                                               ^
/afs/cern.ch/user/t/tjames/cmssw/CMSSW_7_5_0_pre1/src/CondFormats/L1TObjects/test/testSerializationL1TObjects.cpp:49:23: error: 'L1MuDTEtaPattern' was not declared in this scope
     testSerialization<L1MuDTEtaPattern>();
                       ^
/afs/cern.ch/user/t/tjames/cmssw/CMSSW_7_5_0_pre1/src/CondFormats/L1TObjects/test/testSerializationL1TObjects.cpp:49:41: error: no matching function for call to 'testSerialization()'
     testSerialization<L1MuDTEtaPattern>();
                                         ^
/afs/cern.ch/user/t/tjames/cmssw/CMSSW_7_5_0_pre1/src/CondFormats/L1TObjects/test/testSerializationL1TObjects.cpp:49:41: note: candidate is:
In file included from /afs/cern.ch/user/t/tjames/cmssw/CMSSW_7_5_0_pre1/src/CondFormats/L1TObjects/test/testSerializationL1TObjects.cpp:1:0:
/cvmfs/cms.cern.ch/slc6_amd64_gcc491/cms/cmssw/CMSSW_7_5_0_pre1/src/CondFormats/Serialization/interface/Test.h:47:6: note: template<class T> void testSerialization()
 void testSerialization()
      ^
/cvmfs/cms.cern.ch/slc6_amd64_gcc491/cms/cmssw/CMSSW_7_5_0_pre1/src/CondFormats/Serialization/interface/Test.h:47:6: note:   template argument deduction/substitution failed:
/afs/cern.ch/user/t/tjames/cmssw/CMSSW_7_5_0_pre1/src/CondFormats/L1TObjects/test/testSerializationL1TObjects.cpp:49:41: error: template argument 1 is invalid
     testSerialization<L1MuDTEtaPattern>();
                                         ^
/afs/cern.ch/user/t/tjames/cmssw/CMSSW_7_5_0_pre1/src/CondFormats/L1TObjects/test/testSerializationL1TObjects.cpp:50:23: error: 'L1MuDTEtaPatternLut' was not declared in this scope
     testSerialization<L1MuDTEtaPatternLut>();
                       ^
/afs/cern.ch/user/t/tjames/cmssw/CMSSW_7_5_0_pre1/src/CondFormats/L1TObjects/test/testSerializationL1TObjects.cpp:50:44: error: no matching function for call to 'testSerialization()'
     testSerialization<L1MuDTEtaPatternLut>();
                                            ^
/afs/cern.ch/user/t/tjames/cmssw/CMSSW_7_5_0_pre1/src/CondFormats/L1TObjects/test/testSerializationL1TObjects.cpp:50:44: note: candidate is:
In file included from /afs/cern.ch/user/t/tjames/cmssw/CMSSW_7_5_0_pre1/src/CondFormats/L1TObjects/test/testSerializationL1TObjects.cpp:1:0:
/cvmfs/cms.cern.ch/slc6_amd64_gcc491/cms/cmssw/CMSSW_7_5_0_pre1/src/CondFormats/Serialization/interface/Test.h:47:6: note: template<class T> void testSerialization()
 void testSerialization()
      ^
/cvmfs/cms.cern.ch/slc6_amd64_gcc491/cms/cmssw/CMSSW_7_5_0_pre1/src/CondFormats/Serialization/interface/Test.h:47:6: note:   template argument deduction/substitution failed:
/afs/cern.ch/user/t/tjames/cmssw/CMSSW_7_5_0_pre1/src/CondFormats/L1TObjects/test/testSerializationL1TObjects.cpp:50:44: error: template argument 1 is invalid
     testSerialization<L1MuDTEtaPatternLut>();
                                            ^
/afs/cern.ch/user/t/tjames/cmssw/CMSSW_7_5_0_pre1/src/CondFormats/L1TObjects/test/testSerializationL1TObjects.cpp:51:23: error: 'L1MuDTExtLut' was not declared in this scope
     testSerialization<L1MuDTExtLut>();
                       ^
/afs/cern.ch/user/t/tjames/cmssw/CMSSW_7_5_0_pre1/src/CondFormats/L1TObjects/test/testSerializationL1TObjects.cpp:51:37: error: no matching function for call to 'testSerialization()'
     testSerialization<L1MuDTExtLut>();
                                     ^
/afs/cern.ch/user/t/tjames/cmssw/CMSSW_7_5_0_pre1/src/CondFormats/L1TObjects/test/testSerializationL1TObjects.cpp:51:37: note: candidate is:
In file included from /afs/cern.ch/user/t/tjames/cmssw/CMSSW_7_5_0_pre1/src/CondFormats/L1TObjects/test/testSerializationL1TObjects.cpp:1:0:
/cvmfs/cms.cern.ch/slc6_amd64_gcc491/cms/cmssw/CMSSW_7_5_0_pre1/src/CondFormats/Serialization/interface/Test.h:47:6: note: template<class T> void testSerialization()
 void testSerialization()
      ^
/cvmfs/cms.cern.ch/slc6_amd64_gcc491/cms/cmssw/CMSSW_7_5_0_pre1/src/CondFormats/Serialization/interface/Test.h:47:6: note:   template argument deduction/substitution failed:
/afs/cern.ch/user/t/tjames/cmssw/CMSSW_7_5_0_pre1/src/CondFormats/L1TObjects/test/testSerializationL1TObjects.cpp:51:37: error: template argument 1 is invalid
     testSerialization<L1MuDTExtLut>();
                                     ^
/afs/cern.ch/user/t/tjames/cmssw/CMSSW_7_5_0_pre1/src/CondFormats/L1TObjects/test/testSerializationL1TObjects.cpp:52:23: error: the value of 'L1MuDTExtLut' is not usable in a constant expression
     testSerialization<L1MuDTExtLut::LUT>();
                       ^
/afs/cern.ch/user/t/tjames/cmssw/CMSSW_7_5_0_pre1/src/CondFormats/L1TObjects/test/testSerializationL1TObjects.cpp:51:23: note: 'L1MuDTExtLut' was not declared 'constexpr'
     testSerialization<L1MuDTExtLut>();
                       ^
/afs/cern.ch/user/t/tjames/cmssw/CMSSW_7_5_0_pre1/src/CondFormats/L1TObjects/test/testSerializationL1TObjects.cpp:52:5: error: parse error in template argument list
     testSerialization<L1MuDTExtLut::LUT>();
     ^
/afs/cern.ch/user/t/tjames/cmssw/CMSSW_7_5_0_pre1/src/CondFormats/L1TObjects/test/testSerializationL1TObjects.cpp:52:42: error: no matching function for call to 'testSerialization()'
     testSerialization<L1MuDTExtLut::LUT>();
                                          ^
/afs/cern.ch/user/t/tjames/cmssw/CMSSW_7_5_0_pre1/src/CondFormats/L1TObjects/test/testSerializationL1TObjects.cpp:52:42: note: candidate is:
In file included from /afs/cern.ch/user/t/tjames/cmssw/CMSSW_7_5_0_pre1/src/CondFormats/L1TObjects/test/testSerializationL1TObjects.cpp:1:0:
/cvmfs/cms.cern.ch/slc6_amd64_gcc491/cms/cmssw/CMSSW_7_5_0_pre1/src/CondFormats/Serialization/interface/Test.h:47:6: note: template<class T> void testSerialization()
 void testSerialization()
      ^
/cvmfs/cms.cern.ch/slc6_amd64_gcc491/cms/cmssw/CMSSW_7_5_0_pre1/src/CondFormats/Serialization/interface/Test.h:47:6: note:   template argument deduction/substitution failed:
/afs/cern.ch/user/t/tjames/cmssw/CMSSW_7_5_0_pre1/src/CondFormats/L1TObjects/test/testSerializationL1TObjects.cpp:53:23: error: 'L1MuDTPhiLut' was not declared in this scope
     testSerialization<L1MuDTPhiLut>();
                       ^
/afs/cern.ch/user/t/tjames/cmssw/CMSSW_7_5_0_pre1/src/CondFormats/L1TObjects/test/testSerializationL1TObjects.cpp:53:37: error: no matching function for call to 'testSerialization()'
     testSerialization<L1MuDTPhiLut>();
                                     ^
/afs/cern.ch/user/t/tjames/cmssw/CMSSW_7_5_0_pre1/src/CondFormats/L1TObjects/test/testSerializationL1TObjects.cpp:53:37: note: candidate is:
In file included from /afs/cern.ch/user/t/tjames/cmssw/CMSSW_7_5_0_pre1/src/CondFormats/L1TObjects/test/testSerializationL1TObjects.cpp:1:0:
/cvmfs/cms.cern.ch/slc6_amd64_gcc491/cms/cmssw/CMSSW_7_5_0_pre1/src/CondFormats/Serialization/interface/Test.h:47:6: note: template<class T> void testSerialization()
 void testSerialization()
      ^
/cvmfs/cms.cern.ch/slc6_amd64_gcc491/cms/cmssw/CMSSW_7_5_0_pre1/src/CondFormats/Serialization/interface/Test.h:47:6: note:   template argument deduction/substitution failed:
/afs/cern.ch/user/t/tjames/cmssw/CMSSW_7_5_0_pre1/src/CondFormats/L1TObjects/test/testSerializationL1TObjects.cpp:53:37: error: template argument 1 is invalid
     testSerialization<L1MuDTPhiLut>();
                                     ^
/afs/cern.ch/user/t/tjames/cmssw/CMSSW_7_5_0_pre1/src/CondFormats/L1TObjects/test/testSerializationL1TObjects.cpp:54:23: error: 'L1MuDTPtaLut' was not declared in this scope
     testSerialization<L1MuDTPtaLut>();
                       ^
/afs/cern.ch/user/t/tjames/cmssw/CMSSW_7_5_0_pre1/src/CondFormats/L1TObjects/test/testSerializationL1TObjects.cpp:54:37: error: no matching function for call to 'testSerialization()'
     testSerialization<L1MuDTPtaLut>();
                                     ^
/afs/cern.ch/user/t/tjames/cmssw/CMSSW_7_5_0_pre1/src/CondFormats/L1TObjects/test/testSerializationL1TObjects.cpp:54:37: note: candidate is:
In file included from /afs/cern.ch/user/t/tjames/cmssw/CMSSW_7_5_0_pre1/src/CondFormats/L1TObjects/test/testSerializationL1TObjects.cpp:1:0:
/cvmfs/cms.cern.ch/slc6_amd64_gcc491/cms/cmssw/CMSSW_7_5_0_pre1/src/CondFormats/Serialization/interface/Test.h:47:6: note: template<class T> void testSerialization()
 void testSerialization()
      ^
/cvmfs/cms.cern.ch/slc6_amd64_gcc491/cms/cmssw/CMSSW_7_5_0_pre1/src/CondFormats/Serialization/interface/Test.h:47:6: note:   template argument deduction/substitution failed:
/afs/cern.ch/user/t/tjames/cmssw/CMSSW_7_5_0_pre1/src/CondFormats/L1TObjects/test/testSerializationL1TObjects.cpp:54:37: error: template argument 1 is invalid
     testSerialization<L1MuDTPtaLut>();
                                     ^
/afs/cern.ch/user/t/tjames/cmssw/CMSSW_7_5_0_pre1/src/CondFormats/L1TObjects/test/testSerializationL1TObjects.cpp:55:23: error: 'L1MuDTQualPatternLut' was not declared in this scope
     testSerialization<L1MuDTQualPatternLut>();
                       ^
/afs/cern.ch/user/t/tjames/cmssw/CMSSW_7_5_0_pre1/src/CondFormats/L1TObjects/test/testSerializationL1TObjects.cpp:55:45: error: no matching function for call to 'testSerialization()'
     testSerialization<L1MuDTQualPatternLut>();
                                             ^
/afs/cern.ch/user/t/tjames/cmssw/CMSSW_7_5_0_pre1/src/CondFormats/L1TObjects/test/testSerializationL1TObjects.cpp:55:45: note: candidate is:
In file included from /afs/cern.ch/user/t/tjames/cmssw/CMSSW_7_5_0_pre1/src/CondFormats/L1TObjects/test/testSerializationL1TObjects.cpp:1:0:
/cvmfs/cms.cern.ch/slc6_amd64_gcc491/cms/cmssw/CMSSW_7_5_0_pre1/src/CondFormats/Serialization/interface/Test.h:47:6: note: template<class T> void testSerialization()
 void testSerialization()
      ^
/cvmfs/cms.cern.ch/slc6_amd64_gcc491/cms/cmssw/CMSSW_7_5_0_pre1/src/CondFormats/Serialization/interface/Test.h:47:6: note:   template argument deduction/substitution failed:
/afs/cern.ch/user/t/tjames/cmssw/CMSSW_7_5_0_pre1/src/CondFormats/L1TObjects/test/testSerializationL1TObjects.cpp:55:45: error: template argument 1 is invalid
     testSerialization<L1MuDTQualPatternLut>();
                                             ^
/afs/cern.ch/user/t/tjames/cmssw/CMSSW_7_5_0_pre1/src/CondFormats/L1TObjects/test/testSerializationL1TObjects.cpp:56:23: error: 'L1MuDTTFMasks' was not declared in this scope
     testSerialization<L1MuDTTFMasks>();
                       ^
/afs/cern.ch/user/t/tjames/cmssw/CMSSW_7_5_0_pre1/src/CondFormats/L1TObjects/test/testSerializationL1TObjects.cpp:56:38: error: no matching function for call to 'testSerialization()'
     testSerialization<L1MuDTTFMasks>();
                                      ^
/afs/cern.ch/user/t/tjames/cmssw/CMSSW_7_5_0_pre1/src/CondFormats/L1TObjects/test/testSerializationL1TObjects.cpp:56:38: note: candidate is:
In file included from /afs/cern.ch/user/t/tjames/cmssw/CMSSW_7_5_0_pre1/src/CondFormats/L1TObjects/test/testSerializationL1TObjects.cpp:1:0:
/cvmfs/cms.cern.ch/slc6_amd64_gcc491/cms/cmssw/CMSSW_7_5_0_pre1/src/CondFormats/Serialization/interface/Test.h:47:6: note: template<class T> void testSerialization()
 void testSerialization()
      ^
/cvmfs/cms.cern.ch/slc6_amd64_gcc491/cms/cmssw/CMSSW_7_5_0_pre1/src/CondFormats/Serialization/interface/Test.h:47:6: note:   template argument deduction/substitution failed:
/afs/cern.ch/user/t/tjames/cmssw/CMSSW_7_5_0_pre1/src/CondFormats/L1TObjects/test/testSerializationL1TObjects.cpp:56:38: error: template argument 1 is invalid
     testSerialization<L1MuDTTFMasks>();
                                      ^
/afs/cern.ch/user/t/tjames/cmssw/CMSSW_7_5_0_pre1/src/CondFormats/L1TObjects/test/testSerializationL1TObjects.cpp:57:23: error: 'L1MuDTTFParameters' was not declared in this scope
     testSerialization<L1MuDTTFParameters>();
                       ^
/afs/cern.ch/user/t/tjames/cmssw/CMSSW_7_5_0_pre1/src/CondFormats/L1TObjects/test/testSerializationL1TObjects.cpp:57:43: error: no matching function for call to 'testSerialization()'
     testSerialization<L1MuDTTFParameters>();
                                           ^
/afs/cern.ch/user/t/tjames/cmssw/CMSSW_7_5_0_pre1/src/CondFormats/L1TObjects/test/testSerializationL1TObjects.cpp:57:43: note: candidate is:
In file included from /afs/cern.ch/user/t/tjames/cmssw/CMSSW_7_5_0_pre1/src/CondFormats/L1TObjects/test/testSerializationL1TObjects.cpp:1:0:
/cvmfs/cms.cern.ch/slc6_amd64_gcc491/cms/cmssw/CMSSW_7_5_0_pre1/src/CondFormats/Serialization/interface/Test.h:47:6: note: template<class T> void testSerialization()
 void testSerialization()
      ^
/cvmfs/cms.cern.ch/slc6_amd64_gcc491/cms/cmssw/CMSSW_7_5_0_pre1/src/CondFormats/Serialization/interface/Test.h:47:6: note:   template argument deduction/substitution failed:
/afs/cern.ch/user/t/tjames/cmssw/CMSSW_7_5_0_pre1/src/CondFormats/L1TObjects/test/testSerializationL1TObjects.cpp:57:43: error: template argument 1 is invalid
     testSerialization<L1MuDTTFParameters>();
                                           ^
/afs/cern.ch/user/t/tjames/cmssw/CMSSW_7_5_0_pre1/src/CondFormats/L1TObjects/test/testSerializationL1TObjects.cpp:58:23: error: 'L1MuGMTChannelMask' was not declared in this scope
     testSerialization<L1MuGMTChannelMask>();
                       ^
/afs/cern.ch/user/t/tjames/cmssw/CMSSW_7_5_0_pre1/src/CondFormats/L1TObjects/test/testSerializationL1TObjects.cpp:58:43: error: no matching function for call to 'testSerialization()'
     testSerialization<L1MuGMTChannelMask>();
                                           ^
/afs/cern.ch/user/t/tjames/cmssw/CMSSW_7_5_0_pre1/src/CondFormats/L1TObjects/test/testSerializationL1TObjects.cpp:58:43: note: candidate is:
In file included from /afs/cern.ch/user/t/tjames/cmssw/CMSSW_7_5_0_pre1/src/CondFormats/L1TObjects/test/testSerializationL1TObjects.cpp:1:0:
/cvmfs/cms.cern.ch/slc6_amd64_gcc491/cms/cmssw/CMSSW_7_5_0_pre1/src/CondFormats/Serialization/interface/Test.h:47:6: note: template<class T> void testSerialization()
 void testSerialization()
      ^
/cvmfs/cms.cern.ch/slc6_amd64_gcc491/cms/cmssw/CMSSW_7_5_0_pre1/src/CondFormats/Serialization/interface/Test.h:47:6: note:   template argument deduction/substitution failed:
/afs/cern.ch/user/t/tjames/cmssw/CMSSW_7_5_0_pre1/src/CondFormats/L1TObjects/test/testSerializationL1TObjects.cpp:58:43: error: template argument 1 is invalid
     testSerialization<L1MuGMTChannelMask>();
                                           ^
/afs/cern.ch/user/t/tjames/cmssw/CMSSW_7_5_0_pre1/src/CondFormats/L1TObjects/test/testSerializationL1TObjects.cpp:60:23: error: 'L1MuGMTScales' was not declared in this scope
     testSerialization<L1MuGMTScales>();
                       ^
/afs/cern.ch/user/t/tjames/cmssw/CMSSW_7_5_0_pre1/src/CondFormats/L1TObjects/test/testSerializationL1TObjects.cpp:60:38: error: no matching function for call to 'testSerialization()'
     testSerialization<L1MuGMTScales>();
                                      ^
/afs/cern.ch/user/t/tjames/cmssw/CMSSW_7_5_0_pre1/src/CondFormats/L1TObjects/test/testSerializationL1TObjects.cpp:60:38: note: candidate is:
In file included from /afs/cern.ch/user/t/tjames/cmssw/CMSSW_7_5_0_pre1/src/CondFormats/L1TObjects/test/testSerializationL1TObjects.cpp:1:0:
/cvmfs/cms.cern.ch/slc6_amd64_gcc491/cms/cmssw/CMSSW_7_5_0_pre1/src/CondFormats/Serialization/interface/Test.h:47:6: note: template<class T> void testSerialization()
 void testSerialization()
      ^
/cvmfs/cms.cern.ch/slc6_amd64_gcc491/cms/cmssw/CMSSW_7_5_0_pre1/src/CondFormats/Serialization/interface/Test.h:47:6: note:   template argument deduction/substitution failed:
/afs/cern.ch/user/t/tjames/cmssw/CMSSW_7_5_0_pre1/src/CondFormats/L1TObjects/test/testSerializationL1TObjects.cpp:60:38: error: template argument 1 is invalid
     testSerialization<L1MuGMTScales>();
                                      ^
/afs/cern.ch/user/t/tjames/cmssw/CMSSW_7_5_0_pre1/src/CondFormats/L1TObjects/test/testSerializationL1TObjects.cpp:62:23: error: 'L1MuPseudoSignedPacking' was not declared in this scope
     testSerialization<L1MuPseudoSignedPacking>();
                       ^
/afs/cern.ch/user/t/tjames/cmssw/CMSSW_7_5_0_pre1/src/CondFormats/L1TObjects/test/testSerializationL1TObjects.cpp:62:48: error: no matching function for call to 'testSerialization()'
     testSerialization<L1MuPseudoSignedPacking>();
                                                ^
/afs/cern.ch/user/t/tjames/cmssw/CMSSW_7_5_0_pre1/src/CondFormats/L1TObjects/test/testSerializationL1TObjects.cpp:62:48: note: candidate is:
In file included from /afs/cern.ch/user/t/tjames/cmssw/CMSSW_7_5_0_pre1/src/CondFormats/L1TObjects/test/testSerializationL1TObjects.cpp:1:0:
/cvmfs/cms.cern.ch/slc6_amd64_gcc491/cms/cmssw/CMSSW_7_5_0_pre1/src/CondFormats/Serialization/interface/Test.h:47:6: note: template<class T> void testSerialization()
 void testSerialization()
      ^
/cvmfs/cms.cern.ch/slc6_amd64_gcc491/cms/cmssw/CMSSW_7_5_0_pre1/src/CondFormats/Serialization/interface/Test.h:47:6: note:   template argument deduction/substitution failed:
/afs/cern.ch/user/t/tjames/cmssw/CMSSW_7_5_0_pre1/src/CondFormats/L1TObjects/test/testSerializationL1TObjects.cpp:62:48: error: template argument 1 is invalid
     testSerialization<L1MuPseudoSignedPacking>();
                                                ^
/afs/cern.ch/user/t/tjames/cmssw/CMSSW_7_5_0_pre1/src/CondFormats/L1TObjects/test/testSerializationL1TObjects.cpp:64:23: error: 'L1MuSymmetricBinnedScale' was not declared in this scope
     testSerialization<L1MuSymmetricBinnedScale>();
                       ^
/afs/cern.ch/user/t/tjames/cmssw/CMSSW_7_5_0_pre1/src/CondFormats/L1TObjects/test/testSerializationL1TObjects.cpp:64:49: error: no matching function for call to 'testSerialization()'
     testSerialization<L1MuSymmetricBinnedScale>();
                                                 ^
/afs/cern.ch/user/t/tjames/cmssw/CMSSW_7_5_0_pre1/src/CondFormats/L1TObjects/test/testSerializationL1TObjects.cpp:64:49: note: candidate is:
In file included from /afs/cern.ch/user/t/tjames/cmssw/CMSSW_7_5_0_pre1/src/CondFormats/L1TObjects/test/testSerializationL1TObjects.cpp:1:0:
/cvmfs/cms.cern.ch/slc6_amd64_gcc491/cms/cmssw/CMSSW_7_5_0_pre1/src/CondFormats/Serialization/interface/Test.h:47:6: note: template<class T> void testSerialization()
 void testSerialization()
      ^
/cvmfs/cms.cern.ch/slc6_amd64_gcc491/cms/cmssw/CMSSW_7_5_0_pre1/src/CondFormats/Serialization/interface/Test.h:47:6: note:   template argument deduction/substitution failed:
/afs/cern.ch/user/t/tjames/cmssw/CMSSW_7_5_0_pre1/src/CondFormats/L1TObjects/test/testSerializationL1TObjects.cpp:64:49: error: template argument 1 is invalid
     testSerialization<L1MuSymmetricBinnedScale>();
                                                 ^
/afs/cern.ch/user/t/tjames/cmssw/CMSSW_7_5_0_pre1/src/CondFormats/L1TObjects/test/testSerializationL1TObjects.cpp:65:23: error: 'L1MuTriggerPtScale' was not declared in this scope
     testSerialization<L1MuTriggerPtScale>();
                       ^
/afs/cern.ch/user/t/tjames/cmssw/CMSSW_7_5_0_pre1/src/CondFormats/L1TObjects/test/testSerializationL1TObjects.cpp:65:43: error: no matching function for call to 'testSerialization()'
     testSerialization<L1MuTriggerPtScale>();
                                           ^
/afs/cern.ch/user/t/tjames/cmssw/CMSSW_7_5_0_pre1/src/CondFormats/L1TObjects/test/testSerializationL1TObjects.cpp:65:43: note: candidate is:
In file included from /afs/cern.ch/user/t/tjames/cmssw/CMSSW_7_5_0_pre1/src/CondFormats/L1TObjects/test/testSerializationL1TObjects.cpp:1:0:
/cvmfs/cms.cern.ch/slc6_amd64_gcc491/cms/cmssw/CMSSW_7_5_0_pre1/src/CondFormats/Serialization/interface/Test.h:47:6: note: template<class T> void testSerialization()
 void testSerialization()
      ^
/cvmfs/cms.cern.ch/slc6_amd64_gcc491/cms/cmssw/CMSSW_7_5_0_pre1/src/CondFormats/Serialization/interface/Test.h:47:6: note:   template argument deduction/substitution failed:
/afs/cern.ch/user/t/tjames/cmssw/CMSSW_7_5_0_pre1/src/CondFormats/L1TObjects/test/testSerializationL1TObjects.cpp:65:43: error: template argument 1 is invalid
     testSerialization<L1MuTriggerPtScale>();
                                           ^
/afs/cern.ch/user/t/tjames/cmssw/CMSSW_7_5_0_pre1/src/CondFormats/L1TObjects/test/testSerializationL1TObjects.cpp:66:23: error: 'L1MuTriggerScales' was not declared in this scope
     testSerialization<L1MuTriggerScales>();
                       ^
/afs/cern.ch/user/t/tjames/cmssw/CMSSW_7_5_0_pre1/src/CondFormats/L1TObjects/test/testSerializationL1TObjects.cpp:66:42: error: no matching function for call to 'testSerialization()'
     testSerialization<L1MuTriggerScales>();
                                          ^
/afs/cern.ch/user/t/tjames/cmssw/CMSSW_7_5_0_pre1/src/CondFormats/L1TObjects/test/testSerializationL1TObjects.cpp:66:42: note: candidate is:
In file included from /afs/cern.ch/user/t/tjames/cmssw/CMSSW_7_5_0_pre1/src/CondFormats/L1TObjects/test/testSerializationL1TObjects.cpp:1:0:
/cvmfs/cms.cern.ch/slc6_amd64_gcc491/cms/cmssw/CMSSW_7_5_0_pre1/src/CondFormats/Serialization/interface/Test.h:47:6: note: template<class T> void testSerialization()
 void testSerialization()
      ^
/cvmfs/cms.cern.ch/slc6_amd64_gcc491/cms/cmssw/CMSSW_7_5_0_pre1/src/CondFormats/Serialization/interface/Test.h:47:6: note:   template argument deduction/substitution failed:
/afs/cern.ch/user/t/tjames/cmssw/CMSSW_7_5_0_pre1/src/CondFormats/L1TObjects/test/testSerializationL1TObjects.cpp:66:42: error: template argument 1 is invalid
     testSerialization<L1MuTriggerScales>();
                                          ^
/afs/cern.ch/user/t/tjames/cmssw/CMSSW_7_5_0_pre1/src/CondFormats/L1TObjects/test/testSerializationL1TObjects.cpp:70:23: error: 'L1RPCBxOrConfig' was not declared in this scope
     testSerialization<L1RPCBxOrConfig>();
                       ^
/afs/cern.ch/user/t/tjames/cmssw/CMSSW_7_5_0_pre1/src/CondFormats/L1TObjects/test/testSerializationL1TObjects.cpp:70:40: error: no matching function for call to 'testSerialization()'
     testSerialization<L1RPCBxOrConfig>();
                                        ^
/afs/cern.ch/user/t/tjames/cmssw/CMSSW_7_5_0_pre1/src/CondFormats/L1TObjects/test/testSerializationL1TObjects.cpp:70:40: note: candidate is:
In file included from /afs/cern.ch/user/t/tjames/cmssw/CMSSW_7_5_0_pre1/src/CondFormats/L1TObjects/test/testSerializationL1TObjects.cpp:1:0:
/cvmfs/cms.cern.ch/slc6_amd64_gcc491/cms/cmssw/CMSSW_7_5_0_pre1/src/CondFormats/Serialization/interface/Test.h:47:6: note: template<class T> void testSerialization()
 void testSerialization()
      ^
/cvmfs/cms.cern.ch/slc6_amd64_gcc491/cms/cmssw/CMSSW_7_5_0_pre1/src/CondFormats/Serialization/interface/Test.h:47:6: note:   template argument deduction/substitution failed:
/afs/cern.ch/user/t/tjames/cmssw/CMSSW_7_5_0_pre1/src/CondFormats/L1TObjects/test/testSerializationL1TObjects.cpp:70:40: error: template argument 1 is invalid
     testSerialization<L1RPCBxOrConfig>();
                                        ^
/afs/cern.ch/user/t/tjames/cmssw/CMSSW_7_5_0_pre1/src/CondFormats/L1TObjects/test/testSerializationL1TObjects.cpp:71:23: error: 'L1RPCConeDefinition' was not declared in this scope
     testSerialization<L1RPCConeDefinition>();
                       ^
/afs/cern.ch/user/t/tjames/cmssw/CMSSW_7_5_0_pre1/src/CondFormats/L1TObjects/test/testSerializationL1TObjects.cpp:71:44: error: no matching function for call to 'testSerialization()'
     testSerialization<L1RPCConeDefinition>();
                                            ^
/afs/cern.ch/user/t/tjames/cmssw/CMSSW_7_5_0_pre1/src/CondFormats/L1TObjects/test/testSerializationL1TObjects.cpp:71:44: note: candidate is:
In file included from /afs/cern.ch/user/t/tjames/cmssw/CMSSW_7_5_0_pre1/src/CondFormats/L1TObjects/test/testSerializationL1TObjects.cpp:1:0:
/cvmfs/cms.cern.ch/slc6_amd64_gcc491/cms/cmssw/CMSSW_7_5_0_pre1/src/CondFormats/Serialization/interface/Test.h:47:6: note: template<class T> void testSerialization()
 void testSerialization()
      ^
/cvmfs/cms.cern.ch/slc6_amd64_gcc491/cms/cmssw/CMSSW_7_5_0_pre1/src/CondFormats/Serialization/interface/Test.h:47:6: note:   template argument deduction/substitution failed:
/afs/cern.ch/user/t/tjames/cmssw/CMSSW_7_5_0_pre1/src/CondFormats/L1TObjects/test/testSerializationL1TObjects.cpp:71:44: error: template argument 1 is invalid
     testSerialization<L1RPCConeDefinition>();
                                            ^
/afs/cern.ch/user/t/tjames/cmssw/CMSSW_7_5_0_pre1/src/CondFormats/L1TObjects/test/testSerializationL1TObjects.cpp:72:23: error: the value of 'L1RPCConeDefinition' is not usable in a constant expression
     testSerialization<L1RPCConeDefinition::TLPSize>();
                       ^
/afs/cern.ch/user/t/tjames/cmssw/CMSSW_7_5_0_pre1/src/CondFormats/L1TObjects/test/testSerializationL1TObjects.cpp:71:23: note: 'L1RPCConeDefinition' was not declared 'constexpr'
     testSerialization<L1RPCConeDefinition>();
                       ^
/afs/cern.ch/user/t/tjames/cmssw/CMSSW_7_5_0_pre1/src/CondFormats/L1TObjects/test/testSerializationL1TObjects.cpp:72:5: error: parse error in template argument list
     testSerialization<L1RPCConeDefinition::TLPSize>();
     ^
/afs/cern.ch/user/t/tjames/cmssw/CMSSW_7_5_0_pre1/src/CondFormats/L1TObjects/test/testSerializationL1TObjects.cpp:72:53: error: no matching function for call to 'testSerialization()'
     testSerialization<L1RPCConeDefinition::TLPSize>();
                                                     ^
/afs/cern.ch/user/t/tjames/cmssw/CMSSW_7_5_0_pre1/src/CondFormats/L1TObjects/test/testSerializationL1TObjects.cpp:72:53: note: candidate is:
In file included from /afs/cern.ch/user/t/tjames/cmssw/CMSSW_7_5_0_pre1/src/CondFormats/L1TObjects/test/testSerializationL1TObjects.cpp:1:0:
/cvmfs/cms.cern.ch/slc6_amd64_gcc491/cms/cmssw/CMSSW_7_5_0_pre1/src/CondFormats/Serialization/interface/Test.h:47:6: note: template<class T> void testSerialization()
 void testSerialization()
      ^
/cvmfs/cms.cern.ch/slc6_amd64_gcc491/cms/cmssw/CMSSW_7_5_0_pre1/src/CondFormats/Serialization/interface/Test.h:47:6: note:   template argument deduction/substitution failed:
/afs/cern.ch/user/t/tjames/cmssw/CMSSW_7_5_0_pre1/src/CondFormats/L1TObjects/test/testSerializationL1TObjects.cpp:73:23: error: the value of 'L1RPCConeDefinition' is not usable in a constant expression
     testSerialization<L1RPCConeDefinition::TRingToLP>();
                       ^
/afs/cern.ch/user/t/tjames/cmssw/CMSSW_7_5_0_pre1/src/CondFormats/L1TObjects/test/testSerializationL1TObjects.cpp:71:23: note: 'L1RPCConeDefinition' was not declared 'constexpr'
     testSerialization<L1RPCConeDefinition>();
                       ^
/afs/cern.ch/user/t/tjames/cmssw/CMSSW_7_5_0_pre1/src/CondFormats/L1TObjects/test/testSerializationL1TObjects.cpp:73:5: error: parse error in template argument list
     testSerialization<L1RPCConeDefinition::TRingToLP>();
     ^
/afs/cern.ch/user/t/tjames/cmssw/CMSSW_7_5_0_pre1/src/CondFormats/L1TObjects/test/testSerializationL1TObjects.cpp:73:55: error: no matching function for call to 'testSerialization()'
     testSerialization<L1RPCConeDefinition::TRingToLP>();
                                                       ^
/afs/cern.ch/user/t/tjames/cmssw/CMSSW_7_5_0_pre1/src/CondFormats/L1TObjects/test/testSerializationL1TObjects.cpp:73:55: note: candidate is:
In file included from /afs/cern.ch/user/t/tjames/cmssw/CMSSW_7_5_0_pre1/src/CondFormats/L1TObjects/test/testSerializationL1TObjects.cpp:1:0:
/cvmfs/cms.cern.ch/slc6_amd64_gcc491/cms/cmssw/CMSSW_7_5_0_pre1/src/CondFormats/Serialization/interface/Test.h:47:6: note: template<class T> void testSerialization()
 void testSerialization()
      ^
/cvmfs/cms.cern.ch/slc6_amd64_gcc491/cms/cmssw/CMSSW_7_5_0_pre1/src/CondFormats/Serialization/interface/Test.h:47:6: note:   template argument deduction/substitution failed:
/afs/cern.ch/user/t/tjames/cmssw/CMSSW_7_5_0_pre1/src/CondFormats/L1TObjects/test/testSerializationL1TObjects.cpp:74:23: error: the value of 'L1RPCConeDefinition' is not usable in a constant expression
     testSerialization<L1RPCConeDefinition::TRingToTower>();
                       ^
/afs/cern.ch/user/t/tjames/cmssw/CMSSW_7_5_0_pre1/src/CondFormats/L1TObjects/test/testSerializationL1TObjects.cpp:71:23: note: 'L1RPCConeDefinition' was not declared 'constexpr'
     testSerialization<L1RPCConeDefinition>();
                       ^
/afs/cern.ch/user/t/tjames/cmssw/CMSSW_7_5_0_pre1/src/CondFormats/L1TObjects/test/testSerializationL1TObjects.cpp:74:5: error: parse error in template argument list
     testSerialization<L1RPCConeDefinition::TRingToTower>();
     ^
/afs/cern.ch/user/t/tjames/cmssw/CMSSW_7_5_0_pre1/src/CondFormats/L1TObjects/test/testSerializationL1TObjects.cpp:74:58: error: no matching function for call to 'testSerialization()'
     testSerialization<L1RPCConeDefinition::TRingToTower>();
                                                          ^
/afs/cern.ch/user/t/tjames/cmssw/CMSSW_7_5_0_pre1/src/CondFormats/L1TObjects/test/testSerializationL1TObjects.cpp:74:58: note: candidate is:
In file included from /afs/cern.ch/user/t/tjames/cmssw/CMSSW_7_5_0_pre1/src/CondFormats/L1TObjects/test/testSerializationL1TObjects.cpp:1:0:
/cvmfs/cms.cern.ch/slc6_amd64_gcc491/cms/cmssw/CMSSW_7_5_0_pre1/src/CondFormats/Serialization/interface/Test.h:47:6: note: template<class T> void testSerialization()
 void testSerialization()
      ^
/cvmfs/cms.cern.ch/slc6_amd64_gcc491/cms/cmssw/CMSSW_7_5_0_pre1/src/CondFormats/Serialization/interface/Test.h:47:6: note:   template argument deduction/substitution failed:
/afs/cern.ch/user/t/tjames/cmssw/CMSSW_7_5_0_pre1/src/CondFormats/L1TObjects/test/testSerializationL1TObjects.cpp:75:23: error: 'L1RPCConfig' was not declared in this scope
     testSerialization<L1RPCConfig>();
                       ^
/afs/cern.ch/user/t/tjames/cmssw/CMSSW_7_5_0_pre1/src/CondFormats/L1TObjects/test/testSerializationL1TObjects.cpp:75:36: error: no matching function for call to 'testSerialization()'
     testSerialization<L1RPCConfig>();
                                    ^
/afs/cern.ch/user/t/tjames/cmssw/CMSSW_7_5_0_pre1/src/CondFormats/L1TObjects/test/testSerializationL1TObjects.cpp:75:36: note: candidate is:
In file included from /afs/cern.ch/user/t/tjames/cmssw/CMSSW_7_5_0_pre1/src/CondFormats/L1TObjects/test/testSerializationL1TObjects.cpp:1:0:
/cvmfs/cms.cern.ch/slc6_amd64_gcc491/cms/cmssw/CMSSW_7_5_0_pre1/src/CondFormats/Serialization/interface/Test.h:47:6: note: template<class T> void testSerialization()
 void testSerialization()
      ^
/cvmfs/cms.cern.ch/slc6_amd64_gcc491/cms/cmssw/CMSSW_7_5_0_pre1/src/CondFormats/Serialization/interface/Test.h:47:6: note:   template argument deduction/substitution failed:
/afs/cern.ch/user/t/tjames/cmssw/CMSSW_7_5_0_pre1/src/CondFormats/L1TObjects/test/testSerializationL1TObjects.cpp:75:36: error: template argument 1 is invalid
     testSerialization<L1RPCConfig>();
                                    ^
/afs/cern.ch/user/t/tjames/cmssw/CMSSW_7_5_0_pre1/src/CondFormats/L1TObjects/test/testSerializationL1TObjects.cpp:76:23: error: 'L1RPCHsbConfig' was not declared in this scope
     testSerialization<L1RPCHsbConfig>();
                       ^
/afs/cern.ch/user/t/tjames/cmssw/CMSSW_7_5_0_pre1/src/CondFormats/L1TObjects/test/testSerializationL1TObjects.cpp:76:39: error: no matching function for call to 'testSerialization()'
     testSerialization<L1RPCHsbConfig>();
                                       ^
/afs/cern.ch/user/t/tjames/cmssw/CMSSW_7_5_0_pre1/src/CondFormats/L1TObjects/test/testSerializationL1TObjects.cpp:76:39: note: candidate is:
In file included from /afs/cern.ch/user/t/tjames/cmssw/CMSSW_7_5_0_pre1/src/CondFormats/L1TObjects/test/testSerializationL1TObjects.cpp:1:0:
/cvmfs/cms.cern.ch/slc6_amd64_gcc491/cms/cmssw/CMSSW_7_5_0_pre1/src/CondFormats/Serialization/interface/Test.h:47:6: note: template<class T> void testSerialization()
 void testSerialization()
      ^
/cvmfs/cms.cern.ch/slc6_amd64_gcc491/cms/cmssw/CMSSW_7_5_0_pre1/src/CondFormats/Serialization/interface/Test.h:47:6: note:   template argument deduction/substitution failed:
/afs/cern.ch/user/t/tjames/cmssw/CMSSW_7_5_0_pre1/src/CondFormats/L1TObjects/test/testSerializationL1TObjects.cpp:76:39: error: template argument 1 is invalid
     testSerialization<L1RPCHsbConfig>();
                                       ^
/afs/cern.ch/user/t/tjames/cmssw/CMSSW_7_5_0_pre1/src/CondFormats/L1TObjects/test/testSerializationL1TObjects.cpp:77:23: error: 'L1TriggerKey' was not declared in this scope
     testSerialization<L1TriggerKey>();
                       ^
/afs/cern.ch/user/t/tjames/cmssw/CMSSW_7_5_0_pre1/src/CondFormats/L1TObjects/test/testSerializationL1TObjects.cpp:77:37: error: no matching function for call to 'testSerialization()'
     testSerialization<L1TriggerKey>();
                                     ^
/afs/cern.ch/user/t/tjames/cmssw/CMSSW_7_5_0_pre1/src/CondFormats/L1TObjects/test/testSerializationL1TObjects.cpp:77:37: note: candidate is:
In file included from /afs/cern.ch/user/t/tjames/cmssw/CMSSW_7_5_0_pre1/src/CondFormats/L1TObjects/test/testSerializationL1TObjects.cpp:1:0:
/cvmfs/cms.cern.ch/slc6_amd64_gcc491/cms/cmssw/CMSSW_7_5_0_pre1/src/CondFormats/Serialization/interface/Test.h:47:6: note: template<class T> void testSerialization()
 void testSerialization()
      ^
/cvmfs/cms.cern.ch/slc6_amd64_gcc491/cms/cmssw/CMSSW_7_5_0_pre1/src/CondFormats/Serialization/interface/Test.h:47:6: note:   template argument deduction/substitution failed:
/afs/cern.ch/user/t/tjames/cmssw/CMSSW_7_5_0_pre1/src/CondFormats/L1TObjects/test/testSerializationL1TObjects.cpp:77:37: error: template argument 1 is invalid
     testSerialization<L1TriggerKey>();
                                     ^
/afs/cern.ch/user/t/tjames/cmssw/CMSSW_7_5_0_pre1/src/CondFormats/L1TObjects/test/testSerializationL1TObjects.cpp:78:23: error: 'L1TriggerKeyList' was not declared in this scope
     testSerialization<L1TriggerKeyList>();
                       ^
/afs/cern.ch/user/t/tjames/cmssw/CMSSW_7_5_0_pre1/src/CondFormats/L1TObjects/test/testSerializationL1TObjects.cpp:78:41: error: no matching function for call to 'testSerialization()'
     testSerialization<L1TriggerKeyList>();
                                         ^
/afs/cern.ch/user/t/tjames/cmssw/CMSSW_7_5_0_pre1/src/CondFormats/L1TObjects/test/testSerializationL1TObjects.cpp:78:41: note: candidate is:
In file included from /afs/cern.ch/user/t/tjames/cmssw/CMSSW_7_5_0_pre1/src/CondFormats/L1TObjects/test/testSerializationL1TObjects.cpp:1:0:
/cvmfs/cms.cern.ch/slc6_amd64_gcc491/cms/cmssw/CMSSW_7_5_0_pre1/src/CondFormats/Serialization/interface/Test.h:47:6: note: template<class T> void testSerialization()
 void testSerialization()
      ^
/cvmfs/cms.cern.ch/slc6_amd64_gcc491/cms/cmssw/CMSSW_7_5_0_pre1/src/CondFormats/Serialization/interface/Test.h:47:6: note:   template argument deduction/substitution failed:
/afs/cern.ch/user/t/tjames/cmssw/CMSSW_7_5_0_pre1/src/CondFormats/L1TObjects/test/testSerializationL1TObjects.cpp:78:41: error: template argument 1 is invalid
     testSerialization<L1TriggerKeyList>();
                                         ^
/afs/cern.ch/user/t/tjames/cmssw/CMSSW_7_5_0_pre1/src/CondFormats/L1TObjects/test/testSerializationL1TObjects.cpp:79:23: error: 'RPCPattern' was not declared in this scope
     testSerialization<RPCPattern>();
                       ^
/afs/cern.ch/user/t/tjames/cmssw/CMSSW_7_5_0_pre1/src/CondFormats/L1TObjects/test/testSerializationL1TObjects.cpp:79:35: error: no matching function for call to 'testSerialization()'
     testSerialization<RPCPattern>();
                                   ^
/afs/cern.ch/user/t/tjames/cmssw/CMSSW_7_5_0_pre1/src/CondFormats/L1TObjects/test/testSerializationL1TObjects.cpp:79:35: note: candidate is:
In file included from /afs/cern.ch/user/t/tjames/cmssw/CMSSW_7_5_0_pre1/src/CondFormats/L1TObjects/test/testSerializationL1TObjects.cpp:1:0:
/cvmfs/cms.cern.ch/slc6_amd64_gcc491/cms/cmssw/CMSSW_7_5_0_pre1/src/CondFormats/Serialization/interface/Test.h:47:6: note: template<class T> void testSerialization()
 void testSerialization()
      ^
/cvmfs/cms.cern.ch/slc6_amd64_gcc491/cms/cmssw/CMSSW_7_5_0_pre1/src/CondFormats/Serialization/interface/Test.h:47:6: note:   template argument deduction/substitution failed:
/afs/cern.ch/user/t/tjames/cmssw/CMSSW_7_5_0_pre1/src/CondFormats/L1TObjects/test/testSerializationL1TObjects.cpp:79:35: error: template argument 1 is invalid
     testSerialization<RPCPattern>();
                                   ^
/afs/cern.ch/user/t/tjames/cmssw/CMSSW_7_5_0_pre1/src/CondFormats/L1TObjects/test/testSerializationL1TObjects.cpp:80:23: error: the value of 'RPCPattern' is not usable in a constant expression
     testSerialization<RPCPattern::RPCLogicalStrip>();
                       ^
/afs/cern.ch/user/t/tjames/cmssw/CMSSW_7_5_0_pre1/src/CondFormats/L1TObjects/test/testSerializationL1TObjects.cpp:79:23: note: 'RPCPattern' was not declared 'constexpr'
     testSerialization<RPCPattern>();
                       ^
/afs/cern.ch/user/t/tjames/cmssw/CMSSW_7_5_0_pre1/src/CondFormats/L1TObjects/test/testSerializationL1TObjects.cpp:80:5: error: parse error in template argument list
     testSerialization<RPCPattern::RPCLogicalStrip>();
     ^
/afs/cern.ch/user/t/tjames/cmssw/CMSSW_7_5_0_pre1/src/CondFormats/L1TObjects/test/testSerializationL1TObjects.cpp:80:52: error: no matching function for call to 'testSerialization()'
     testSerialization<RPCPattern::RPCLogicalStrip>();
                                                    ^
/afs/cern.ch/user/t/tjames/cmssw/CMSSW_7_5_0_pre1/src/CondFormats/L1TObjects/test/testSerializationL1TObjects.cpp:80:52: note: candidate is:
In file included from /afs/cern.ch/user/t/tjames/cmssw/CMSSW_7_5_0_pre1/src/CondFormats/L1TObjects/test/testSerializationL1TObjects.cpp:1:0:
/cvmfs/cms.cern.ch/slc6_amd64_gcc491/cms/cmssw/CMSSW_7_5_0_pre1/src/CondFormats/Serialization/interface/Test.h:47:6: note: template<class T> void testSerialization()
 void testSerialization()
      ^
/cvmfs/cms.cern.ch/slc6_amd64_gcc491/cms/cmssw/CMSSW_7_5_0_pre1/src/CondFormats/Serialization/interface/Test.h:47:6: note:   template argument deduction/substitution failed:
/afs/cern.ch/user/t/tjames/cmssw/CMSSW_7_5_0_pre1/src/CondFormats/L1TObjects/test/testSerializationL1TObjects.cpp:81:23: error: the value of 'RPCPattern' is not usable in a constant expression
     testSerialization<RPCPattern::TQuality>();
                       ^
/afs/cern.ch/user/t/tjames/cmssw/CMSSW_7_5_0_pre1/src/CondFormats/L1TObjects/test/testSerializationL1TObjects.cpp:79:23: note: 'RPCPattern' was not declared 'constexpr'
     testSerialization<RPCPattern>();
                       ^
/afs/cern.ch/user/t/tjames/cmssw/CMSSW_7_5_0_pre1/src/CondFormats/L1TObjects/test/testSerializationL1TObjects.cpp:81:5: error: parse error in template argument list
     testSerialization<RPCPattern::TQuality>();
     ^
/afs/cern.ch/user/t/tjames/cmssw/CMSSW_7_5_0_pre1/src/CondFormats/L1TObjects/test/testSerializationL1TObjects.cpp:81:45: error: no matching function for call to 'testSerialization()'
     testSerialization<RPCPattern::TQuality>();
                                             ^
/afs/cern.ch/user/t/tjames/cmssw/CMSSW_7_5_0_pre1/src/CondFormats/L1TObjects/test/testSerializationL1TObjects.cpp:81:45: note: candidate is:
In file included from /afs/cern.ch/user/t/tjames/cmssw/CMSSW_7_5_0_pre1/src/CondFormats/L1TObjects/test/testSerializationL1TObjects.cpp:1:0:
/cvmfs/cms.cern.ch/slc6_amd64_gcc491/cms/cmssw/CMSSW_7_5_0_pre1/src/CondFormats/Serialization/interface/Test.h:47:6: note: template<class T> void testSerialization()
 void testSerialization()
      ^
/cvmfs/cms.cern.ch/slc6_amd64_gcc491/cms/cmssw/CMSSW_7_5_0_pre1/src/CondFormats/Serialization/interface/Test.h:47:6: note:   template argument deduction/substitution failed:
/afs/cern.ch/user/t/tjames/cmssw/CMSSW_7_5_0_pre1/src/CondFormats/L1TObjects/test/testSerializationL1TObjects.cpp:82:49: error: 'L1GtObject' was not declared in this scope
     testSerialization<std::map<int, std::vector<L1GtObject>>>();
                                                 ^
/afs/cern.ch/user/t/tjames/cmssw/CMSSW_7_5_0_pre1/src/CondFormats/L1TObjects/test/testSerializationL1TObjects.cpp:82:49: error: template argument 1 is invalid
/afs/cern.ch/user/t/tjames/cmssw/CMSSW_7_5_0_pre1/src/CondFormats/L1TObjects/test/testSerializationL1TObjects.cpp:82:49: error: template argument 2 is invalid
/afs/cern.ch/user/t/tjames/cmssw/CMSSW_7_5_0_pre1/src/CondFormats/L1TObjects/test/testSerializationL1TObjects.cpp:82:59: error: template argument 2 is invalid
     testSerialization<std::map<int, std::vector<L1GtObject>>>();
                                                           ^
/afs/cern.ch/user/t/tjames/cmssw/CMSSW_7_5_0_pre1/src/CondFormats/L1TObjects/test/testSerializationL1TObjects.cpp:82:59: error: template argument 4 is invalid
/afs/cern.ch/user/t/tjames/cmssw/CMSSW_7_5_0_pre1/src/CondFormats/L1TObjects/test/testSerializationL1TObjects.cpp:82:63: error: no matching function for call to 'testSerialization()'
     testSerialization<std::map<int, std::vector<L1GtObject>>>();
                                                               ^
/afs/cern.ch/user/t/tjames/cmssw/CMSSW_7_5_0_pre1/src/CondFormats/L1TObjects/test/testSerializationL1TObjects.cpp:82:63: note: candidate is:
In file included from /afs/cern.ch/user/t/tjames/cmssw/CMSSW_7_5_0_pre1/src/CondFormats/L1TObjects/test/testSerializationL1TObjects.cpp:1:0:
/cvmfs/cms.cern.ch/slc6_amd64_gcc491/cms/cmssw/CMSSW_7_5_0_pre1/src/CondFormats/Serialization/interface/Test.h:47:6: note: template<class T> void testSerialization()
 void testSerialization()
      ^
/cvmfs/cms.cern.ch/slc6_amd64_gcc491/cms/cmssw/CMSSW_7_5_0_pre1/src/CondFormats/Serialization/interface/Test.h:47:6: note:   template argument deduction/substitution failed:
/afs/cern.ch/user/t/tjames/cmssw/CMSSW_7_5_0_pre1/src/CondFormats/L1TObjects/test/testSerializationL1TObjects.cpp:82:63: error: template argument 1 is invalid
     testSerialization<std::map<int, std::vector<L1GtObject>>>();
                                                               ^
/afs/cern.ch/user/t/tjames/cmssw/CMSSW_7_5_0_pre1/src/CondFormats/L1TObjects/test/testSerializationL1TObjects.cpp:83:49: error: the value of 'L1GtObject' is not usable in a constant expression
     testSerialization<std::map<int, std::vector<L1GtObject>>::value_type>();
                                                 ^
/afs/cern.ch/user/t/tjames/cmssw/CMSSW_7_5_0_pre1/src/CondFormats/L1TObjects/test/testSerializationL1TObjects.cpp:82:49: note: 'L1GtObject' was not declared 'constexpr'
     testSerialization<std::map<int, std::vector<L1GtObject>>>();
                                                 ^
/afs/cern.ch/user/t/tjames/cmssw/CMSSW_7_5_0_pre1/src/CondFormats/L1TObjects/test/testSerializationL1TObjects.cpp:83:49: error: type/value mismatch at argument 1 in template parameter list for 'template<class _Tp, class _Alloc> class std::vector'
     testSerialization<std::map<int, std::vector<L1GtObject>>::value_type>();
                                                 ^
/afs/cern.ch/user/t/tjames/cmssw/CMSSW_7_5_0_pre1/src/CondFormats/L1TObjects/test/testSerializationL1TObjects.cpp:83:49: error:   expected a type, got 'L1GtObject'
/afs/cern.ch/user/t/tjames/cmssw/CMSSW_7_5_0_pre1/src/CondFormats/L1TObjects/test/testSerializationL1TObjects.cpp:83:49: error: template argument 2 is invalid
/afs/cern.ch/user/t/tjames/cmssw/CMSSW_7_5_0_pre1/src/CondFormats/L1TObjects/test/testSerializationL1TObjects.cpp:83:59: error: template argument 2 is invalid
     testSerialization<std::map<int, std::vector<L1GtObject>>::value_type>();
                                                           ^
/afs/cern.ch/user/t/tjames/cmssw/CMSSW_7_5_0_pre1/src/CondFormats/L1TObjects/test/testSerializationL1TObjects.cpp:83:59: error: template argument 4 is invalid
/afs/cern.ch/user/t/tjames/cmssw/CMSSW_7_5_0_pre1/src/CondFormats/L1TObjects/test/testSerializationL1TObjects.cpp:83:75: error: no matching function for call to 'testSerialization()'
     testSerialization<std::map<int, std::vector<L1GtObject>>::value_type>();
                                                                           ^
/afs/cern.ch/user/t/tjames/cmssw/CMSSW_7_5_0_pre1/src/CondFormats/L1TObjects/test/testSerializationL1TObjects.cpp:83:75: note: candidate is:
In file included from /afs/cern.ch/user/t/tjames/cmssw/CMSSW_7_5_0_pre1/src/CondFormats/L1TObjects/test/testSerializationL1TObjects.cpp:1:0:
/cvmfs/cms.cern.ch/slc6_amd64_gcc491/cms/cmssw/CMSSW_7_5_0_pre1/src/CondFormats/Serialization/interface/Test.h:47:6: note: template<class T> void testSerialization()
 void testSerialization()
      ^
/cvmfs/cms.cern.ch/slc6_amd64_gcc491/cms/cmssw/CMSSW_7_5_0_pre1/src/CondFormats/Serialization/interface/Test.h:47:6: note:   template argument deduction/substitution failed:
/afs/cern.ch/user/t/tjames/cmssw/CMSSW_7_5_0_pre1/src/CondFormats/L1TObjects/test/testSerializationL1TObjects.cpp:83:75: error: template argument 1 is invalid
     testSerialization<std::map<int, std::vector<L1GtObject>>::value_type>();
                                                                           ^
/afs/cern.ch/user/t/tjames/cmssw/CMSSW_7_5_0_pre1/src/CondFormats/L1TObjects/test/testSerializationL1TObjects.cpp:84:38: error: the value of 'L1MuDTEtaPattern' is not usable in a constant expression
     testSerialization<std::map<short,L1MuDTEtaPattern>>();
                                      ^
/afs/cern.ch/user/t/tjames/cmssw/CMSSW_7_5_0_pre1/src/CondFormats/L1TObjects/test/testSerializationL1TObjects.cpp:49:23: note: 'L1MuDTEtaPattern' was not declared 'constexpr'
     testSerialization<L1MuDTEtaPattern>();
                       ^
/afs/cern.ch/user/t/tjames/cmssw/CMSSW_7_5_0_pre1/src/CondFormats/L1TObjects/test/testSerializationL1TObjects.cpp:84:38: error: type/value mismatch at argument 2 in template parameter list for 'template<class _Key, class _Tp, class _Compare, class _Alloc> class std::map'
     testSerialization<std::map<short,L1MuDTEtaPattern>>();
                                      ^
/afs/cern.ch/user/t/tjames/cmssw/CMSSW_7_5_0_pre1/src/CondFormats/L1TObjects/test/testSerializationL1TObjects.cpp:84:38: error:   expected a type, got 'L1MuDTEtaPattern'
/afs/cern.ch/user/t/tjames/cmssw/CMSSW_7_5_0_pre1/src/CondFormats/L1TObjects/test/testSerializationL1TObjects.cpp:84:38: error: template argument 4 is invalid
/afs/cern.ch/user/t/tjames/cmssw/CMSSW_7_5_0_pre1/src/CondFormats/L1TObjects/test/testSerializationL1TObjects.cpp:84:57: error: no matching function for call to 'testSerialization()'
     testSerialization<std::map<short,L1MuDTEtaPattern>>();
                                                         ^
/afs/cern.ch/user/t/tjames/cmssw/CMSSW_7_5_0_pre1/src/CondFormats/L1TObjects/test/testSerializationL1TObjects.cpp:84:57: note: candidate is:
In file included from /afs/cern.ch/user/t/tjames/cmssw/CMSSW_7_5_0_pre1/src/CondFormats/L1TObjects/test/testSerializationL1TObjects.cpp:1:0:
/cvmfs/cms.cern.ch/slc6_amd64_gcc491/cms/cmssw/CMSSW_7_5_0_pre1/src/CondFormats/Serialization/interface/Test.h:47:6: note: template<class T> void testSerialization()
 void testSerialization()
      ^
/cvmfs/cms.cern.ch/slc6_amd64_gcc491/cms/cmssw/CMSSW_7_5_0_pre1/src/CondFormats/Serialization/interface/Test.h:47:6: note:   template argument deduction/substitution failed:
/afs/cern.ch/user/t/tjames/cmssw/CMSSW_7_5_0_pre1/src/CondFormats/L1TObjects/test/testSerializationL1TObjects.cpp:84:57: error: template argument 1 is invalid
     testSerialization<std::map<short,L1MuDTEtaPattern>>();
                                                         ^
/afs/cern.ch/user/t/tjames/cmssw/CMSSW_7_5_0_pre1/src/CondFormats/L1TObjects/test/testSerializationL1TObjects.cpp:85:38: error: the value of 'L1MuDTEtaPattern' is not usable in a constant expression
     testSerialization<std::map<short,L1MuDTEtaPattern>::value_type>();
                                      ^
/afs/cern.ch/user/t/tjames/cmssw/CMSSW_7_5_0_pre1/src/CondFormats/L1TObjects/test/testSerializationL1TObjects.cpp:49:23: note: 'L1MuDTEtaPattern' was not declared 'constexpr'
     testSerialization<L1MuDTEtaPattern>();
                       ^
/afs/cern.ch/user/t/tjames/cmssw/CMSSW_7_5_0_pre1/src/CondFormats/L1TObjects/test/testSerializationL1TObjects.cpp:85:54: error: type/value mismatch at argument 2 in template parameter list for 'template<class _Key, class _Tp, class _Compare, class _Alloc> class std::map'
     testSerialization<std::map<short,L1MuDTEtaPattern>::value_type>();
                                                      ^
/afs/cern.ch/user/t/tjames/cmssw/CMSSW_7_5_0_pre1/src/CondFormats/L1TObjects/test/testSerializationL1TObjects.cpp:85:54: error:   expected a type, got 'L1MuDTEtaPattern'
/afs/cern.ch/user/t/tjames/cmssw/CMSSW_7_5_0_pre1/src/CondFormats/L1TObjects/test/testSerializationL1TObjects.cpp:85:54: error: template argument 4 is invalid
/afs/cern.ch/user/t/tjames/cmssw/CMSSW_7_5_0_pre1/src/CondFormats/L1TObjects/test/testSerializationL1TObjects.cpp:85:69: error: no matching function for call to 'testSerialization()'
     testSerialization<std::map<short,L1MuDTEtaPattern>::value_type>();
                                                                     ^
/afs/cern.ch/user/t/tjames/cmssw/CMSSW_7_5_0_pre1/src/CondFormats/L1TObjects/test/testSerializationL1TObjects.cpp:85:69: note: candidate is:
In file included from /afs/cern.ch/user/t/tjames/cmssw/CMSSW_7_5_0_pre1/src/CondFormats/L1TObjects/test/testSerializationL1TObjects.cpp:1:0:
/cvmfs/cms.cern.ch/slc6_amd64_gcc491/cms/cmssw/CMSSW_7_5_0_pre1/src/CondFormats/Serialization/interface/Test.h:47:6: note: template<class T> void testSerialization()
 void testSerialization()
      ^
/cvmfs/cms.cern.ch/slc6_amd64_gcc491/cms/cmssw/CMSSW_7_5_0_pre1/src/CondFormats/Serialization/interface/Test.h:47:6: note:   template argument deduction/substitution failed:
/afs/cern.ch/user/t/tjames/cmssw/CMSSW_7_5_0_pre1/src/CondFormats/L1TObjects/test/testSerializationL1TObjects.cpp:85:69: error: template argument 1 is invalid
     testSerialization<std::map<short,L1MuDTEtaPattern>::value_type>();
                                                                     ^
/afs/cern.ch/user/t/tjames/cmssw/CMSSW_7_5_0_pre1/src/CondFormats/L1TObjects/test/testSerializationL1TObjects.cpp:86:45: error: the value of 'L1GtAlgorithm' is not usable in a constant expression
     testSerialization<std::map<std::string, L1GtAlgorithm>>();
                                             ^
/afs/cern.ch/user/t/tjames/cmssw/CMSSW_7_5_0_pre1/src/CondFormats/L1TObjects/test/testSerializationL1TObjects.cpp:15:23: note: 'L1GtAlgorithm' was not declared 'constexpr'
     testSerialization<L1GtAlgorithm>();
                       ^
/afs/cern.ch/user/t/tjames/cmssw/CMSSW_7_5_0_pre1/src/CondFormats/L1TObjects/test/testSerializationL1TObjects.cpp:86:45: error: type/value mismatch at argument 2 in template parameter list for 'template<class _Key, class _Tp, class _Compare, class _Alloc> class std::map'
     testSerialization<std::map<std::string, L1GtAlgorithm>>();
                                             ^
/afs/cern.ch/user/t/tjames/cmssw/CMSSW_7_5_0_pre1/src/CondFormats/L1TObjects/test/testSerializationL1TObjects.cpp:86:45: error:   expected a type, got 'L1GtAlgorithm'
/afs/cern.ch/user/t/tjames/cmssw/CMSSW_7_5_0_pre1/src/CondFormats/L1TObjects/test/testSerializationL1TObjects.cpp:86:45: error: template argument 4 is invalid
/afs/cern.ch/user/t/tjames/cmssw/CMSSW_7_5_0_pre1/src/CondFormats/L1TObjects/test/testSerializationL1TObjects.cpp:86:61: error: no matching function for call to 'testSerialization()'
     testSerialization<std::map<std::string, L1GtAlgorithm>>();
                                                             ^
/afs/cern.ch/user/t/tjames/cmssw/CMSSW_7_5_0_pre1/src/CondFormats/L1TObjects/test/testSerializationL1TObjects.cpp:86:61: note: candidate is:
In file included from /afs/cern.ch/user/t/tjames/cmssw/CMSSW_7_5_0_pre1/src/CondFormats/L1TObjects/test/testSerializationL1TObjects.cpp:1:0:
/cvmfs/cms.cern.ch/slc6_amd64_gcc491/cms/cmssw/CMSSW_7_5_0_pre1/src/CondFormats/Serialization/interface/Test.h:47:6: note: template<class T> void testSerialization()
 void testSerialization()
      ^
/cvmfs/cms.cern.ch/slc6_amd64_gcc491/cms/cmssw/CMSSW_7_5_0_pre1/src/CondFormats/Serialization/interface/Test.h:47:6: note:   template argument deduction/substitution failed:
/afs/cern.ch/user/t/tjames/cmssw/CMSSW_7_5_0_pre1/src/CondFormats/L1TObjects/test/testSerializationL1TObjects.cpp:86:61: error: template argument 1 is invalid
     testSerialization<std::map<std::string, L1GtAlgorithm>>();
                                                             ^
/afs/cern.ch/user/t/tjames/cmssw/CMSSW_7_5_0_pre1/src/CondFormats/L1TObjects/test/testSerializationL1TObjects.cpp:87:45: error: the value of 'L1GtAlgorithm' is not usable in a constant expression
     testSerialization<std::map<std::string, L1GtAlgorithm>::value_type>();
                                             ^
/afs/cern.ch/user/t/tjames/cmssw/CMSSW_7_5_0_pre1/src/CondFormats/L1TObjects/test/testSerializationL1TObjects.cpp:15:23: note: 'L1GtAlgorithm' was not declared 'constexpr'
     testSerialization<L1GtAlgorithm>();
                       ^
/afs/cern.ch/user/t/tjames/cmssw/CMSSW_7_5_0_pre1/src/CondFormats/L1TObjects/test/testSerializationL1TObjects.cpp:87:58: error: type/value mismatch at argument 2 in template parameter list for 'template<class _Key, class _Tp, class _Compare, class _Alloc> class std::map'
     testSerialization<std::map<std::string, L1GtAlgorithm>::value_type>();
                                                          ^
/afs/cern.ch/user/t/tjames/cmssw/CMSSW_7_5_0_pre1/src/CondFormats/L1TObjects/test/testSerializationL1TObjects.cpp:87:58: error:   expected a type, got 'L1GtAlgorithm'
/afs/cern.ch/user/t/tjames/cmssw/CMSSW_7_5_0_pre1/src/CondFormats/L1TObjects/test/testSerializationL1TObjects.cpp:87:58: error: template argument 4 is invalid
/afs/cern.ch/user/t/tjames/cmssw/CMSSW_7_5_0_pre1/src/CondFormats/L1TObjects/test/testSerializationL1TObjects.cpp:87:73: error: no matching function for call to 'testSerialization()'
     testSerialization<std::map<std::string, L1GtAlgorithm>::value_type>();
                                                                         ^
/afs/cern.ch/user/t/tjames/cmssw/CMSSW_7_5_0_pre1/src/CondFormats/L1TObjects/test/testSerializationL1TObjects.cpp:87:73: note: candidate is:
In file included from /afs/cern.ch/user/t/tjames/cmssw/CMSSW_7_5_0_pre1/src/CondFormats/L1TObjects/test/testSerializationL1TObjects.cpp:1:0:
/cvmfs/cms.cern.ch/slc6_amd64_gcc491/cms/cmssw/CMSSW_7_5_0_pre1/src/CondFormats/Serialization/interface/Test.h:47:6: note: template<class T> void testSerialization()
 void testSerialization()
      ^
/cvmfs/cms.cern.ch/slc6_amd64_gcc491/cms/cmssw/CMSSW_7_5_0_pre1/src/CondFormats/Serialization/interface/Test.h:47:6: note:   template argument deduction/substitution failed:
/afs/cern.ch/user/t/tjames/cmssw/CMSSW_7_5_0_pre1/src/CondFormats/L1TObjects/test/testSerializationL1TObjects.cpp:87:73: error: template argument 1 is invalid
     testSerialization<std::map<std::string, L1GtAlgorithm>::value_type>();
                                                                         ^
/afs/cern.ch/user/t/tjames/cmssw/CMSSW_7_5_0_pre1/src/CondFormats/L1TObjects/test/testSerializationL1TObjects.cpp:88:50: error: the value of 'L1GtObject' is not usable in a constant expression
     testSerialization<std::pair<int, std::vector<L1GtObject>>>();
                                                  ^
/afs/cern.ch/user/t/tjames/cmssw/CMSSW_7_5_0_pre1/src/CondFormats/L1TObjects/test/testSerializationL1TObjects.cpp:82:49: note: 'L1GtObject' was not declared 'constexpr'
     testSerialization<std::map<int, std::vector<L1GtObject>>>();
                                                 ^
/afs/cern.ch/user/t/tjames/cmssw/CMSSW_7_5_0_pre1/src/CondFormats/L1TObjects/test/testSerializationL1TObjects.cpp:88:50: error: type/value mismatch at argument 1 in template parameter list for 'template<class _Tp, class _Alloc> class std::vector'
     testSerialization<std::pair<int, std::vector<L1GtObject>>>();
                                                  ^
/afs/cern.ch/user/t/tjames/cmssw/CMSSW_7_5_0_pre1/src/CondFormats/L1TObjects/test/testSerializationL1TObjects.cpp:88:50: error:   expected a type, got 'L1GtObject'
/afs/cern.ch/user/t/tjames/cmssw/CMSSW_7_5_0_pre1/src/CondFormats/L1TObjects/test/testSerializationL1TObjects.cpp:88:50: error: template argument 2 is invalid
/afs/cern.ch/user/t/tjames/cmssw/CMSSW_7_5_0_pre1/src/CondFormats/L1TObjects/test/testSerializationL1TObjects.cpp:88:60: error: template argument 2 is invalid
     testSerialization<std::pair<int, std::vector<L1GtObject>>>();
                                                            ^
/afs/cern.ch/user/t/tjames/cmssw/CMSSW_7_5_0_pre1/src/CondFormats/L1TObjects/test/testSerializationL1TObjects.cpp:88:64: error: no matching function for call to 'testSerialization()'
     testSerialization<std::pair<int, std::vector<L1GtObject>>>();
                                                                ^
/afs/cern.ch/user/t/tjames/cmssw/CMSSW_7_5_0_pre1/src/CondFormats/L1TObjects/test/testSerializationL1TObjects.cpp:88:64: note: candidate is:
In file included from /afs/cern.ch/user/t/tjames/cmssw/CMSSW_7_5_0_pre1/src/CondFormats/L1TObjects/test/testSerializationL1TObjects.cpp:1:0:
/cvmfs/cms.cern.ch/slc6_amd64_gcc491/cms/cmssw/CMSSW_7_5_0_pre1/src/CondFormats/Serialization/interface/Test.h:47:6: note: template<class T> void testSerialization()
 void testSerialization()
      ^
/cvmfs/cms.cern.ch/slc6_amd64_gcc491/cms/cmssw/CMSSW_7_5_0_pre1/src/CondFormats/Serialization/interface/Test.h:47:6: note:   template argument deduction/substitution failed:
/afs/cern.ch/user/t/tjames/cmssw/CMSSW_7_5_0_pre1/src/CondFormats/L1TObjects/test/testSerializationL1TObjects.cpp:88:64: error: template argument 1 is invalid
     testSerialization<std::pair<int, std::vector<L1GtObject>>>();
                                                                ^
/afs/cern.ch/user/t/tjames/cmssw/CMSSW_7_5_0_pre1/src/CondFormats/L1TObjects/test/testSerializationL1TObjects.cpp:89:39: error: the value of 'L1MuDTEtaPattern' is not usable in a constant expression
     testSerialization<std::pair<short,L1MuDTEtaPattern>>();
                                       ^
/afs/cern.ch/user/t/tjames/cmssw/CMSSW_7_5_0_pre1/src/CondFormats/L1TObjects/test/testSerializationL1TObjects.cpp:49:23: note: 'L1MuDTEtaPattern' was not declared 'constexpr'
     testSerialization<L1MuDTEtaPattern>();
                       ^
/afs/cern.ch/user/t/tjames/cmssw/CMSSW_7_5_0_pre1/src/CondFormats/L1TObjects/test/testSerializationL1TObjects.cpp:89:39: error: type/value mismatch at argument 2 in template parameter list for 'template<class _T1, class _T2> struct std::pair'
     testSerialization<std::pair<short,L1MuDTEtaPattern>>();
                                       ^
/afs/cern.ch/user/t/tjames/cmssw/CMSSW_7_5_0_pre1/src/CondFormats/L1TObjects/test/testSerializationL1TObjects.cpp:89:39: error:   expected a type, got 'L1MuDTEtaPattern'
/afs/cern.ch/user/t/tjames/cmssw/CMSSW_7_5_0_pre1/src/CondFormats/L1TObjects/test/testSerializationL1TObjects.cpp:89:58: error: no matching function for call to 'testSerialization()'
     testSerialization<std::pair<short,L1MuDTEtaPattern>>();
                                                          ^
/afs/cern.ch/user/t/tjames/cmssw/CMSSW_7_5_0_pre1/src/CondFormats/L1TObjects/test/testSerializationL1TObjects.cpp:89:58: note: candidate is:
In file included from /afs/cern.ch/user/t/tjames/cmssw/CMSSW_7_5_0_pre1/src/CondFormats/L1TObjects/test/testSerializationL1TObjects.cpp:1:0:
/cvmfs/cms.cern.ch/slc6_amd64_gcc491/cms/cmssw/CMSSW_7_5_0_pre1/src/CondFormats/Serialization/interface/Test.h:47:6: note: template<class T> void testSerialization()
 void testSerialization()
      ^
/cvmfs/cms.cern.ch/slc6_amd64_gcc491/cms/cmssw/CMSSW_7_5_0_pre1/src/CondFormats/Serialization/interface/Test.h:47:6: note:   template argument deduction/substitution failed:
/afs/cern.ch/user/t/tjames/cmssw/CMSSW_7_5_0_pre1/src/CondFormats/L1TObjects/test/testSerializationL1TObjects.cpp:89:58: error: template argument 1 is invalid
     testSerialization<std::pair<short,L1MuDTEtaPattern>>();
                                                          ^
/afs/cern.ch/user/t/tjames/cmssw/CMSSW_7_5_0_pre1/src/CondFormats/L1TObjects/test/testSerializationL1TObjects.cpp:90:46: error: the value of 'L1GtAlgorithm' is not usable in a constant expression
     testSerialization<std::pair<std::string, L1GtAlgorithm>>();
                                              ^
/afs/cern.ch/user/t/tjames/cmssw/CMSSW_7_5_0_pre1/src/CondFormats/L1TObjects/test/testSerializationL1TObjects.cpp:15:23: note: 'L1GtAlgorithm' was not declared 'constexpr'
     testSerialization<L1GtAlgorithm>();
                       ^
/afs/cern.ch/user/t/tjames/cmssw/CMSSW_7_5_0_pre1/src/CondFormats/L1TObjects/test/testSerializationL1TObjects.cpp:90:46: error: type/value mismatch at argument 2 in template parameter list for 'template<class _T1, class _T2> struct std::pair'
     testSerialization<std::pair<std::string, L1GtAlgorithm>>();
                                              ^
/afs/cern.ch/user/t/tjames/cmssw/CMSSW_7_5_0_pre1/src/CondFormats/L1TObjects/test/testSerializationL1TObjects.cpp:90:46: error:   expected a type, got 'L1GtAlgorithm'
/afs/cern.ch/user/t/tjames/cmssw/CMSSW_7_5_0_pre1/src/CondFormats/L1TObjects/test/testSerializationL1TObjects.cpp:90:62: error: no matching function for call to 'testSerialization()'
     testSerialization<std::pair<std::string, L1GtAlgorithm>>();
                                                              ^
/afs/cern.ch/user/t/tjames/cmssw/CMSSW_7_5_0_pre1/src/CondFormats/L1TObjects/test/testSerializationL1TObjects.cpp:90:62: note: candidate is:
In file included from /afs/cern.ch/user/t/tjames/cmssw/CMSSW_7_5_0_pre1/src/CondFormats/L1TObjects/test/testSerializationL1TObjects.cpp:1:0:
/cvmfs/cms.cern.ch/slc6_amd64_gcc491/cms/cmssw/CMSSW_7_5_0_pre1/src/CondFormats/Serialization/interface/Test.h:47:6: note: template<class T> void testSerialization()
 void testSerialization()
      ^
/cvmfs/cms.cern.ch/slc6_amd64_gcc491/cms/cmssw/CMSSW_7_5_0_pre1/src/CondFormats/Serialization/interface/Test.h:47:6: note:   template argument deduction/substitution failed:
/afs/cern.ch/user/t/tjames/cmssw/CMSSW_7_5_0_pre1/src/CondFormats/L1TObjects/test/testSerializationL1TObjects.cpp:90:62: error: template argument 1 is invalid
     testSerialization<std::pair<std::string, L1GtAlgorithm>>();
                                                              ^
/afs/cern.ch/user/t/tjames/cmssw/CMSSW_7_5_0_pre1/src/CondFormats/L1TObjects/test/testSerializationL1TObjects.cpp:91:35: error: the value of 'L1GtBoard' is not usable in a constant expression
     testSerialization<std::vector<L1GtBoard>>();
                                   ^
/afs/cern.ch/user/t/tjames/cmssw/CMSSW_7_5_0_pre1/src/CondFormats/L1TObjects/test/testSerializationL1TObjects.cpp:16:23: note: 'L1GtBoard' was not declared 'constexpr'
     testSerialization<L1GtBoard>();
                       ^
/afs/cern.ch/user/t/tjames/cmssw/CMSSW_7_5_0_pre1/src/CondFormats/L1TObjects/test/testSerializationL1TObjects.cpp:91:35: error: type/value mismatch at argument 1 in template parameter list for 'template<class _Tp, class _Alloc> class std::vector'
     testSerialization<std::vector<L1GtBoard>>();
                                   ^
/afs/cern.ch/user/t/tjames/cmssw/CMSSW_7_5_0_pre1/src/CondFormats/L1TObjects/test/testSerializationL1TObjects.cpp:91:35: error:   expected a type, got 'L1GtBoard'
/afs/cern.ch/user/t/tjames/cmssw/CMSSW_7_5_0_pre1/src/CondFormats/L1TObjects/test/testSerializationL1TObjects.cpp:91:35: error: template argument 2 is invalid
/afs/cern.ch/user/t/tjames/cmssw/CMSSW_7_5_0_pre1/src/CondFormats/L1TObjects/test/testSerializationL1TObjects.cpp:91:47: error: no matching function for call to 'testSerialization()'
     testSerialization<std::vector<L1GtBoard>>();
                                               ^
/afs/cern.ch/user/t/tjames/cmssw/CMSSW_7_5_0_pre1/src/CondFormats/L1TObjects/test/testSerializationL1TObjects.cpp:91:47: note: candidate is:
In file included from /afs/cern.ch/user/t/tjames/cmssw/CMSSW_7_5_0_pre1/src/CondFormats/L1TObjects/test/testSerializationL1TObjects.cpp:1:0:
/cvmfs/cms.cern.ch/slc6_amd64_gcc491/cms/cmssw/CMSSW_7_5_0_pre1/src/CondFormats/Serialization/interface/Test.h:47:6: note: template<class T> void testSerialization()
 void testSerialization()
      ^
/cvmfs/cms.cern.ch/slc6_amd64_gcc491/cms/cmssw/CMSSW_7_5_0_pre1/src/CondFormats/Serialization/interface/Test.h:47:6: note:   template argument deduction/substitution failed:
/afs/cern.ch/user/t/tjames/cmssw/CMSSW_7_5_0_pre1/src/CondFormats/L1TObjects/test/testSerializationL1TObjects.cpp:91:47: error: template argument 1 is invalid
     testSerialization<std::vector<L1GtBoard>>();
                                               ^
/afs/cern.ch/user/t/tjames/cmssw/CMSSW_7_5_0_pre1/src/CondFormats/L1TObjects/test/testSerializationL1TObjects.cpp:92:35: error: the value of 'L1GtBptxTemplate' is not usable in a constant expression
     testSerialization<std::vector<L1GtBptxTemplate>>();
                                   ^
/afs/cern.ch/user/t/tjames/cmssw/CMSSW_7_5_0_pre1/src/CondFormats/L1TObjects/test/testSerializationL1TObjects.cpp:18:23: note: 'L1GtBptxTemplate' was not declared 'constexpr'
     testSerialization<L1GtBptxTemplate>();
                       ^
/afs/cern.ch/user/t/tjames/cmssw/CMSSW_7_5_0_pre1/src/CondFormats/L1TObjects/test/testSerializationL1TObjects.cpp:92:35: error: type/value mismatch at argument 1 in template parameter list for 'template<class _Tp, class _Alloc> class std::vector'
     testSerialization<std::vector<L1GtBptxTemplate>>();
                                   ^
/afs/cern.ch/user/t/tjames/cmssw/CMSSW_7_5_0_pre1/src/CondFormats/L1TObjects/test/testSerializationL1TObjects.cpp:92:35: error:   expected a type, got 'L1GtBptxTemplate'
/afs/cern.ch/user/t/tjames/cmssw/CMSSW_7_5_0_pre1/src/CondFormats/L1TObjects/test/testSerializationL1TObjects.cpp:92:35: error: template argument 2 is invalid
/afs/cern.ch/user/t/tjames/cmssw/CMSSW_7_5_0_pre1/src/CondFormats/L1TObjects/test/testSerializationL1TObjects.cpp:92:54: error: no matching function for call to 'testSerialization()'
     testSerialization<std::vector<L1GtBptxTemplate>>();
                                                      ^
/afs/cern.ch/user/t/tjames/cmssw/CMSSW_7_5_0_pre1/src/CondFormats/L1TObjects/test/testSerializationL1TObjects.cpp:92:54: note: candidate is:
In file included from /afs/cern.ch/user/t/tjames/cmssw/CMSSW_7_5_0_pre1/src/CondFormats/L1TObjects/test/testSerializationL1TObjects.cpp:1:0:
/cvmfs/cms.cern.ch/slc6_amd64_gcc491/cms/cmssw/CMSSW_7_5_0_pre1/src/CondFormats/Serialization/interface/Test.h:47:6: note: template<class T> void testSerialization()
 void testSerialization()
      ^
/cvmfs/cms.cern.ch/slc6_amd64_gcc491/cms/cmssw/CMSSW_7_5_0_pre1/src/CondFormats/Serialization/interface/Test.h:47:6: note:   template argument deduction/substitution failed:
/afs/cern.ch/user/t/tjames/cmssw/CMSSW_7_5_0_pre1/src/CondFormats/L1TObjects/test/testSerializationL1TObjects.cpp:92:54: error: template argument 1 is invalid
     testSerialization<std::vector<L1GtBptxTemplate>>();
                                                      ^
/afs/cern.ch/user/t/tjames/cmssw/CMSSW_7_5_0_pre1/src/CondFormats/L1TObjects/test/testSerializationL1TObjects.cpp:93:35: error: the value of 'L1GtCaloTemplate' is not usable in a constant expression
     testSerialization<std::vector<L1GtCaloTemplate::ObjectParameter>>();
                                   ^
/afs/cern.ch/user/t/tjames/cmssw/CMSSW_7_5_0_pre1/src/CondFormats/L1TObjects/test/testSerializationL1TObjects.cpp:19:23: note: 'L1GtCaloTemplate' was not declared 'constexpr'
     testSerialization<L1GtCaloTemplate>();
                       ^
/afs/cern.ch/user/t/tjames/cmssw/CMSSW_7_5_0_pre1/src/CondFormats/L1TObjects/test/testSerializationL1TObjects.cpp:93:68: error: type/value mismatch at argument 1 in template parameter list for 'template<class _Tp, class _Alloc> class std::vector'
     testSerialization<std::vector<L1GtCaloTemplate::ObjectParameter>>();
                                                                    ^
/afs/cern.ch/user/t/tjames/cmssw/CMSSW_7_5_0_pre1/src/CondFormats/L1TObjects/test/testSerializationL1TObjects.cpp:93:68: error:   expected a type, got 'L1GtCaloTemplate'
/afs/cern.ch/user/t/tjames/cmssw/CMSSW_7_5_0_pre1/src/CondFormats/L1TObjects/test/testSerializationL1TObjects.cpp:93:68: error: template argument 2 is invalid
/afs/cern.ch/user/t/tjames/cmssw/CMSSW_7_5_0_pre1/src/CondFormats/L1TObjects/test/testSerializationL1TObjects.cpp:93:5: error: parse error in template argument list
     testSerialization<std::vector<L1GtCaloTemplate::ObjectParameter>>();
     ^
/afs/cern.ch/user/t/tjames/cmssw/CMSSW_7_5_0_pre1/src/CondFormats/L1TObjects/test/testSerializationL1TObjects.cpp:93:72: error: statement cannot resolve address of overloaded function
     testSerialization<std::vector<L1GtCaloTemplate::ObjectParameter>>();
                                                                        ^
/afs/cern.ch/user/t/tjames/cmssw/CMSSW_7_5_0_pre1/src/CondFormats/L1TObjects/test/testSerializationL1TObjects.cpp:94:35: error: the value of 'L1GtCaloTemplate' is not usable in a constant expression
     testSerialization<std::vector<L1GtCaloTemplate>>();
                                   ^
/afs/cern.ch/user/t/tjames/cmssw/CMSSW_7_5_0_pre1/src/CondFormats/L1TObjects/test/testSerializationL1TObjects.cpp:19:23: note: 'L1GtCaloTemplate' was not declared 'constexpr'
     testSerialization<L1GtCaloTemplate>();
                       ^
/afs/cern.ch/user/t/tjames/cmssw/CMSSW_7_5_0_pre1/src/CondFormats/L1TObjects/test/testSerializationL1TObjects.cpp:94:35: error: type/value mismatch at argument 1 in template parameter list for 'template<class _Tp, class _Alloc> class std::vector'
     testSerialization<std::vector<L1GtCaloTemplate>>();
                                   ^
/afs/cern.ch/user/t/tjames/cmssw/CMSSW_7_5_0_pre1/src/CondFormats/L1TObjects/test/testSerializationL1TObjects.cpp:94:35: error:   expected a type, got 'L1GtCaloTemplate'
/afs/cern.ch/user/t/tjames/cmssw/CMSSW_7_5_0_pre1/src/CondFormats/L1TObjects/test/testSerializationL1TObjects.cpp:94:35: error: template argument 2 is invalid
/afs/cern.ch/user/t/tjames/cmssw/CMSSW_7_5_0_pre1/src/CondFormats/L1TObjects/test/testSerializationL1TObjects.cpp:94:54: error: no matching function for call to 'testSerialization()'
     testSerialization<std::vector<L1GtCaloTemplate>>();
                                                      ^
/afs/cern.ch/user/t/tjames/cmssw/CMSSW_7_5_0_pre1/src/CondFormats/L1TObjects/test/testSerializationL1TObjects.cpp:94:54: note: candidate is:
In file included from /afs/cern.ch/user/t/tjames/cmssw/CMSSW_7_5_0_pre1/src/CondFormats/L1TObjects/test/testSerializationL1TObjects.cpp:1:0:
/cvmfs/cms.cern.ch/slc6_amd64_gcc491/cms/cmssw/CMSSW_7_5_0_pre1/src/CondFormats/Serialization/interface/Test.h:47:6: note: template<class T> void testSerialization()
 void testSerialization()
      ^
/cvmfs/cms.cern.ch/slc6_amd64_gcc491/cms/cmssw/CMSSW_7_5_0_pre1/src/CondFormats/Serialization/interface/Test.h:47:6: note:   template argument deduction/substitution failed:
/afs/cern.ch/user/t/tjames/cmssw/CMSSW_7_5_0_pre1/src/CondFormats/L1TObjects/test/testSerializationL1TObjects.cpp:94:54: error: template argument 1 is invalid
     testSerialization<std::vector<L1GtCaloTemplate>>();
                                                      ^
/afs/cern.ch/user/t/tjames/cmssw/CMSSW_7_5_0_pre1/src/CondFormats/L1TObjects/test/testSerializationL1TObjects.cpp:95:35: error: the value of 'L1GtCastorTemplate' is not usable in a constant expression
     testSerialization<std::vector<L1GtCastorTemplate>>();
                                   ^
/afs/cern.ch/user/t/tjames/cmssw/CMSSW_7_5_0_pre1/src/CondFormats/L1TObjects/test/testSerializationL1TObjects.cpp:22:23: note: 'L1GtCastorTemplate' was not declared 'constexpr'
     testSerialization<L1GtCastorTemplate>();
                       ^
/afs/cern.ch/user/t/tjames/cmssw/CMSSW_7_5_0_pre1/src/CondFormats/L1TObjects/test/testSerializationL1TObjects.cpp:95:35: error: type/value mismatch at argument 1 in template parameter list for 'template<class _Tp, class _Alloc> class std::vector'
     testSerialization<std::vector<L1GtCastorTemplate>>();
                                   ^
/afs/cern.ch/user/t/tjames/cmssw/CMSSW_7_5_0_pre1/src/CondFormats/L1TObjects/test/testSerializationL1TObjects.cpp:95:35: error:   expected a type, got 'L1GtCastorTemplate'
/afs/cern.ch/user/t/tjames/cmssw/CMSSW_7_5_0_pre1/src/CondFormats/L1TObjects/test/testSerializationL1TObjects.cpp:95:35: error: template argument 2 is invalid
/afs/cern.ch/user/t/tjames/cmssw/CMSSW_7_5_0_pre1/src/CondFormats/L1TObjects/test/testSerializationL1TObjects.cpp:95:56: error: no matching function for call to 'testSerialization()'
     testSerialization<std::vector<L1GtCastorTemplate>>();
                                                        ^
/afs/cern.ch/user/t/tjames/cmssw/CMSSW_7_5_0_pre1/src/CondFormats/L1TObjects/test/testSerializationL1TObjects.cpp:95:56: note: candidate is:
In file included from /afs/cern.ch/user/t/tjames/cmssw/CMSSW_7_5_0_pre1/src/CondFormats/L1TObjects/test/testSerializationL1TObjects.cpp:1:0:
/cvmfs/cms.cern.ch/slc6_amd64_gcc491/cms/cmssw/CMSSW_7_5_0_pre1/src/CondFormats/Serialization/interface/Test.h:47:6: note: template<class T> void testSerialization()
 void testSerialization()
      ^
/cvmfs/cms.cern.ch/slc6_amd64_gcc491/cms/cmssw/CMSSW_7_5_0_pre1/src/CondFormats/Serialization/interface/Test.h:47:6: note:   template argument deduction/substitution failed:
/afs/cern.ch/user/t/tjames/cmssw/CMSSW_7_5_0_pre1/src/CondFormats/L1TObjects/test/testSerializationL1TObjects.cpp:95:56: error: template argument 1 is invalid
     testSerialization<std::vector<L1GtCastorTemplate>>();
                                                        ^
/afs/cern.ch/user/t/tjames/cmssw/CMSSW_7_5_0_pre1/src/CondFormats/L1TObjects/test/testSerializationL1TObjects.cpp:96:35: error: the value of 'L1GtCorrelationTemplate' is not usable in a constant expression
     testSerialization<std::vector<L1GtCorrelationTemplate>>();
                                   ^
/afs/cern.ch/user/t/tjames/cmssw/CMSSW_7_5_0_pre1/src/CondFormats/L1TObjects/test/testSerializationL1TObjects.cpp:24:23: note: 'L1GtCorrelationTemplate' was not declared 'constexpr'
     testSerialization<L1GtCorrelationTemplate>();
                       ^
/afs/cern.ch/user/t/tjames/cmssw/CMSSW_7_5_0_pre1/src/CondFormats/L1TObjects/test/testSerializationL1TObjects.cpp:96:35: error: type/value mismatch at argument 1 in template parameter list for 'template<class _Tp, class _Alloc> class std::vector'
     testSerialization<std::vector<L1GtCorrelationTemplate>>();
                                   ^
/afs/cern.ch/user/t/tjames/cmssw/CMSSW_7_5_0_pre1/src/CondFormats/L1TObjects/test/testSerializationL1TObjects.cpp:96:35: error:   expected a type, got 'L1GtCorrelationTemplate'
/afs/cern.ch/user/t/tjames/cmssw/CMSSW_7_5_0_pre1/src/CondFormats/L1TObjects/test/testSerializationL1TObjects.cpp:96:35: error: template argument 2 is invalid
/afs/cern.ch/user/t/tjames/cmssw/CMSSW_7_5_0_pre1/src/CondFormats/L1TObjects/test/testSerializationL1TObjects.cpp:96:61: error: no matching function for call to 'testSerialization()'
     testSerialization<std::vector<L1GtCorrelationTemplate>>();
                                                             ^
/afs/cern.ch/user/t/tjames/cmssw/CMSSW_7_5_0_pre1/src/CondFormats/L1TObjects/test/testSerializationL1TObjects.cpp:96:61: note: candidate is:
In file included from /afs/cern.ch/user/t/tjames/cmssw/CMSSW_7_5_0_pre1/src/CondFormats/L1TObjects/test/testSerializationL1TObjects.cpp:1:0:
/cvmfs/cms.cern.ch/slc6_amd64_gcc491/cms/cmssw/CMSSW_7_5_0_pre1/src/CondFormats/Serialization/interface/Test.h:47:6: note: template<class T> void testSerialization()
 void testSerialization()
      ^
/cvmfs/cms.cern.ch/slc6_amd64_gcc491/cms/cmssw/CMSSW_7_5_0_pre1/src/CondFormats/Serialization/interface/Test.h:47:6: note:   template argument deduction/substitution failed:
/afs/cern.ch/user/t/tjames/cmssw/CMSSW_7_5_0_pre1/src/CondFormats/L1TObjects/test/testSerializationL1TObjects.cpp:96:61: error: template argument 1 is invalid
     testSerialization<std::vector<L1GtCorrelationTemplate>>();
                                                             ^
/afs/cern.ch/user/t/tjames/cmssw/CMSSW_7_5_0_pre1/src/CondFormats/L1TObjects/test/testSerializationL1TObjects.cpp:97:35: error: the value of 'L1GtEnergySumTemplate' is not usable in a constant expression
     testSerialization<std::vector<L1GtEnergySumTemplate::ObjectParameter>>();
                                   ^
/afs/cern.ch/user/t/tjames/cmssw/CMSSW_7_5_0_pre1/src/CondFormats/L1TObjects/test/testSerializationL1TObjects.cpp:26:23: note: 'L1GtEnergySumTemplate' was not declared 'constexpr'
     testSerialization<L1GtEnergySumTemplate>();
                       ^
/afs/cern.ch/user/t/tjames/cmssw/CMSSW_7_5_0_pre1/src/CondFormats/L1TObjects/test/testSerializationL1TObjects.cpp:97:73: error: type/value mismatch at argument 1 in template parameter list for 'template<class _Tp, class _Alloc> class std::vector'
     testSerialization<std::vector<L1GtEnergySumTemplate::ObjectParameter>>();
                                                                         ^
/afs/cern.ch/user/t/tjames/cmssw/CMSSW_7_5_0_pre1/src/CondFormats/L1TObjects/test/testSerializationL1TObjects.cpp:97:73: error:   expected a type, got 'L1GtEnergySumTemplate'
/afs/cern.ch/user/t/tjames/cmssw/CMSSW_7_5_0_pre1/src/CondFormats/L1TObjects/test/testSerializationL1TObjects.cpp:97:73: error: template argument 2 is invalid
/afs/cern.ch/user/t/tjames/cmssw/CMSSW_7_5_0_pre1/src/CondFormats/L1TObjects/test/testSerializationL1TObjects.cpp:97:5: error: parse error in template argument list
     testSerialization<std::vector<L1GtEnergySumTemplate::ObjectParameter>>();
     ^
/afs/cern.ch/user/t/tjames/cmssw/CMSSW_7_5_0_pre1/src/CondFormats/L1TObjects/test/testSerializationL1TObjects.cpp:97:77: error: statement cannot resolve address of overloaded function
     testSerialization<std::vector<L1GtEnergySumTemplate::ObjectParameter>>();
                                                                             ^
/afs/cern.ch/user/t/tjames/cmssw/CMSSW_7_5_0_pre1/src/CondFormats/L1TObjects/test/testSerializationL1TObjects.cpp:98:35: error: the value of 'L1GtEnergySumTemplate' is not usable in a constant expression
     testSerialization<std::vector<L1GtEnergySumTemplate>>();
                                   ^
/afs/cern.ch/user/t/tjames/cmssw/CMSSW_7_5_0_pre1/src/CondFormats/L1TObjects/test/testSerializationL1TObjects.cpp:26:23: note: 'L1GtEnergySumTemplate' was not declared 'constexpr'
     testSerialization<L1GtEnergySumTemplate>();
                       ^
/afs/cern.ch/user/t/tjames/cmssw/CMSSW_7_5_0_pre1/src/CondFormats/L1TObjects/test/testSerializationL1TObjects.cpp:98:35: error: type/value mismatch at argument 1 in template parameter list for 'template<class _Tp, class _Alloc> class std::vector'
     testSerialization<std::vector<L1GtEnergySumTemplate>>();
                                   ^
/afs/cern.ch/user/t/tjames/cmssw/CMSSW_7_5_0_pre1/src/CondFormats/L1TObjects/test/testSerializationL1TObjects.cpp:98:35: error:   expected a type, got 'L1GtEnergySumTemplate'
/afs/cern.ch/user/t/tjames/cmssw/CMSSW_7_5_0_pre1/src/CondFormats/L1TObjects/test/testSerializationL1TObjects.cpp:98:35: error: template argument 2 is invalid
/afs/cern.ch/user/t/tjames/cmssw/CMSSW_7_5_0_pre1/src/CondFormats/L1TObjects/test/testSerializationL1TObjects.cpp:98:59: error: no matching function for call to 'testSerialization()'
     testSerialization<std::vector<L1GtEnergySumTemplate>>();
                                                           ^
/afs/cern.ch/user/t/tjames/cmssw/CMSSW_7_5_0_pre1/src/CondFormats/L1TObjects/test/testSerializationL1TObjects.cpp:98:59: note: candidate is:
In file included from /afs/cern.ch/user/t/tjames/cmssw/CMSSW_7_5_0_pre1/src/CondFormats/L1TObjects/test/testSerializationL1TObjects.cpp:1:0:
/cvmfs/cms.cern.ch/slc6_amd64_gcc491/cms/cmssw/CMSSW_7_5_0_pre1/src/CondFormats/Serialization/interface/Test.h:47:6: note: template<class T> void testSerialization()
 void testSerialization()
      ^
/cvmfs/cms.cern.ch/slc6_amd64_gcc491/cms/cmssw/CMSSW_7_5_0_pre1/src/CondFormats/Serialization/interface/Test.h:47:6: note:   template argument deduction/substitution failed:
/afs/cern.ch/user/t/tjames/cmssw/CMSSW_7_5_0_pre1/src/CondFormats/L1TObjects/test/testSerializationL1TObjects.cpp:98:59: error: template argument 1 is invalid
     testSerialization<std::vector<L1GtEnergySumTemplate>>();
                                                           ^
/afs/cern.ch/user/t/tjames/cmssw/CMSSW_7_5_0_pre1/src/CondFormats/L1TObjects/test/testSerializationL1TObjects.cpp:99:35: error: the value of 'L1GtExternalTemplate' is not usable in a constant expression
     testSerialization<std::vector<L1GtExternalTemplate>>();
                                   ^
/afs/cern.ch/user/t/tjames/cmssw/CMSSW_7_5_0_pre1/src/CondFormats/L1TObjects/test/testSerializationL1TObjects.cpp:28:23: note: 'L1GtExternalTemplate' was not declared 'constexpr'
     testSerialization<L1GtExternalTemplate>();
                       ^
/afs/cern.ch/user/t/tjames/cmssw/CMSSW_7_5_0_pre1/src/CondFormats/L1TObjects/test/testSerializationL1TObjects.cpp:99:35: error: type/value mismatch at argument 1 in template parameter list for 'template<class _Tp, class _Alloc> class std::vector'
     testSerialization<std::vector<L1GtExternalTemplate>>();
                                   ^
/afs/cern.ch/user/t/tjames/cmssw/CMSSW_7_5_0_pre1/src/CondFormats/L1TObjects/test/testSerializationL1TObjects.cpp:99:35: error:   expected a type, got 'L1GtExternalTemplate'
/afs/cern.ch/user/t/tjames/cmssw/CMSSW_7_5_0_pre1/src/CondFormats/L1TObjects/test/testSerializationL1TObjects.cpp:99:35: error: template argument 2 is invalid
/afs/cern.ch/user/t/tjames/cmssw/CMSSW_7_5_0_pre1/src/CondFormats/L1TObjects/test/testSerializationL1TObjects.cpp:99:58: error: no matching function for call to 'testSerialization()'
     testSerialization<std::vector<L1GtExternalTemplate>>();
                                                          ^
/afs/cern.ch/user/t/tjames/cmssw/CMSSW_7_5_0_pre1/src/CondFormats/L1TObjects/test/testSerializationL1TObjects.cpp:99:58: note: candidate is:
In file included from /afs/cern.ch/user/t/tjames/cmssw/CMSSW_7_5_0_pre1/src/CondFormats/L1TObjects/test/testSerializationL1TObjects.cpp:1:0:
/cvmfs/cms.cern.ch/slc6_amd64_gcc491/cms/cmssw/CMSSW_7_5_0_pre1/src/CondFormats/Serialization/interface/Test.h:47:6: note: template<class T> void testSerialization()
 void testSerialization()
      ^
/cvmfs/cms.cern.ch/slc6_amd64_gcc491/cms/cmssw/CMSSW_7_5_0_pre1/src/CondFormats/Serialization/interface/Test.h:47:6: note:   template argument deduction/substitution failed:
/afs/cern.ch/user/t/tjames/cmssw/CMSSW_7_5_0_pre1/src/CondFormats/L1TObjects/test/testSerializationL1TObjects.cpp:99:58: error: template argument 1 is invalid
     testSerialization<std::vector<L1GtExternalTemplate>>();
                                                          ^
/afs/cern.ch/user/t/tjames/cmssw/CMSSW_7_5_0_pre1/src/CondFormats/L1TObjects/test/testSerializationL1TObjects.cpp:100:35: error: the value of 'L1GtHfBitCountsTemplate' is not usable in a constant expression
     testSerialization<std::vector<L1GtHfBitCountsTemplate::ObjectParameter>>();
                                   ^
/afs/cern.ch/user/t/tjames/cmssw/CMSSW_7_5_0_pre1/src/CondFormats/L1TObjects/test/testSerializationL1TObjects.cpp:29:23: note: 'L1GtHfBitCountsTemplate' was not declared 'constexpr'
     testSerialization<L1GtHfBitCountsTemplate>();
                       ^
/afs/cern.ch/user/t/tjames/cmssw/CMSSW_7_5_0_pre1/src/CondFormats/L1TObjects/test/testSerializationL1TObjects.cpp:100:75: error: type/value mismatch at argument 1 in template parameter list for 'template<class _Tp, class _Alloc> class std::vector'
     testSerialization<std::vector<L1GtHfBitCountsTemplate::ObjectParameter>>();
                                                                           ^
/afs/cern.ch/user/t/tjames/cmssw/CMSSW_7_5_0_pre1/src/CondFormats/L1TObjects/test/testSerializationL1TObjects.cpp:100:75: error:   expected a type, got 'L1GtHfBitCountsTemplate'
/afs/cern.ch/user/t/tjames/cmssw/CMSSW_7_5_0_pre1/src/CondFormats/L1TObjects/test/testSerializationL1TObjects.cpp:100:75: error: template argument 2 is invalid
/afs/cern.ch/user/t/tjames/cmssw/CMSSW_7_5_0_pre1/src/CondFormats/L1TObjects/test/testSerializationL1TObjects.cpp:100:5: error: parse error in template argument list
     testSerialization<std::vector<L1GtHfBitCountsTemplate::ObjectParameter>>();
     ^
/afs/cern.ch/user/t/tjames/cmssw/CMSSW_7_5_0_pre1/src/CondFormats/L1TObjects/test/testSerializationL1TObjects.cpp:100:79: error: statement cannot resolve address of overloaded function
     testSerialization<std::vector<L1GtHfBitCountsTemplate::ObjectParameter>>();
                                                                               ^
/afs/cern.ch/user/t/tjames/cmssw/CMSSW_7_5_0_pre1/src/CondFormats/L1TObjects/test/testSerializationL1TObjects.cpp:101:35: error: the value of 'L1GtHfBitCountsTemplate' is not usable in a constant expression
     testSerialization<std::vector<L1GtHfBitCountsTemplate>>();
                                   ^
/afs/cern.ch/user/t/tjames/cmssw/CMSSW_7_5_0_pre1/src/CondFormats/L1TObjects/test/testSerializationL1TObjects.cpp:29:23: note: 'L1GtHfBitCountsTemplate' was not declared 'constexpr'
     testSerialization<L1GtHfBitCountsTemplate>();
                       ^
/afs/cern.ch/user/t/tjames/cmssw/CMSSW_7_5_0_pre1/src/CondFormats/L1TObjects/test/testSerializationL1TObjects.cpp:101:35: error: type/value mismatch at argument 1 in template parameter list for 'template<class _Tp, class _Alloc> class std::vector'
     testSerialization<std::vector<L1GtHfBitCountsTemplate>>();
                                   ^
/afs/cern.ch/user/t/tjames/cmssw/CMSSW_7_5_0_pre1/src/CondFormats/L1TObjects/test/testSerializationL1TObjects.cpp:101:35: error:   expected a type, got 'L1GtHfBitCountsTemplate'
/afs/cern.ch/user/t/tjames/cmssw/CMSSW_7_5_0_pre1/src/CondFormats/L1TObjects/test/testSerializationL1TObjects.cpp:101:35: error: template argument 2 is invalid
/afs/cern.ch/user/t/tjames/cmssw/CMSSW_7_5_0_pre1/src/CondFormats/L1TObjects/test/testSerializationL1TObjects.cpp:101:61: error: no matching function for call to 'testSerialization()'
     testSerialization<std::vector<L1GtHfBitCountsTemplate>>();
                                                             ^
/afs/cern.ch/user/t/tjames/cmssw/CMSSW_7_5_0_pre1/src/CondFormats/L1TObjects/test/testSerializationL1TObjects.cpp:101:61: note: candidate is:
In file included from /afs/cern.ch/user/t/tjames/cmssw/CMSSW_7_5_0_pre1/src/CondFormats/L1TObjects/test/testSerializationL1TObjects.cpp:1:0:
/cvmfs/cms.cern.ch/slc6_amd64_gcc491/cms/cmssw/CMSSW_7_5_0_pre1/src/CondFormats/Serialization/interface/Test.h:47:6: note: template<class T> void testSerialization()
 void testSerialization()
      ^
/cvmfs/cms.cern.ch/slc6_amd64_gcc491/cms/cmssw/CMSSW_7_5_0_pre1/src/CondFormats/Serialization/interface/Test.h:47:6: note:   template argument deduction/substitution failed:
/afs/cern.ch/user/t/tjames/cmssw/CMSSW_7_5_0_pre1/src/CondFormats/L1TObjects/test/testSerializationL1TObjects.cpp:101:61: error: template argument 1 is invalid
     testSerialization<std::vector<L1GtHfBitCountsTemplate>>();
                                                             ^
/afs/cern.ch/user/t/tjames/cmssw/CMSSW_7_5_0_pre1/src/CondFormats/L1TObjects/test/testSerializationL1TObjects.cpp:102:35: error: the value of 'L1GtHfRingEtSumsTemplate' is not usable in a constant expression
     testSerialization<std::vector<L1GtHfRingEtSumsTemplate::ObjectParameter>>();
                                   ^
/afs/cern.ch/user/t/tjames/cmssw/CMSSW_7_5_0_pre1/src/CondFormats/L1TObjects/test/testSerializationL1TObjects.cpp:31:23: note: 'L1GtHfRingEtSumsTemplate' was not declared 'constexpr'
     testSerialization<L1GtHfRingEtSumsTemplate>();
                       ^
/afs/cern.ch/user/t/tjames/cmssw/CMSSW_7_5_0_pre1/src/CondFormats/L1TObjects/test/testSerializationL1TObjects.cpp:102:76: error: type/value mismatch at argument 1 in template parameter list for 'template<class _Tp, class _Alloc> class std::vector'
     testSerialization<std::vector<L1GtHfRingEtSumsTemplate::ObjectParameter>>();
                                                                            ^
/afs/cern.ch/user/t/tjames/cmssw/CMSSW_7_5_0_pre1/src/CondFormats/L1TObjects/test/testSerializationL1TObjects.cpp:102:76: error:   expected a type, got 'L1GtHfRingEtSumsTemplate'
/afs/cern.ch/user/t/tjames/cmssw/CMSSW_7_5_0_pre1/src/CondFormats/L1TObjects/test/testSerializationL1TObjects.cpp:102:76: error: template argument 2 is invalid
/afs/cern.ch/user/t/tjames/cmssw/CMSSW_7_5_0_pre1/src/CondFormats/L1TObjects/test/testSerializationL1TObjects.cpp:102:5: error: parse error in template argument list
     testSerialization<std::vector<L1GtHfRingEtSumsTemplate::ObjectParameter>>();
     ^
/afs/cern.ch/user/t/tjames/cmssw/CMSSW_7_5_0_pre1/src/CondFormats/L1TObjects/test/testSerializationL1TObjects.cpp:102:80: error: statement cannot resolve address of overloaded function
     testSerialization<std::vector<L1GtHfRingEtSumsTemplate::ObjectParameter>>();
                                                                                ^
/afs/cern.ch/user/t/tjames/cmssw/CMSSW_7_5_0_pre1/src/CondFormats/L1TObjects/test/testSerializationL1TObjects.cpp:103:35: error: the value of 'L1GtHfRingEtSumsTemplate' is not usable in a constant expression
     testSerialization<std::vector<L1GtHfRingEtSumsTemplate>>();
                                   ^
/afs/cern.ch/user/t/tjames/cmssw/CMSSW_7_5_0_pre1/src/CondFormats/L1TObjects/test/testSerializationL1TObjects.cpp:31:23: note: 'L1GtHfRingEtSumsTemplate' was not declared 'constexpr'
     testSerialization<L1GtHfRingEtSumsTemplate>();
                       ^
/afs/cern.ch/user/t/tjames/cmssw/CMSSW_7_5_0_pre1/src/CondFormats/L1TObjects/test/testSerializationL1TObjects.cpp:103:35: error: type/value mismatch at argument 1 in template parameter list for 'template<class _Tp, class _Alloc> class std::vector'
     testSerialization<std::vector<L1GtHfRingEtSumsTemplate>>();
                                   ^
/afs/cern.ch/user/t/tjames/cmssw/CMSSW_7_5_0_pre1/src/CondFormats/L1TObjects/test/testSerializationL1TObjects.cpp:103:35: error:   expected a type, got 'L1GtHfRingEtSumsTemplate'
/afs/cern.ch/user/t/tjames/cmssw/CMSSW_7_5_0_pre1/src/CondFormats/L1TObjects/test/testSerializationL1TObjects.cpp:103:35: error: template argument 2 is invalid
/afs/cern.ch/user/t/tjames/cmssw/CMSSW_7_5_0_pre1/src/CondFormats/L1TObjects/test/testSerializationL1TObjects.cpp:103:62: error: no matching function for call to 'testSerialization()'
     testSerialization<std::vector<L1GtHfRingEtSumsTemplate>>();
                                                              ^
/afs/cern.ch/user/t/tjames/cmssw/CMSSW_7_5_0_pre1/src/CondFormats/L1TObjects/test/testSerializationL1TObjects.cpp:103:62: note: candidate is:
In file included from /afs/cern.ch/user/t/tjames/cmssw/CMSSW_7_5_0_pre1/src/CondFormats/L1TObjects/test/testSerializationL1TObjects.cpp:1:0:
/cvmfs/cms.cern.ch/slc6_amd64_gcc491/cms/cmssw/CMSSW_7_5_0_pre1/src/CondFormats/Serialization/interface/Test.h:47:6: note: template<class T> void testSerialization()
 void testSerialization()
      ^
/cvmfs/cms.cern.ch/slc6_amd64_gcc491/cms/cmssw/CMSSW_7_5_0_pre1/src/CondFormats/Serialization/interface/Test.h:47:6: note:   template argument deduction/substitution failed:
/afs/cern.ch/user/t/tjames/cmssw/CMSSW_7_5_0_pre1/src/CondFormats/L1TObjects/test/testSerializationL1TObjects.cpp:103:62: error: template argument 1 is invalid
     testSerialization<std::vector<L1GtHfRingEtSumsTemplate>>();
                                                              ^
/afs/cern.ch/user/t/tjames/cmssw/CMSSW_7_5_0_pre1/src/CondFormats/L1TObjects/test/testSerializationL1TObjects.cpp:104:35: error: the value of 'L1GtJetCountsTemplate' is not usable in a constant expression
     testSerialization<std::vector<L1GtJetCountsTemplate::ObjectParameter>>();
                                   ^
/afs/cern.ch/user/t/tjames/cmssw/CMSSW_7_5_0_pre1/src/CondFormats/L1TObjects/test/testSerializationL1TObjects.cpp:33:23: note: 'L1GtJetCountsTemplate' was not declared 'constexpr'
     testSerialization<L1GtJetCountsTemplate>();
                       ^
/afs/cern.ch/user/t/tjames/cmssw/CMSSW_7_5_0_pre1/src/CondFormats/L1TObjects/test/testSerializationL1TObjects.cpp:104:73: error: type/value mismatch at argument 1 in template parameter list for 'template<class _Tp, class _Alloc> class std::vector'
     testSerialization<std::vector<L1GtJetCountsTemplate::ObjectParameter>>();
                                                                         ^
/afs/cern.ch/user/t/tjames/cmssw/CMSSW_7_5_0_pre1/src/CondFormats/L1TObjects/test/testSerializationL1TObjects.cpp:104:73: error:   expected a type, got 'L1GtJetCountsTemplate'
/afs/cern.ch/user/t/tjames/cmssw/CMSSW_7_5_0_pre1/src/CondFormats/L1TObjects/test/testSerializationL1TObjects.cpp:104:73: error: template argument 2 is invalid
/afs/cern.ch/user/t/tjames/cmssw/CMSSW_7_5_0_pre1/src/CondFormats/L1TObjects/test/testSerializationL1TObjects.cpp:104:5: error: parse error in template argument list
     testSerialization<std::vector<L1GtJetCountsTemplate::ObjectParameter>>();
     ^
/afs/cern.ch/user/t/tjames/cmssw/CMSSW_7_5_0_pre1/src/CondFormats/L1TObjects/test/testSerializationL1TObjects.cpp:104:77: error: statement cannot resolve address of overloaded function
     testSerialization<std::vector<L1GtJetCountsTemplate::ObjectParameter>>();
                                                                             ^
/afs/cern.ch/user/t/tjames/cmssw/CMSSW_7_5_0_pre1/src/CondFormats/L1TObjects/test/testSerializationL1TObjects.cpp:105:35: error: the value of 'L1GtJetCountsTemplate' is not usable in a constant expression
     testSerialization<std::vector<L1GtJetCountsTemplate>>();
                                   ^
/afs/cern.ch/user/t/tjames/cmssw/CMSSW_7_5_0_pre1/src/CondFormats/L1TObjects/test/testSerializationL1TObjects.cpp:33:23: note: 'L1GtJetCountsTemplate' was not declared 'constexpr'
     testSerialization<L1GtJetCountsTemplate>();
                       ^
/afs/cern.ch/user/t/tjames/cmssw/CMSSW_7_5_0_pre1/src/CondFormats/L1TObjects/test/testSerializationL1TObjects.cpp:105:35: error: type/value mismatch at argument 1 in template parameter list for 'template<class _Tp, class _Alloc> class std::vector'
     testSerialization<std::vector<L1GtJetCountsTemplate>>();
                                   ^
/afs/cern.ch/user/t/tjames/cmssw/CMSSW_7_5_0_pre1/src/CondFormats/L1TObjects/test/testSerializationL1TObjects.cpp:105:35: error:   expected a type, got 'L1GtJetCountsTemplate'
/afs/cern.ch/user/t/tjames/cmssw/CMSSW_7_5_0_pre1/src/CondFormats/L1TObjects/test/testSerializationL1TObjects.cpp:105:35: error: template argument 2 is invalid
/afs/cern.ch/user/t/tjames/cmssw/CMSSW_7_5_0_pre1/src/CondFormats/L1TObjects/test/testSerializationL1TObjects.cpp:105:59: error: no matching function for call to 'testSerialization()'
     testSerialization<std::vector<L1GtJetCountsTemplate>>();
                                                           ^
/afs/cern.ch/user/t/tjames/cmssw/CMSSW_7_5_0_pre1/src/CondFormats/L1TObjects/test/testSerializationL1TObjects.cpp:105:59: note: candidate is:
In file included from /afs/cern.ch/user/t/tjames/cmssw/CMSSW_7_5_0_pre1/src/CondFormats/L1TObjects/test/testSerializationL1TObjects.cpp:1:0:
/cvmfs/cms.cern.ch/slc6_amd64_gcc491/cms/cmssw/CMSSW_7_5_0_pre1/src/CondFormats/Serialization/interface/Test.h:47:6: note: template<class T> void testSerialization()
 void testSerialization()
      ^
/cvmfs/cms.cern.ch/slc6_amd64_gcc491/cms/cmssw/CMSSW_7_5_0_pre1/src/CondFormats/Serialization/interface/Test.h:47:6: note:   template argument deduction/substitution failed:
/afs/cern.ch/user/t/tjames/cmssw/CMSSW_7_5_0_pre1/src/CondFormats/L1TObjects/test/testSerializationL1TObjects.cpp:105:59: error: template argument 1 is invalid
     testSerialization<std::vector<L1GtJetCountsTemplate>>();
                                                           ^
/afs/cern.ch/user/t/tjames/cmssw/CMSSW_7_5_0_pre1/src/CondFormats/L1TObjects/test/testSerializationL1TObjects.cpp:106:35: error: the value of 'L1GtMuonTemplate' is not usable in a constant expression
     testSerialization<std::vector<L1GtMuonTemplate::ObjectParameter>>();
                                   ^
/afs/cern.ch/user/t/tjames/cmssw/CMSSW_7_5_0_pre1/src/CondFormats/L1TObjects/test/testSerializationL1TObjects.cpp:35:23: note: 'L1GtMuonTemplate' was not declared 'constexpr'
     testSerialization<L1GtMuonTemplate>();
                       ^
/afs/cern.ch/user/t/tjames/cmssw/CMSSW_7_5_0_pre1/src/CondFormats/L1TObjects/test/testSerializationL1TObjects.cpp:106:68: error: type/value mismatch at argument 1 in template parameter list for 'template<class _Tp, class _Alloc> class std::vector'
     testSerialization<std::vector<L1GtMuonTemplate::ObjectParameter>>();
                                                                    ^
/afs/cern.ch/user/t/tjames/cmssw/CMSSW_7_5_0_pre1/src/CondFormats/L1TObjects/test/testSerializationL1TObjects.cpp:106:68: error:   expected a type, got 'L1GtMuonTemplate'
/afs/cern.ch/user/t/tjames/cmssw/CMSSW_7_5_0_pre1/src/CondFormats/L1TObjects/test/testSerializationL1TObjects.cpp:106:68: error: template argument 2 is invalid
/afs/cern.ch/user/t/tjames/cmssw/CMSSW_7_5_0_pre1/src/CondFormats/L1TObjects/test/testSerializationL1TObjects.cpp:106:5: error: parse error in template argument list
     testSerialization<std::vector<L1GtMuonTemplate::ObjectParameter>>();
     ^
/afs/cern.ch/user/t/tjames/cmssw/CMSSW_7_5_0_pre1/src/CondFormats/L1TObjects/test/testSerializationL1TObjects.cpp:106:72: error: statement cannot resolve address of overloaded function
     testSerialization<std::vector<L1GtMuonTemplate::ObjectParameter>>();
                                                                        ^
/afs/cern.ch/user/t/tjames/cmssw/CMSSW_7_5_0_pre1/src/CondFormats/L1TObjects/test/testSerializationL1TObjects.cpp:107:35: error: the value of 'L1GtMuonTemplate' is not usable in a constant expression
     testSerialization<std::vector<L1GtMuonTemplate>>();
                                   ^
/afs/cern.ch/user/t/tjames/cmssw/CMSSW_7_5_0_pre1/src/CondFormats/L1TObjects/test/testSerializationL1TObjects.cpp:35:23: note: 'L1GtMuonTemplate' was not declared 'constexpr'
     testSerialization<L1GtMuonTemplate>();
                       ^
/afs/cern.ch/user/t/tjames/cmssw/CMSSW_7_5_0_pre1/src/CondFormats/L1TObjects/test/testSerializationL1TObjects.cpp:107:35: error: type/value mismatch at argument 1 in template parameter list for 'template<class _Tp, class _Alloc> class std::vector'
     testSerialization<std::vector<L1GtMuonTemplate>>();
                                   ^
/afs/cern.ch/user/t/tjames/cmssw/CMSSW_7_5_0_pre1/src/CondFormats/L1TObjects/test/testSerializationL1TObjects.cpp:107:35: error:   expected a type, got 'L1GtMuonTemplate'
/afs/cern.ch/user/t/tjames/cmssw/CMSSW_7_5_0_pre1/src/CondFormats/L1TObjects/test/testSerializationL1TObjects.cpp:107:35: error: template argument 2 is invalid
/afs/cern.ch/user/t/tjames/cmssw/CMSSW_7_5_0_pre1/src/CondFormats/L1TObjects/test/testSerializationL1TObjects.cpp:107:54: error: no matching function for call to 'testSerialization()'
     testSerialization<std::vector<L1GtMuonTemplate>>();
                                                      ^
/afs/cern.ch/user/t/tjames/cmssw/CMSSW_7_5_0_pre1/src/CondFormats/L1TObjects/test/testSerializationL1TObjects.cpp:107:54: note: candidate is:
In file included from /afs/cern.ch/user/t/tjames/cmssw/CMSSW_7_5_0_pre1/src/CondFormats/L1TObjects/test/testSerializationL1TObjects.cpp:1:0:
/cvmfs/cms.cern.ch/slc6_amd64_gcc491/cms/cmssw/CMSSW_7_5_0_pre1/src/CondFormats/Serialization/interface/Test.h:47:6: note: template<class T> void testSerialization()
 void testSerialization()
      ^
/cvmfs/cms.cern.ch/slc6_amd64_gcc491/cms/cmssw/CMSSW_7_5_0_pre1/src/CondFormats/Serialization/interface/Test.h:47:6: note:   template argument deduction/substitution failed:
/afs/cern.ch/user/t/tjames/cmssw/CMSSW_7_5_0_pre1/src/CondFormats/L1TObjects/test/testSerializationL1TObjects.cpp:107:54: error: template argument 1 is invalid
     testSerialization<std::vector<L1GtMuonTemplate>>();
                                                      ^
/afs/cern.ch/user/t/tjames/cmssw/CMSSW_7_5_0_pre1/src/CondFormats/L1TObjects/test/testSerializationL1TObjects.cpp:108:35: error: the value of 'L1GtPsbConfig' is not usable in a constant expression
     testSerialization<std::vector<L1GtPsbConfig>>();
                                   ^
/afs/cern.ch/user/t/tjames/cmssw/CMSSW_7_5_0_pre1/src/CondFormats/L1TObjects/test/testSerializationL1TObjects.cpp:40:23: note: 'L1GtPsbConfig' was not declared 'constexpr'
     testSerialization<L1GtPsbConfig>();
                       ^
/afs/cern.ch/user/t/tjames/cmssw/CMSSW_7_5_0_pre1/src/CondFormats/L1TObjects/test/testSerializationL1TObjects.cpp:108:35: error: type/value mismatch at argument 1 in template parameter list for 'template<class _Tp, class _Alloc> class std::vector'
     testSerialization<std::vector<L1GtPsbConfig>>();
                                   ^
/afs/cern.ch/user/t/tjames/cmssw/CMSSW_7_5_0_pre1/src/CondFormats/L1TObjects/test/testSerializationL1TObjects.cpp:108:35: error:   expected a type, got 'L1GtPsbConfig'
/afs/cern.ch/user/t/tjames/cmssw/CMSSW_7_5_0_pre1/src/CondFormats/L1TObjects/test/testSerializationL1TObjects.cpp:108:35: error: template argument 2 is invalid
/afs/cern.ch/user/t/tjames/cmssw/CMSSW_7_5_0_pre1/src/CondFormats/L1TObjects/test/testSerializationL1TObjects.cpp:108:51: error: no matching function for call to 'testSerialization()'
     testSerialization<std::vector<L1GtPsbConfig>>();
                                                   ^
/afs/cern.ch/user/t/tjames/cmssw/CMSSW_7_5_0_pre1/src/CondFormats/L1TObjects/test/testSerializationL1TObjects.cpp:108:51: note: candidate is:
In file included from /afs/cern.ch/user/t/tjames/cmssw/CMSSW_7_5_0_pre1/src/CondFormats/L1TObjects/test/testSerializationL1TObjects.cpp:1:0:
/cvmfs/cms.cern.ch/slc6_amd64_gcc491/cms/cmssw/CMSSW_7_5_0_pre1/src/CondFormats/Serialization/interface/Test.h:47:6: note: template<class T> void testSerialization()
 void testSerialization()
      ^
/cvmfs/cms.cern.ch/slc6_amd64_gcc491/cms/cmssw/CMSSW_7_5_0_pre1/src/CondFormats/Serialization/interface/Test.h:47:6: note:   template argument deduction/substitution failed:
/afs/cern.ch/user/t/tjames/cmssw/CMSSW_7_5_0_pre1/src/CondFormats/L1TObjects/test/testSerializationL1TObjects.cpp:108:51: error: template argument 1 is invalid
     testSerialization<std::vector<L1GtPsbConfig>>();
                                                   ^
/afs/cern.ch/user/t/tjames/cmssw/CMSSW_7_5_0_pre1/src/CondFormats/L1TObjects/test/testSerializationL1TObjects.cpp:109:35: error: 'L1GtPsbQuad' was not declared in this scope
     testSerialization<std::vector<L1GtPsbQuad>>();
                                   ^
/afs/cern.ch/user/t/tjames/cmssw/CMSSW_7_5_0_pre1/src/CondFormats/L1TObjects/test/testSerializationL1TObjects.cpp:109:35: error: template argument 1 is invalid
/afs/cern.ch/user/t/tjames/cmssw/CMSSW_7_5_0_pre1/src/CondFormats/L1TObjects/test/testSerializationL1TObjects.cpp:109:35: error: template argument 2 is invalid
/afs/cern.ch/user/t/tjames/cmssw/CMSSW_7_5_0_pre1/src/CondFormats/L1TObjects/test/testSerializationL1TObjects.cpp:109:49: error: no matching function for call to 'testSerialization()'
     testSerialization<std::vector<L1GtPsbQuad>>();
                                                 ^
/afs/cern.ch/user/t/tjames/cmssw/CMSSW_7_5_0_pre1/src/CondFormats/L1TObjects/test/testSerializationL1TObjects.cpp:109:49: note: candidate is:
In file included from /afs/cern.ch/user/t/tjames/cmssw/CMSSW_7_5_0_pre1/src/CondFormats/L1TObjects/test/testSerializationL1TObjects.cpp:1:0:
/cvmfs/cms.cern.ch/slc6_amd64_gcc491/cms/cmssw/CMSSW_7_5_0_pre1/src/CondFormats/Serialization/interface/Test.h:47:6: note: template<class T> void testSerialization()
 void testSerialization()
      ^
/cvmfs/cms.cern.ch/slc6_amd64_gcc491/cms/cmssw/CMSSW_7_5_0_pre1/src/CondFormats/Serialization/interface/Test.h:47:6: note:   template argument deduction/substitution failed:
/afs/cern.ch/user/t/tjames/cmssw/CMSSW_7_5_0_pre1/src/CondFormats/L1TObjects/test/testSerializationL1TObjects.cpp:109:49: error: template argument 1 is invalid
     testSerialization<std::vector<L1GtPsbQuad>>();
                                                 ^
/afs/cern.ch/user/t/tjames/cmssw/CMSSW_7_5_0_pre1/src/CondFormats/L1TObjects/test/testSerializationL1TObjects.cpp:110:35: error: the value of 'L1MuDTExtLut' is not usable in a constant expression
     testSerialization<std::vector<L1MuDTExtLut::LUT>>();
                                   ^
/afs/cern.ch/user/t/tjames/cmssw/CMSSW_7_5_0_pre1/src/CondFormats/L1TObjects/test/testSerializationL1TObjects.cpp:51:23: note: 'L1MuDTExtLut' was not declared 'constexpr'
     testSerialization<L1MuDTExtLut>();
                       ^
/afs/cern.ch/user/t/tjames/cmssw/CMSSW_7_5_0_pre1/src/CondFormats/L1TObjects/test/testSerializationL1TObjects.cpp:110:52: error: type/value mismatch at argument 1 in template parameter list for 'template<class _Tp, class _Alloc> class std::vector'
     testSerialization<std::vector<L1MuDTExtLut::LUT>>();
                                                    ^
/afs/cern.ch/user/t/tjames/cmssw/CMSSW_7_5_0_pre1/src/CondFormats/L1TObjects/test/testSerializationL1TObjects.cpp:110:52: error:   expected a type, got 'L1MuDTExtLut'
/afs/cern.ch/user/t/tjames/cmssw/CMSSW_7_5_0_pre1/src/CondFormats/L1TObjects/test/testSerializationL1TObjects.cpp:110:52: error: template argument 2 is invalid
/afs/cern.ch/user/t/tjames/cmssw/CMSSW_7_5_0_pre1/src/CondFormats/L1TObjects/test/testSerializationL1TObjects.cpp:110:5: error: parse error in template argument list
     testSerialization<std::vector<L1MuDTExtLut::LUT>>();
     ^
/afs/cern.ch/user/t/tjames/cmssw/CMSSW_7_5_0_pre1/src/CondFormats/L1TObjects/test/testSerializationL1TObjects.cpp:110:56: error: statement cannot resolve address of overloaded function
     testSerialization<std::vector<L1MuDTExtLut::LUT>>();
                                                        ^
/afs/cern.ch/user/t/tjames/cmssw/CMSSW_7_5_0_pre1/src/CondFormats/L1TObjects/test/testSerializationL1TObjects.cpp:111:35: error: the value of 'L1RPCConeDefinition' is not usable in a constant expression
     testSerialization<std::vector<L1RPCConeDefinition::TLPSize>>();
                                   ^
/afs/cern.ch/user/t/tjames/cmssw/CMSSW_7_5_0_pre1/src/CondFormats/L1TObjects/test/testSerializationL1TObjects.cpp:71:23: note: 'L1RPCConeDefinition' was not declared 'constexpr'
     testSerialization<L1RPCConeDefinition>();
                       ^
/afs/cern.ch/user/t/tjames/cmssw/CMSSW_7_5_0_pre1/src/CondFormats/L1TObjects/test/testSerializationL1TObjects.cpp:111:63: error: type/value mismatch at argument 1 in template parameter list for 'template<class _Tp, class _Alloc> class std::vector'
     testSerialization<std::vector<L1RPCConeDefinition::TLPSize>>();
                                                               ^
/afs/cern.ch/user/t/tjames/cmssw/CMSSW_7_5_0_pre1/src/CondFormats/L1TObjects/test/testSerializationL1TObjects.cpp:111:63: error:   expected a type, got 'L1RPCConeDefinition'
/afs/cern.ch/user/t/tjames/cmssw/CMSSW_7_5_0_pre1/src/CondFormats/L1TObjects/test/testSerializationL1TObjects.cpp:111:63: error: template argument 2 is invalid
/afs/cern.ch/user/t/tjames/cmssw/CMSSW_7_5_0_pre1/src/CondFormats/L1TObjects/test/testSerializationL1TObjects.cpp:111:5: error: parse error in template argument list
     testSerialization<std::vector<L1RPCConeDefinition::TLPSize>>();
     ^
/afs/cern.ch/user/t/tjames/cmssw/CMSSW_7_5_0_pre1/src/CondFormats/L1TObjects/test/testSerializationL1TObjects.cpp:111:67: error: statement cannot resolve address of overloaded function
     testSerialization<std::vector<L1RPCConeDefinition::TLPSize>>();
                                                                   ^
/afs/cern.ch/user/t/tjames/cmssw/CMSSW_7_5_0_pre1/src/CondFormats/L1TObjects/test/testSerializationL1TObjects.cpp:112:35: error: the value of 'L1RPCConeDefinition' is not usable in a constant expression
     testSerialization<std::vector<L1RPCConeDefinition::TRingToLP>>();
                                   ^
/afs/cern.ch/user/t/tjames/cmssw/CMSSW_7_5_0_pre1/src/CondFormats/L1TObjects/test/testSerializationL1TObjects.cpp:71:23: note: 'L1RPCConeDefinition' was not declared 'constexpr'
     testSerialization<L1RPCConeDefinition>();
                       ^
/afs/cern.ch/user/t/tjames/cmssw/CMSSW_7_5_0_pre1/src/CondFormats/L1TObjects/test/testSerializationL1TObjects.cpp:112:65: error: type/value mismatch at argument 1 in template parameter list for 'template<class _Tp, class _Alloc> class std::vector'
     testSerialization<std::vector<L1RPCConeDefinition::TRingToLP>>();
                                                                 ^
/afs/cern.ch/user/t/tjames/cmssw/CMSSW_7_5_0_pre1/src/CondFormats/L1TObjects/test/testSerializationL1TObjects.cpp:112:65: error:   expected a type, got 'L1RPCConeDefinition'
/afs/cern.ch/user/t/tjames/cmssw/CMSSW_7_5_0_pre1/src/CondFormats/L1TObjects/test/testSerializationL1TObjects.cpp:112:65: error: template argument 2 is invalid
/afs/cern.ch/user/t/tjames/cmssw/CMSSW_7_5_0_pre1/src/CondFormats/L1TObjects/test/testSerializationL1TObjects.cpp:112:5: error: parse error in template argument list
     testSerialization<std::vector<L1RPCConeDefinition::TRingToLP>>();
     ^
/afs/cern.ch/user/t/tjames/cmssw/CMSSW_7_5_0_pre1/src/CondFormats/L1TObjects/test/testSerializationL1TObjects.cpp:112:69: error: statement cannot resolve address of overloaded function
     testSerialization<std::vector<L1RPCConeDefinition::TRingToLP>>();
                                                                     ^
/afs/cern.ch/user/t/tjames/cmssw/CMSSW_7_5_0_pre1/src/CondFormats/L1TObjects/test/testSerializationL1TObjects.cpp:113:35: error: the value of 'L1RPCConeDefinition' is not usable in a constant expression
     testSerialization<std::vector<L1RPCConeDefinition::TRingToTower>>();
                                   ^
/afs/cern.ch/user/t/tjames/cmssw/CMSSW_7_5_0_pre1/src/CondFormats/L1TObjects/test/testSerializationL1TObjects.cpp:71:23: note: 'L1RPCConeDefinition' was not declared 'constexpr'
     testSerialization<L1RPCConeDefinition>();
                       ^
/afs/cern.ch/user/t/tjames/cmssw/CMSSW_7_5_0_pre1/src/CondFormats/L1TObjects/test/testSerializationL1TObjects.cpp:113:68: error: type/value mismatch at argument 1 in template parameter list for 'template<class _Tp, class _Alloc> class std::vector'
     testSerialization<std::vector<L1RPCConeDefinition::TRingToTower>>();
                                                                    ^
/afs/cern.ch/user/t/tjames/cmssw/CMSSW_7_5_0_pre1/src/CondFormats/L1TObjects/test/testSerializationL1TObjects.cpp:113:68: error:   expected a type, got 'L1RPCConeDefinition'
/afs/cern.ch/user/t/tjames/cmssw/CMSSW_7_5_0_pre1/src/CondFormats/L1TObjects/test/testSerializationL1TObjects.cpp:113:68: error: template argument 2 is invalid
/afs/cern.ch/user/t/tjames/cmssw/CMSSW_7_5_0_pre1/src/CondFormats/L1TObjects/test/testSerializationL1TObjects.cpp:113:5: error: parse error in template argument list
     testSerialization<std::vector<L1RPCConeDefinition::TRingToTower>>();
     ^
/afs/cern.ch/user/t/tjames/cmssw/CMSSW_7_5_0_pre1/src/CondFormats/L1TObjects/test/testSerializationL1TObjects.cpp:113:72: error: statement cannot resolve address of overloaded function
     testSerialization<std::vector<L1RPCConeDefinition::TRingToTower>>();
                                                                        ^
/afs/cern.ch/user/t/tjames/cmssw/CMSSW_7_5_0_pre1/src/CondFormats/L1TObjects/test/testSerializationL1TObjects.cpp:114:35: error: the value of 'RPCPattern' is not usable in a constant expression
     testSerialization<std::vector<RPCPattern::TQuality>>();
                                   ^
/afs/cern.ch/user/t/tjames/cmssw/CMSSW_7_5_0_pre1/src/CondFormats/L1TObjects/test/testSerializationL1TObjects.cpp:79:23: note: 'RPCPattern' was not declared 'constexpr'
     testSerialization<RPCPattern>();
                       ^
/afs/cern.ch/user/t/tjames/cmssw/CMSSW_7_5_0_pre1/src/CondFormats/L1TObjects/test/testSerializationL1TObjects.cpp:114:55: error: type/value mismatch at argument 1 in template parameter list for 'template<class _Tp, class _Alloc> class std::vector'
     testSerialization<std::vector<RPCPattern::TQuality>>();
                                                       ^
/afs/cern.ch/user/t/tjames/cmssw/CMSSW_7_5_0_pre1/src/CondFormats/L1TObjects/test/testSerializationL1TObjects.cpp:114:55: error:   expected a type, got 'RPCPattern'
/afs/cern.ch/user/t/tjames/cmssw/CMSSW_7_5_0_pre1/src/CondFormats/L1TObjects/test/testSerializationL1TObjects.cpp:114:55: error: template argument 2 is invalid
/afs/cern.ch/user/t/tjames/cmssw/CMSSW_7_5_0_pre1/src/CondFormats/L1TObjects/test/testSerializationL1TObjects.cpp:114:5: error: parse error in template argument list
     testSerialization<std::vector<RPCPattern::TQuality>>();
     ^
/afs/cern.ch/user/t/tjames/cmssw/CMSSW_7_5_0_pre1/src/CondFormats/L1TObjects/test/testSerializationL1TObjects.cpp:114:59: error: statement cannot resolve address of overloaded function
     testSerialization<std::vector<RPCPattern::TQuality>>();
                                                           ^
/afs/cern.ch/user/t/tjames/cmssw/CMSSW_7_5_0_pre1/src/CondFormats/L1TObjects/test/testSerializationL1TObjects.cpp:115:35: error: the value of 'RPCPattern' is not usable in a constant expression
     testSerialization<std::vector<RPCPattern>>();
                                   ^
/afs/cern.ch/user/t/tjames/cmssw/CMSSW_7_5_0_pre1/src/CondFormats/L1TObjects/test/testSerializationL1TObjects.cpp:79:23: note: 'RPCPattern' was not declared 'constexpr'
     testSerialization<RPCPattern>();
                       ^
/afs/cern.ch/user/t/tjames/cmssw/CMSSW_7_5_0_pre1/src/CondFormats/L1TObjects/test/testSerializationL1TObjects.cpp:115:35: error: type/value mismatch at argument 1 in template parameter list for 'template<class _Tp, class _Alloc> class std::vector'
     testSerialization<std::vector<RPCPattern>>();
                                   ^
/afs/cern.ch/user/t/tjames/cmssw/CMSSW_7_5_0_pre1/src/CondFormats/L1TObjects/test/testSerializationL1TObjects.cpp:115:35: error:   expected a type, got 'RPCPattern'
/afs/cern.ch/user/t/tjames/cmssw/CMSSW_7_5_0_pre1/src/CondFormats/L1TObjects/test/testSerializationL1TObjects.cpp:115:35: error: template argument 2 is invalid
/afs/cern.ch/user/t/tjames/cmssw/CMSSW_7_5_0_pre1/src/CondFormats/L1TObjects/test/testSerializationL1TObjects.cpp:115:48: error: no matching function for call to 'testSerialization()'
     testSerialization<std::vector<RPCPattern>>();
                                                ^
/afs/cern.ch/user/t/tjames/cmssw/CMSSW_7_5_0_pre1/src/CondFormats/L1TObjects/test/testSerializationL1TObjects.cpp:115:48: note: candidate is:
In file included from /afs/cern.ch/user/t/tjames/cmssw/CMSSW_7_5_0_pre1/src/CondFormats/L1TObjects/test/testSerializationL1TObjects.cpp:1:0:
/cvmfs/cms.cern.ch/slc6_amd64_gcc491/cms/cmssw/CMSSW_7_5_0_pre1/src/CondFormats/Serialization/interface/Test.h:47:6: note: template<class T> void testSerialization()
 void testSerialization()
      ^
/cvmfs/cms.cern.ch/slc6_amd64_gcc491/cms/cmssw/CMSSW_7_5_0_pre1/src/CondFormats/Serialization/interface/Test.h:47:6: note:   template argument deduction/substitution failed:
/afs/cern.ch/user/t/tjames/cmssw/CMSSW_7_5_0_pre1/src/CondFormats/L1TObjects/test/testSerializationL1TObjects.cpp:115:48: error: template argument 1 is invalid
     testSerialization<std::vector<RPCPattern>>();
                                                ^
/afs/cern.ch/user/t/tjames/cmssw/CMSSW_7_5_0_pre1/src/CondFormats/L1TObjects/test/testSerializationL1TObjects.cpp:116:47: error: the value of 'L1GtBptxTemplate' is not usable in a constant expression
     testSerialization<std::vector<std::vector<L1GtBptxTemplate>>>();
                                               ^
/afs/cern.ch/user/t/tjames/cmssw/CMSSW_7_5_0_pre1/src/CondFormats/L1TObjects/test/testSerializationL1TObjects.cpp:18:23: note: 'L1GtBptxTemplate' was not declared 'constexpr'
     testSerialization<L1GtBptxTemplate>();
                       ^
/afs/cern.ch/user/t/tjames/cmssw/CMSSW_7_5_0_pre1/src/CondFormats/L1TObjects/test/testSerializationL1TObjects.cpp:116:47: error: type/value mismatch at argument 1 in template parameter list for 'template<class _Tp, class _Alloc> class std::vector'
     testSerialization<std::vector<std::vector<L1GtBptxTemplate>>>();
                                               ^
/afs/cern.ch/user/t/tjames/cmssw/CMSSW_7_5_0_pre1/src/CondFormats/L1TObjects/test/testSerializationL1TObjects.cpp:116:47: error:   expected a type, got 'L1GtBptxTemplate'
/afs/cern.ch/user/t/tjames/cmssw/CMSSW_7_5_0_pre1/src/CondFormats/L1TObjects/test/testSerializationL1TObjects.cpp:116:47: error: template argument 2 is invalid
/afs/cern.ch/user/t/tjames/cmssw/CMSSW_7_5_0_pre1/src/CondFormats/L1TObjects/test/testSerializationL1TObjects.cpp:116:63: error: template argument 1 is invalid
     testSerialization<std::vector<std::vector<L1GtBptxTemplate>>>();
                                                               ^
/afs/cern.ch/user/t/tjames/cmssw/CMSSW_7_5_0_pre1/src/CondFormats/L1TObjects/test/testSerializationL1TObjects.cpp:116:63: error: template argument 2 is invalid
/afs/cern.ch/user/t/tjames/cmssw/CMSSW_7_5_0_pre1/src/CondFormats/L1TObjects/test/testSerializationL1TObjects.cpp:116:67: error: no matching function for call to 'testSerialization()'
     testSerialization<std::vector<std::vector<L1GtBptxTemplate>>>();
                                                                   ^
/afs/cern.ch/user/t/tjames/cmssw/CMSSW_7_5_0_pre1/src/CondFormats/L1TObjects/test/testSerializationL1TObjects.cpp:116:67: note: candidate is:
In file included from /afs/cern.ch/user/t/tjames/cmssw/CMSSW_7_5_0_pre1/src/CondFormats/L1TObjects/test/testSerializationL1TObjects.cpp:1:0:
/cvmfs/cms.cern.ch/slc6_amd64_gcc491/cms/cmssw/CMSSW_7_5_0_pre1/src/CondFormats/Serialization/interface/Test.h:47:6: note: template<class T> void testSerialization()
 void testSerialization()
      ^
/cvmfs/cms.cern.ch/slc6_amd64_gcc491/cms/cmssw/CMSSW_7_5_0_pre1/src/CondFormats/Serialization/interface/Test.h:47:6: note:   template argument deduction/substitution failed:
/afs/cern.ch/user/t/tjames/cmssw/CMSSW_7_5_0_pre1/src/CondFormats/L1TObjects/test/testSerializationL1TObjects.cpp:116:67: error: template argument 1 is invalid
     testSerialization<std::vector<std::vector<L1GtBptxTemplate>>>();
                                                                   ^
/afs/cern.ch/user/t/tjames/cmssw/CMSSW_7_5_0_pre1/src/CondFormats/L1TObjects/test/testSerializationL1TObjects.cpp:117:47: error: the value of 'L1GtCaloTemplate' is not usable in a constant expression
     testSerialization<std::vector<std::vector<L1GtCaloTemplate>>>();
                                               ^
/afs/cern.ch/user/t/tjames/cmssw/CMSSW_7_5_0_pre1/src/CondFormats/L1TObjects/test/testSerializationL1TObjects.cpp:19:23: note: 'L1GtCaloTemplate' was not declared 'constexpr'
     testSerialization<L1GtCaloTemplate>();
                       ^
/afs/cern.ch/user/t/tjames/cmssw/CMSSW_7_5_0_pre1/src/CondFormats/L1TObjects/test/testSerializationL1TObjects.cpp:117:47: error: type/value mismatch at argument 1 in template parameter list for 'template<class _Tp, class _Alloc> class std::vector'
     testSerialization<std::vector<std::vector<L1GtCaloTemplate>>>();
                                               ^
/afs/cern.ch/user/t/tjames/cmssw/CMSSW_7_5_0_pre1/src/CondFormats/L1TObjects/test/testSerializationL1TObjects.cpp:117:47: error:   expected a type, got 'L1GtCaloTemplate'
/afs/cern.ch/user/t/tjames/cmssw/CMSSW_7_5_0_pre1/src/CondFormats/L1TObjects/test/testSerializationL1TObjects.cpp:117:47: error: template argument 2 is invalid
/afs/cern.ch/user/t/tjames/cmssw/CMSSW_7_5_0_pre1/src/CondFormats/L1TObjects/test/testSerializationL1TObjects.cpp:117:63: error: template argument 1 is invalid
     testSerialization<std::vector<std::vector<L1GtCaloTemplate>>>();
                                                               ^
/afs/cern.ch/user/t/tjames/cmssw/CMSSW_7_5_0_pre1/src/CondFormats/L1TObjects/test/testSerializationL1TObjects.cpp:117:63: error: template argument 2 is invalid
/afs/cern.ch/user/t/tjames/cmssw/CMSSW_7_5_0_pre1/src/CondFormats/L1TObjects/test/testSerializationL1TObjects.cpp:117:67: error: no matching function for call to 'testSerialization()'
     testSerialization<std::vector<std::vector<L1GtCaloTemplate>>>();
                                                                   ^
/afs/cern.ch/user/t/tjames/cmssw/CMSSW_7_5_0_pre1/src/CondFormats/L1TObjects/test/testSerializationL1TObjects.cpp:117:67: note: candidate is:
In file included from /afs/cern.ch/user/t/tjames/cmssw/CMSSW_7_5_0_pre1/src/CondFormats/L1TObjects/test/testSerializationL1TObjects.cpp:1:0:
/cvmfs/cms.cern.ch/slc6_amd64_gcc491/cms/cmssw/CMSSW_7_5_0_pre1/src/CondFormats/Serialization/interface/Test.h:47:6: note: template<class T> void testSerialization()
 void testSerialization()
      ^
/cvmfs/cms.cern.ch/slc6_amd64_gcc491/cms/cmssw/CMSSW_7_5_0_pre1/src/CondFormats/Serialization/interface/Test.h:47:6: note:   template argument deduction/substitution failed:
/afs/cern.ch/user/t/tjames/cmssw/CMSSW_7_5_0_pre1/src/CondFormats/L1TObjects/test/testSerializationL1TObjects.cpp:117:67: error: template argument 1 is invalid
     testSerialization<std::vector<std::vector<L1GtCaloTemplate>>>();
                                                                   ^
/afs/cern.ch/user/t/tjames/cmssw/CMSSW_7_5_0_pre1/src/CondFormats/L1TObjects/test/testSerializationL1TObjects.cpp:118:47: error: the value of 'L1GtCastorTemplate' is not usable in a constant expression
     testSerialization<std::vector<std::vector<L1GtCastorTemplate>>>();
                                               ^
/afs/cern.ch/user/t/tjames/cmssw/CMSSW_7_5_0_pre1/src/CondFormats/L1TObjects/test/testSerializationL1TObjects.cpp:22:23: note: 'L1GtCastorTemplate' was not declared 'constexpr'
     testSerialization<L1GtCastorTemplate>();
                       ^
/afs/cern.ch/user/t/tjames/cmssw/CMSSW_7_5_0_pre1/src/CondFormats/L1TObjects/test/testSerializationL1TObjects.cpp:118:47: error: type/value mismatch at argument 1 in template parameter list for 'template<class _Tp, class _Alloc> class std::vector'
     testSerialization<std::vector<std::vector<L1GtCastorTemplate>>>();
                                               ^
/afs/cern.ch/user/t/tjames/cmssw/CMSSW_7_5_0_pre1/src/CondFormats/L1TObjects/test/testSerializationL1TObjects.cpp:118:47: error:   expected a type, got 'L1GtCastorTemplate'
/afs/cern.ch/user/t/tjames/cmssw/CMSSW_7_5_0_pre1/src/CondFormats/L1TObjects/test/testSerializationL1TObjects.cpp:118:47: error: template argument 2 is invalid
/afs/cern.ch/user/t/tjames/cmssw/CMSSW_7_5_0_pre1/src/CondFormats/L1TObjects/test/testSerializationL1TObjects.cpp:118:65: error: template argument 1 is invalid
     testSerialization<std::vector<std::vector<L1GtCastorTemplate>>>();
                                                                 ^
/afs/cern.ch/user/t/tjames/cmssw/CMSSW_7_5_0_pre1/src/CondFormats/L1TObjects/test/testSerializationL1TObjects.cpp:118:65: error: template argument 2 is invalid
/afs/cern.ch/user/t/tjames/cmssw/CMSSW_7_5_0_pre1/src/CondFormats/L1TObjects/test/testSerializationL1TObjects.cpp:118:69: error: no matching function for call to 'testSerialization()'
     testSerialization<std::vector<std::vector<L1GtCastorTemplate>>>();
                                                                     ^
/afs/cern.ch/user/t/tjames/cmssw/CMSSW_7_5_0_pre1/src/CondFormats/L1TObjects/test/testSerializationL1TObjects.cpp:118:69: note: candidate is:
In file included from /afs/cern.ch/user/t/tjames/cmssw/CMSSW_7_5_0_pre1/src/CondFormats/L1TObjects/test/testSerializationL1TObjects.cpp:1:0:
/cvmfs/cms.cern.ch/slc6_amd64_gcc491/cms/cmssw/CMSSW_7_5_0_pre1/src/CondFormats/Serialization/interface/Test.h:47:6: note: template<class T> void testSerialization()
 void testSerialization()
      ^
/cvmfs/cms.cern.ch/slc6_amd64_gcc491/cms/cmssw/CMSSW_7_5_0_pre1/src/CondFormats/Serialization/interface/Test.h:47:6: note:   template argument deduction/substitution failed:
/afs/cern.ch/user/t/tjames/cmssw/CMSSW_7_5_0_pre1/src/CondFormats/L1TObjects/test/testSerializationL1TObjects.cpp:118:69: error: template argument 1 is invalid
     testSerialization<std::vector<std::vector<L1GtCastorTemplate>>>();
                                                                     ^
/afs/cern.ch/user/t/tjames/cmssw/CMSSW_7_5_0_pre1/src/CondFormats/L1TObjects/test/testSerializationL1TObjects.cpp:119:47: error: the value of 'L1GtCorrelationTemplate' is not usable in a constant expression
     testSerialization<std::vector<std::vector<L1GtCorrelationTemplate>>>();
                                               ^
/afs/cern.ch/user/t/tjames/cmssw/CMSSW_7_5_0_pre1/src/CondFormats/L1TObjects/test/testSerializationL1TObjects.cpp:24:23: note: 'L1GtCorrelationTemplate' was not declared 'constexpr'
     testSerialization<L1GtCorrelationTemplate>();
                       ^
/afs/cern.ch/user/t/tjames/cmssw/CMSSW_7_5_0_pre1/src/CondFormats/L1TObjects/test/testSerializationL1TObjects.cpp:119:47: error: type/value mismatch at argument 1 in template parameter list for 'template<class _Tp, class _Alloc> class std::vector'
     testSerialization<std::vector<std::vector<L1GtCorrelationTemplate>>>();
                                               ^
/afs/cern.ch/user/t/tjames/cmssw/CMSSW_7_5_0_pre1/src/CondFormats/L1TObjects/test/testSerializationL1TObjects.cpp:119:47: error:   expected a type, got 'L1GtCorrelationTemplate'
/afs/cern.ch/user/t/tjames/cmssw/CMSSW_7_5_0_pre1/src/CondFormats/L1TObjects/test/testSerializationL1TObjects.cpp:119:47: error: template argument 2 is invalid
/afs/cern.ch/user/t/tjames/cmssw/CMSSW_7_5_0_pre1/src/CondFormats/L1TObjects/test/testSerializationL1TObjects.cpp:119:70: error: template argument 1 is invalid
     testSerialization<std::vector<std::vector<L1GtCorrelationTemplate>>>();
                                                                      ^
/afs/cern.ch/user/t/tjames/cmssw/CMSSW_7_5_0_pre1/src/CondFormats/L1TObjects/test/testSerializationL1TObjects.cpp:119:70: error: template argument 2 is invalid
/afs/cern.ch/user/t/tjames/cmssw/CMSSW_7_5_0_pre1/src/CondFormats/L1TObjects/test/testSerializationL1TObjects.cpp:119:74: error: no matching function for call to 'testSerialization()'
     testSerialization<std::vector<std::vector<L1GtCorrelationTemplate>>>();
                                                                          ^
/afs/cern.ch/user/t/tjames/cmssw/CMSSW_7_5_0_pre1/src/CondFormats/L1TObjects/test/testSerializationL1TObjects.cpp:119:74: note: candidate is:
In file included from /afs/cern.ch/user/t/tjames/cmssw/CMSSW_7_5_0_pre1/src/CondFormats/L1TObjects/test/testSerializationL1TObjects.cpp:1:0:
/cvmfs/cms.cern.ch/slc6_amd64_gcc491/cms/cmssw/CMSSW_7_5_0_pre1/src/CondFormats/Serialization/interface/Test.h:47:6: note: template<class T> void testSerialization()
 void testSerialization()
      ^
/cvmfs/cms.cern.ch/slc6_amd64_gcc491/cms/cmssw/CMSSW_7_5_0_pre1/src/CondFormats/Serialization/interface/Test.h:47:6: note:   template argument deduction/substitution failed:
/afs/cern.ch/user/t/tjames/cmssw/CMSSW_7_5_0_pre1/src/CondFormats/L1TObjects/test/testSerializationL1TObjects.cpp:119:74: error: template argument 1 is invalid
     testSerialization<std::vector<std::vector<L1GtCorrelationTemplate>>>();
                                                                          ^
/afs/cern.ch/user/t/tjames/cmssw/CMSSW_7_5_0_pre1/src/CondFormats/L1TObjects/test/testSerializationL1TObjects.cpp:120:47: error: the value of 'L1GtEnergySumTemplate' is not usable in a constant expression
     testSerialization<std::vector<std::vector<L1GtEnergySumTemplate>>>();
                                               ^
/afs/cern.ch/user/t/tjames/cmssw/CMSSW_7_5_0_pre1/src/CondFormats/L1TObjects/test/testSerializationL1TObjects.cpp:26:23: note: 'L1GtEnergySumTemplate' was not declared 'constexpr'
     testSerialization<L1GtEnergySumTemplate>();
                       ^
/afs/cern.ch/user/t/tjames/cmssw/CMSSW_7_5_0_pre1/src/CondFormats/L1TObjects/test/testSerializationL1TObjects.cpp:120:47: error: type/value mismatch at argument 1 in template parameter list for 'template<class _Tp, class _Alloc> class std::vector'
     testSerialization<std::vector<std::vector<L1GtEnergySumTemplate>>>();
                                               ^
/afs/cern.ch/user/t/tjames/cmssw/CMSSW_7_5_0_pre1/src/CondFormats/L1TObjects/test/testSerializationL1TObjects.cpp:120:47: error:   expected a type, got 'L1GtEnergySumTemplate'
/afs/cern.ch/user/t/tjames/cmssw/CMSSW_7_5_0_pre1/src/CondFormats/L1TObjects/test/testSerializationL1TObjects.cpp:120:47: error: template argument 2 is invalid
/afs/cern.ch/user/t/tjames/cmssw/CMSSW_7_5_0_pre1/src/CondFormats/L1TObjects/test/testSerializationL1TObjects.cpp:120:68: error: template argument 1 is invalid
     testSerialization<std::vector<std::vector<L1GtEnergySumTemplate>>>();
                                                                    ^
/afs/cern.ch/user/t/tjames/cmssw/CMSSW_7_5_0_pre1/src/CondFormats/L1TObjects/test/testSerializationL1TObjects.cpp:120:68: error: template argument 2 is invalid
/afs/cern.ch/user/t/tjames/cmssw/CMSSW_7_5_0_pre1/src/CondFormats/L1TObjects/test/testSerializationL1TObjects.cpp:120:72: error: no matching function for call to 'testSerialization()'
     testSerialization<std::vector<std::vector<L1GtEnergySumTemplate>>>();
                                                                        ^
/afs/cern.ch/user/t/tjames/cmssw/CMSSW_7_5_0_pre1/src/CondFormats/L1TObjects/test/testSerializationL1TObjects.cpp:120:72: note: candidate is:
In file included from /afs/cern.ch/user/t/tjames/cmssw/CMSSW_7_5_0_pre1/src/CondFormats/L1TObjects/test/testSerializationL1TObjects.cpp:1:0:
/cvmfs/cms.cern.ch/slc6_amd64_gcc491/cms/cmssw/CMSSW_7_5_0_pre1/src/CondFormats/Serialization/interface/Test.h:47:6: note: template<class T> void testSerialization()
 void testSerialization()
      ^
/cvmfs/cms.cern.ch/slc6_amd64_gcc491/cms/cmssw/CMSSW_7_5_0_pre1/src/CondFormats/Serialization/interface/Test.h:47:6: note:   template argument deduction/substitution failed:
/afs/cern.ch/user/t/tjames/cmssw/CMSSW_7_5_0_pre1/src/CondFormats/L1TObjects/test/testSerializationL1TObjects.cpp:120:72: error: template argument 1 is invalid
     testSerialization<std::vector<std::vector<L1GtEnergySumTemplate>>>();
                                                                        ^
/afs/cern.ch/user/t/tjames/cmssw/CMSSW_7_5_0_pre1/src/CondFormats/L1TObjects/test/testSerializationL1TObjects.cpp:121:47: error: the value of 'L1GtExternalTemplate' is not usable in a constant expression
     testSerialization<std::vector<std::vector<L1GtExternalTemplate>>>();
                                               ^
/afs/cern.ch/user/t/tjames/cmssw/CMSSW_7_5_0_pre1/src/CondFormats/L1TObjects/test/testSerializationL1TObjects.cpp:28:23: note: 'L1GtExternalTemplate' was not declared 'constexpr'
     testSerialization<L1GtExternalTemplate>();
                       ^
/afs/cern.ch/user/t/tjames/cmssw/CMSSW_7_5_0_pre1/src/CondFormats/L1TObjects/test/testSerializationL1TObjects.cpp:121:47: error: type/value mismatch at argument 1 in template parameter list for 'template<class _Tp, class _Alloc> class std::vector'
     testSerialization<std::vector<std::vector<L1GtExternalTemplate>>>();
                                               ^
/afs/cern.ch/user/t/tjames/cmssw/CMSSW_7_5_0_pre1/src/CondFormats/L1TObjects/test/testSerializationL1TObjects.cpp:121:47: error:   expected a type, got 'L1GtExternalTemplate'
/afs/cern.ch/user/t/tjames/cmssw/CMSSW_7_5_0_pre1/src/CondFormats/L1TObjects/test/testSerializationL1TObjects.cpp:121:47: error: template argument 2 is invalid
/afs/cern.ch/user/t/tjames/cmssw/CMSSW_7_5_0_pre1/src/CondFormats/L1TObjects/test/testSerializationL1TObjects.cpp:121:67: error: template argument 1 is invalid
     testSerialization<std::vector<std::vector<L1GtExternalTemplate>>>();
                                                                   ^
/afs/cern.ch/user/t/tjames/cmssw/CMSSW_7_5_0_pre1/src/CondFormats/L1TObjects/test/testSerializationL1TObjects.cpp:121:67: error: template argument 2 is invalid
/afs/cern.ch/user/t/tjames/cmssw/CMSSW_7_5_0_pre1/src/CondFormats/L1TObjects/test/testSerializationL1TObjects.cpp:121:71: error: no matching function for call to 'testSerialization()'
     testSerialization<std::vector<std::vector<L1GtExternalTemplate>>>();
                                                                       ^
/afs/cern.ch/user/t/tjames/cmssw/CMSSW_7_5_0_pre1/src/CondFormats/L1TObjects/test/testSerializationL1TObjects.cpp:121:71: note: candidate is:
In file included from /afs/cern.ch/user/t/tjames/cmssw/CMSSW_7_5_0_pre1/src/CondFormats/L1TObjects/test/testSerializationL1TObjects.cpp:1:0:
/cvmfs/cms.cern.ch/slc6_amd64_gcc491/cms/cmssw/CMSSW_7_5_0_pre1/src/CondFormats/Serialization/interface/Test.h:47:6: note: template<class T> void testSerialization()
 void testSerialization()
      ^
/cvmfs/cms.cern.ch/slc6_amd64_gcc491/cms/cmssw/CMSSW_7_5_0_pre1/src/CondFormats/Serialization/interface/Test.h:47:6: note:   template argument deduction/substitution failed:
/afs/cern.ch/user/t/tjames/cmssw/CMSSW_7_5_0_pre1/src/CondFormats/L1TObjects/test/testSerializationL1TObjects.cpp:121:71: error: template argument 1 is invalid
     testSerialization<std::vector<std::vector<L1GtExternalTemplate>>>();
                                                                       ^
/afs/cern.ch/user/t/tjames/cmssw/CMSSW_7_5_0_pre1/src/CondFormats/L1TObjects/test/testSerializationL1TObjects.cpp:122:47: error: the value of 'L1GtHfBitCountsTemplate' is not usable in a constant expression
     testSerialization<std::vector<std::vector<L1GtHfBitCountsTemplate>>>();
                                               ^
/afs/cern.ch/user/t/tjames/cmssw/CMSSW_7_5_0_pre1/src/CondFormats/L1TObjects/test/testSerializationL1TObjects.cpp:29:23: note: 'L1GtHfBitCountsTemplate' was not declared 'constexpr'
     testSerialization<L1GtHfBitCountsTemplate>();
                       ^
/afs/cern.ch/user/t/tjames/cmssw/CMSSW_7_5_0_pre1/src/CondFormats/L1TObjects/test/testSerializationL1TObjects.cpp:122:47: error: type/value mismatch at argument 1 in template parameter list for 'template<class _Tp, class _Alloc> class std::vector'
     testSerialization<std::vector<std::vector<L1GtHfBitCountsTemplate>>>();
                                               ^
/afs/cern.ch/user/t/tjames/cmssw/CMSSW_7_5_0_pre1/src/CondFormats/L1TObjects/test/testSerializationL1TObjects.cpp:122:47: error:   expected a type, got 'L1GtHfBitCountsTemplate'
/afs/cern.ch/user/t/tjames/cmssw/CMSSW_7_5_0_pre1/src/CondFormats/L1TObjects/test/testSerializationL1TObjects.cpp:122:47: error: template argument 2 is invalid
/afs/cern.ch/user/t/tjames/cmssw/CMSSW_7_5_0_pre1/src/CondFormats/L1TObjects/test/testSerializationL1TObjects.cpp:122:70: error: template argument 1 is invalid
     testSerialization<std::vector<std::vector<L1GtHfBitCountsTemplate>>>();
                                                                      ^
/afs/cern.ch/user/t/tjames/cmssw/CMSSW_7_5_0_pre1/src/CondFormats/L1TObjects/test/testSerializationL1TObjects.cpp:122:70: error: template argument 2 is invalid
/afs/cern.ch/user/t/tjames/cmssw/CMSSW_7_5_0_pre1/src/CondFormats/L1TObjects/test/testSerializationL1TObjects.cpp:122:74: error: no matching function for call to 'testSerialization()'
     testSerialization<std::vector<std::vector<L1GtHfBitCountsTemplate>>>();
                                                                          ^
/afs/cern.ch/user/t/tjames/cmssw/CMSSW_7_5_0_pre1/src/CondFormats/L1TObjects/test/testSerializationL1TObjects.cpp:122:74: note: candidate is:
In file included from /afs/cern.ch/user/t/tjames/cmssw/CMSSW_7_5_0_pre1/src/CondFormats/L1TObjects/test/testSerializationL1TObjects.cpp:1:0:
/cvmfs/cms.cern.ch/slc6_amd64_gcc491/cms/cmssw/CMSSW_7_5_0_pre1/src/CondFormats/Serialization/interface/Test.h:47:6: note: template<class T> void testSerialization()
 void testSerialization()
      ^
/cvmfs/cms.cern.ch/slc6_amd64_gcc491/cms/cmssw/CMSSW_7_5_0_pre1/src/CondFormats/Serialization/interface/Test.h:47:6: note:   template argument deduction/substitution failed:
/afs/cern.ch/user/t/tjames/cmssw/CMSSW_7_5_0_pre1/src/CondFormats/L1TObjects/test/testSerializationL1TObjects.cpp:122:74: error: template argument 1 is invalid
     testSerialization<std::vector<std::vector<L1GtHfBitCountsTemplate>>>();
                                                                          ^
/afs/cern.ch/user/t/tjames/cmssw/CMSSW_7_5_0_pre1/src/CondFormats/L1TObjects/test/testSerializationL1TObjects.cpp:123:47: error: the value of 'L1GtHfRingEtSumsTemplate' is not usable in a constant expression
     testSerialization<std::vector<std::vector<L1GtHfRingEtSumsTemplate>>>();
                                               ^
/afs/cern.ch/user/t/tjames/cmssw/CMSSW_7_5_0_pre1/src/CondFormats/L1TObjects/test/testSerializationL1TObjects.cpp:31:23: note: 'L1GtHfRingEtSumsTemplate' was not declared 'constexpr'
     testSerialization<L1GtHfRingEtSumsTemplate>();
                       ^
/afs/cern.ch/user/t/tjames/cmssw/CMSSW_7_5_0_pre1/src/CondFormats/L1TObjects/test/testSerializationL1TObjects.cpp:123:47: error: type/value mismatch at argument 1 in template parameter list for 'template<class _Tp, class _Alloc> class std::vector'
     testSerialization<std::vector<std::vector<L1GtHfRingEtSumsTemplate>>>();
                                               ^
/afs/cern.ch/user/t/tjames/cmssw/CMSSW_7_5_0_pre1/src/CondFormats/L1TObjects/test/testSerializationL1TObjects.cpp:123:47: error:   expected a type, got 'L1GtHfRingEtSumsTemplate'
/afs/cern.ch/user/t/tjames/cmssw/CMSSW_7_5_0_pre1/src/CondFormats/L1TObjects/test/testSerializationL1TObjects.cpp:123:47: error: template argument 2 is invalid
/afs/cern.ch/user/t/tjames/cmssw/CMSSW_7_5_0_pre1/src/CondFormats/L1TObjects/test/testSerializationL1TObjects.cpp:123:71: error: template argument 1 is invalid
     testSerialization<std::vector<std::vector<L1GtHfRingEtSumsTemplate>>>();
                                                                       ^
/afs/cern.ch/user/t/tjames/cmssw/CMSSW_7_5_0_pre1/src/CondFormats/L1TObjects/test/testSerializationL1TObjects.cpp:123:71: error: template argument 2 is invalid
/afs/cern.ch/user/t/tjames/cmssw/CMSSW_7_5_0_pre1/src/CondFormats/L1TObjects/test/testSerializationL1TObjects.cpp:123:75: error: no matching function for call to 'testSerialization()'
     testSerialization<std::vector<std::vector<L1GtHfRingEtSumsTemplate>>>();
                                                                           ^
/afs/cern.ch/user/t/tjames/cmssw/CMSSW_7_5_0_pre1/src/CondFormats/L1TObjects/test/testSerializationL1TObjects.cpp:123:75: note: candidate is:
In file included from /afs/cern.ch/user/t/tjames/cmssw/CMSSW_7_5_0_pre1/src/CondFormats/L1TObjects/test/testSerializationL1TObjects.cpp:1:0:
/cvmfs/cms.cern.ch/slc6_amd64_gcc491/cms/cmssw/CMSSW_7_5_0_pre1/src/CondFormats/Serialization/interface/Test.h:47:6: note: template<class T> void testSerialization()
 void testSerialization()
      ^
/cvmfs/cms.cern.ch/slc6_amd64_gcc491/cms/cmssw/CMSSW_7_5_0_pre1/src/CondFormats/Serialization/interface/Test.h:47:6: note:   template argument deduction/substitution failed:
/afs/cern.ch/user/t/tjames/cmssw/CMSSW_7_5_0_pre1/src/CondFormats/L1TObjects/test/testSerializationL1TObjects.cpp:123:75: error: template argument 1 is invalid
     testSerialization<std::vector<std::vector<L1GtHfRingEtSumsTemplate>>>();
                                                                           ^
/afs/cern.ch/user/t/tjames/cmssw/CMSSW_7_5_0_pre1/src/CondFormats/L1TObjects/test/testSerializationL1TObjects.cpp:124:47: error: the value of 'L1GtJetCountsTemplate' is not usable in a constant expression
     testSerialization<std::vector<std::vector<L1GtJetCountsTemplate>>>();
                                               ^
/afs/cern.ch/user/t/tjames/cmssw/CMSSW_7_5_0_pre1/src/CondFormats/L1TObjects/test/testSerializationL1TObjects.cpp:33:23: note: 'L1GtJetCountsTemplate' was not declared 'constexpr'
     testSerialization<L1GtJetCountsTemplate>();
                       ^
/afs/cern.ch/user/t/tjames/cmssw/CMSSW_7_5_0_pre1/src/CondFormats/L1TObjects/test/testSerializationL1TObjects.cpp:124:47: error: type/value mismatch at argument 1 in template parameter list for 'template<class _Tp, class _Alloc> class std::vector'
     testSerialization<std::vector<std::vector<L1GtJetCountsTemplate>>>();
                                               ^
/afs/cern.ch/user/t/tjames/cmssw/CMSSW_7_5_0_pre1/src/CondFormats/L1TObjects/test/testSerializationL1TObjects.cpp:124:47: error:   expected a type, got 'L1GtJetCountsTemplate'
/afs/cern.ch/user/t/tjames/cmssw/CMSSW_7_5_0_pre1/src/CondFormats/L1TObjects/test/testSerializationL1TObjects.cpp:124:47: error: template argument 2 is invalid
/afs/cern.ch/user/t/tjames/cmssw/CMSSW_7_5_0_pre1/src/CondFormats/L1TObjects/test/testSerializationL1TObjects.cpp:124:68: error: template argument 1 is invalid
     testSerialization<std::vector<std::vector<L1GtJetCountsTemplate>>>();
                                                                    ^
/afs/cern.ch/user/t/tjames/cmssw/CMSSW_7_5_0_pre1/src/CondFormats/L1TObjects/test/testSerializationL1TObjects.cpp:124:68: error: template argument 2 is invalid
/afs/cern.ch/user/t/tjames/cmssw/CMSSW_7_5_0_pre1/src/CondFormats/L1TObjects/test/testSerializationL1TObjects.cpp:124:72: error: no matching function for call to 'testSerialization()'
     testSerialization<std::vector<std::vector<L1GtJetCountsTemplate>>>();
                                                                        ^
/afs/cern.ch/user/t/tjames/cmssw/CMSSW_7_5_0_pre1/src/CondFormats/L1TObjects/test/testSerializationL1TObjects.cpp:124:72: note: candidate is:
In file included from /afs/cern.ch/user/t/tjames/cmssw/CMSSW_7_5_0_pre1/src/CondFormats/L1TObjects/test/testSerializationL1TObjects.cpp:1:0:
/cvmfs/cms.cern.ch/slc6_amd64_gcc491/cms/cmssw/CMSSW_7_5_0_pre1/src/CondFormats/Serialization/interface/Test.h:47:6: note: template<class T> void testSerialization()
 void testSerialization()
      ^
/cvmfs/cms.cern.ch/slc6_amd64_gcc491/cms/cmssw/CMSSW_7_5_0_pre1/src/CondFormats/Serialization/interface/Test.h:47:6: note:   template argument deduction/substitution failed:
/afs/cern.ch/user/t/tjames/cmssw/CMSSW_7_5_0_pre1/src/CondFormats/L1TObjects/test/testSerializationL1TObjects.cpp:124:72: error: template argument 1 is invalid
     testSerialization<std::vector<std::vector<L1GtJetCountsTemplate>>>();
                                                                        ^
/afs/cern.ch/user/t/tjames/cmssw/CMSSW_7_5_0_pre1/src/CondFormats/L1TObjects/test/testSerializationL1TObjects.cpp:125:47: error: the value of 'L1GtMuonTemplate' is not usable in a constant expression
     testSerialization<std::vector<std::vector<L1GtMuonTemplate>>>();
                                               ^
/afs/cern.ch/user/t/tjames/cmssw/CMSSW_7_5_0_pre1/src/CondFormats/L1TObjects/test/testSerializationL1TObjects.cpp:35:23: note: 'L1GtMuonTemplate' was not declared 'constexpr'
     testSerialization<L1GtMuonTemplate>();
                       ^
/afs/cern.ch/user/t/tjames/cmssw/CMSSW_7_5_0_pre1/src/CondFormats/L1TObjects/test/testSerializationL1TObjects.cpp:125:47: error: type/value mismatch at argument 1 in template parameter list for 'template<class _Tp, class _Alloc> class std::vector'
     testSerialization<std::vector<std::vector<L1GtMuonTemplate>>>();
                                               ^
/afs/cern.ch/user/t/tjames/cmssw/CMSSW_7_5_0_pre1/src/CondFormats/L1TObjects/test/testSerializationL1TObjects.cpp:125:47: error:   expected a type, got 'L1GtMuonTemplate'
/afs/cern.ch/user/t/tjames/cmssw/CMSSW_7_5_0_pre1/src/CondFormats/L1TObjects/test/testSerializationL1TObjects.cpp:125:47: error: template argument 2 is invalid
/afs/cern.ch/user/t/tjames/cmssw/CMSSW_7_5_0_pre1/src/CondFormats/L1TObjects/test/testSerializationL1TObjects.cpp:125:63: error: template argument 1 is invalid
     testSerialization<std::vector<std::vector<L1GtMuonTemplate>>>();
                                                               ^
/afs/cern.ch/user/t/tjames/cmssw/CMSSW_7_5_0_pre1/src/CondFormats/L1TObjects/test/testSerializationL1TObjects.cpp:125:63: error: template argument 2 is invalid
/afs/cern.ch/user/t/tjames/cmssw/CMSSW_7_5_0_pre1/src/CondFormats/L1TObjects/test/testSerializationL1TObjects.cpp:125:67: error: no matching function for call to 'testSerialization()'
     testSerialization<std::vector<std::vector<L1GtMuonTemplate>>>();
                                                                   ^
/afs/cern.ch/user/t/tjames/cmssw/CMSSW_7_5_0_pre1/src/CondFormats/L1TObjects/test/testSerializationL1TObjects.cpp:125:67: note: candidate is:
In file included from /afs/cern.ch/user/t/tjames/cmssw/CMSSW_7_5_0_pre1/src/CondFormats/L1TObjects/test/testSerializationL1TObjects.cpp:1:0:
/cvmfs/cms.cern.ch/slc6_amd64_gcc491/cms/cmssw/CMSSW_7_5_0_pre1/src/CondFormats/Serialization/interface/Test.h:47:6: note: template<class T> void testSerialization()
 void testSerialization()
      ^
/cvmfs/cms.cern.ch/slc6_amd64_gcc491/cms/cmssw/CMSSW_7_5_0_pre1/src/CondFormats/Serialization/interface/Test.h:47:6: note:   template argument deduction/substitution failed:
/afs/cern.ch/user/t/tjames/cmssw/CMSSW_7_5_0_pre1/src/CondFormats/L1TObjects/test/testSerializationL1TObjects.cpp:125:67: error: template argument 1 is invalid
     testSerialization<std::vector<std::vector<L1GtMuonTemplate>>>();
                                                                   ^
gmake: *** [tmp/slc6_amd64_gcc491/src/CondFormats/L1TObjects/test/testSerializationL1TObjects/testSerializationL1TObjects.o] Error 1
gmake: *** [There are compilation/build errors. Please see the detail log above.] Error 2
